[     529ms] [WARNING] Mixed Content: The page at 'https://feedly.com/cve/CVE-2026-44551' was loaded over HTTPS, but requested an insecure element 'http://db.gcve.eu/static/img/VL-verti-white-bg-1200x630.png'. This request was automatically upgraded to HTTPS, For more information see https://blog.chromium.org/2019/10/no-more-mixed-messages-about-https.html @ https://feedly.com/cve/CVE-2026-44551:0
[     641ms] Error: Minified React error #425; visit https://reactjs.org/docs/error-decoder.html?invariant=425 for the full message or use the non-minified dev environment for full errors and additional helpful warnings.
    at rh (https://feedly.com/cve/_next/static/chunks/framework-c6c82aad00023883.js:1:40258)
    at https://feedly.com/cve/_next/static/chunks/framework-c6c82aad00023883.js:1:103478
    at oD (https://feedly.com/cve/_next/static/chunks/framework-c6c82aad00023883.js:1:106228)
    at oO (https://feedly.com/cve/_next/static/chunks/framework-c6c82aad00023883.js:1:99176)
    at https://feedly.com/cve/_next/static/chunks/framework-c6c82aad00023883.js:1:98983
    at oF (https://feedly.com/cve/_next/static/chunks/framework-c6c82aad00023883.js:1:98990)
    at oS (https://feedly.com/cve/_next/static/chunks/framework-c6c82aad00023883.js:1:94029)
    at x (https://feedly.com/cve/_next/static/chunks/framework-c6c82aad00023883.js:1:137526)
    at MessagePort.T (https://feedly.com/cve/_next/static/chunks/framework-c6c82aad00023883.js:1:138056)
[     641ms] Error: Minified React error #418; visit https://reactjs.org/docs/error-decoder.html?invariant=418 for the full message or use the non-minified dev environment for full errors and additional helpful warnings.
    at lg (https://feedly.com/cve/_next/static/chunks/framework-c6c82aad00023883.js:1:46554)
    at i (https://feedly.com/cve/_next/static/chunks/framework-c6c82aad00023883.js:1:121149)
    at oO (https://feedly.com/cve/_next/static/chunks/framework-c6c82aad00023883.js:1:99116)
    at https://feedly.com/cve/_next/static/chunks/framework-c6c82aad00023883.js:1:98983
    at oF (https://feedly.com/cve/_next/static/chunks/framework-c6c82aad00023883.js:1:98990)
    at oS (https://feedly.com/cve/_next/static/chunks/framework-c6c82aad00023883.js:1:94029)
    at x (https://feedly.com/cve/_next/static/chunks/framework-c6c82aad00023883.js:1:137526)
    at MessagePort.T (https://feedly.com/cve/_next/static/chunks/framework-c6c82aad00023883.js:1:138056)
[     641ms] Error: Minified React error #418; visit https://reactjs.org/docs/error-decoder.html?invariant=418 for the full message or use the non-minified dev environment for full errors and additional helpful warnings.
    at lg (https://feedly.com/cve/_next/static/chunks/framework-c6c82aad00023883.js:1:46554)
    at i (https://feedly.com/cve/_next/static/chunks/framework-c6c82aad00023883.js:1:121149)
    at oO (https://feedly.com/cve/_next/static/chunks/framework-c6c82aad00023883.js:1:99116)
    at https://feedly.com/cve/_next/static/chunks/framework-c6c82aad00023883.js:1:98983
    at oF (https://feedly.com/cve/_next/static/chunks/framework-c6c82aad00023883.js:1:98990)
    at oS (https://feedly.com/cve/_next/static/chunks/framework-c6c82aad00023883.js:1:94029)
    at x (https://feedly.com/cve/_next/static/chunks/framework-c6c82aad00023883.js:1:137526)
    at MessagePort.T (https://feedly.com/cve/_next/static/chunks/framework-c6c82aad00023883.js:1:138056)
[     641ms] Error: Minified React error #418; visit https://reactjs.org/docs/error-decoder.html?invariant=418 for the full message or use the non-minified dev environment for full errors and additional helpful warnings.
    at lg (https://feedly.com/cve/_next/static/chunks/framework-c6c82aad00023883.js:1:46554)
    at i (https://feedly.com/cve/_next/static/chunks/framework-c6c82aad00023883.js:1:121149)
    at oO (https://feedly.com/cve/_next/static/chunks/framework-c6c82aad00023883.js:1:99116)
    at https://feedly.com/cve/_next/static/chunks/framework-c6c82aad00023883.js:1:98983
    at oF (https://feedly.com/cve/_next/static/chunks/framework-c6c82aad00023883.js:1:98990)
    at oS (https://feedly.com/cve/_next/static/chunks/framework-c6c82aad00023883.js:1:94029)
    at x (https://feedly.com/cve/_next/static/chunks/framework-c6c82aad00023883.js:1:137526)
    at MessagePort.T (https://feedly.com/cve/_next/static/chunks/framework-c6c82aad00023883.js:1:138056)
[     641ms] Error: Minified React error #418; visit https://reactjs.org/docs/error-decoder.html?invariant=418 for the full message or use the non-minified dev environment for full errors and additional helpful warnings.
    at lg (https://feedly.com/cve/_next/static/chunks/framework-c6c82aad00023883.js:1:46554)
    at i (https://feedly.com/cve/_next/static/chunks/framework-c6c82aad00023883.js:1:121149)
    at oO (https://feedly.com/cve/_next/static/chunks/framework-c6c82aad00023883.js:1:99116)
    at https://feedly.com/cve/_next/static/chunks/framework-c6c82aad00023883.js:1:98983
    at oF (https://feedly.com/cve/_next/static/chunks/framework-c6c82aad00023883.js:1:98990)
    at oS (https://feedly.com/cve/_next/static/chunks/framework-c6c82aad00023883.js:1:94029)
    at x (https://feedly.com/cve/_next/static/chunks/framework-c6c82aad00023883.js:1:137526)
    at MessagePort.T (https://feedly.com/cve/_next/static/chunks/framework-c6c82aad00023883.js:1:138056)
[     641ms] Error: Minified React error #418; visit https://reactjs.org/docs/error-decoder.html?invariant=418 for the full message or use the non-minified dev environment for full errors and additional helpful warnings.
    at lg (https://feedly.com/cve/_next/static/chunks/framework-c6c82aad00023883.js:1:46554)
    at i (https://feedly.com/cve/_next/static/chunks/framework-c6c82aad00023883.js:1:121149)
    at oO (https://feedly.com/cve/_next/static/chunks/framework-c6c82aad00023883.js:1:99116)
    at https://feedly.com/cve/_next/static/chunks/framework-c6c82aad00023883.js:1:98983
    at oF (https://feedly.com/cve/_next/static/chunks/framework-c6c82aad00023883.js:1:98990)
    at oS (https://feedly.com/cve/_next/static/chunks/framework-c6c82aad00023883.js:1:94029)
    at x (https://feedly.com/cve/_next/static/chunks/framework-c6c82aad00023883.js:1:137526)
    at MessagePort.T (https://feedly.com/cve/_next/static/chunks/framework-c6c82aad00023883.js:1:138056)
[     641ms] Error: Minified React error #418; visit https://reactjs.org/docs/error-decoder.html?invariant=418 for the full message or use the non-minified dev environment for full errors and additional helpful warnings.
    at lg (https://feedly.com/cve/_next/static/chunks/framework-c6c82aad00023883.js:1:46554)
    at i (https://feedly.com/cve/_next/static/chunks/framework-c6c82aad00023883.js:1:121149)
    at oO (https://feedly.com/cve/_next/static/chunks/framework-c6c82aad00023883.js:1:99116)
    at https://feedly.com/cve/_next/static/chunks/framework-c6c82aad00023883.js:1:98983
    at oF (https://feedly.com/cve/_next/static/chunks/framework-c6c82aad00023883.js:1:98990)
    at oS (https://feedly.com/cve/_next/static/chunks/framework-c6c82aad00023883.js:1:94029)
    at x (https://feedly.com/cve/_next/static/chunks/framework-c6c82aad00023883.js:1:137526)
    at MessagePort.T (https://feedly.com/cve/_next/static/chunks/framework-c6c82aad00023883.js:1:138056)
[     641ms] Error: Minified React error #418; visit https://reactjs.org/docs/error-decoder.html?invariant=418 for the full message or use the non-minified dev environment for full errors and additional helpful warnings.
    at lg (https://feedly.com/cve/_next/static/chunks/framework-c6c82aad00023883.js:1:46554)
    at i (https://feedly.com/cve/_next/static/chunks/framework-c6c82aad00023883.js:1:121149)
    at oO (https://feedly.com/cve/_next/static/chunks/framework-c6c82aad00023883.js:1:99116)
    at https://feedly.com/cve/_next/static/chunks/framework-c6c82aad00023883.js:1:98983
    at oF (https://feedly.com/cve/_next/static/chunks/framework-c6c82aad00023883.js:1:98990)
    at oS (https://feedly.com/cve/_next/static/chunks/framework-c6c82aad00023883.js:1:94029)
    at x (https://feedly.com/cve/_next/static/chunks/framework-c6c82aad00023883.js:1:137526)
    at MessagePort.T (https://feedly.com/cve/_next/static/chunks/framework-c6c82aad00023883.js:1:138056)
[     641ms] Error: Minified React error #418; visit https://reactjs.org/docs/error-decoder.html?invariant=418 for the full message or use the non-minified dev environment for full errors and additional helpful warnings.
    at lg (https://feedly.com/cve/_next/static/chunks/framework-c6c82aad00023883.js:1:46554)
    at i (https://feedly.com/cve/_next/static/chunks/framework-c6c82aad00023883.js:1:121149)
    at oO (https://feedly.com/cve/_next/static/chunks/framework-c6c82aad00023883.js:1:99116)
    at https://feedly.com/cve/_next/static/chunks/framework-c6c82aad00023883.js:1:98983
    at oF (https://feedly.com/cve/_next/static/chunks/framework-c6c82aad00023883.js:1:98990)
    at oS (https://feedly.com/cve/_next/static/chunks/framework-c6c82aad00023883.js:1:94029)
    at x (https://feedly.com/cve/_next/static/chunks/framework-c6c82aad00023883.js:1:137526)
    at MessagePort.T (https://feedly.com/cve/_next/static/chunks/framework-c6c82aad00023883.js:1:138056)
[     641ms] Error: Minified React error #418; visit https://reactjs.org/docs/error-decoder.html?invariant=418 for the full message or use the non-minified dev environment for full errors and additional helpful warnings.
    at lg (https://feedly.com/cve/_next/static/chunks/framework-c6c82aad00023883.js:1:46554)
    at i (https://feedly.com/cve/_next/static/chunks/framework-c6c82aad00023883.js:1:121149)
    at oO (https://feedly.com/cve/_next/static/chunks/framework-c6c82aad00023883.js:1:99116)
    at https://feedly.com/cve/_next/static/chunks/framework-c6c82aad00023883.js:1:98983
    at oF (https://feedly.com/cve/_next/static/chunks/framework-c6c82aad00023883.js:1:98990)
    at oS (https://feedly.com/cve/_next/static/chunks/framework-c6c82aad00023883.js:1:94029)
    at x (https://feedly.com/cve/_next/static/chunks/framework-c6c82aad00023883.js:1:137526)
    at MessagePort.T (https://feedly.com/cve/_next/static/chunks/framework-c6c82aad00023883.js:1:138056)
[     642ms] Error: Minified React error #418; visit https://reactjs.org/docs/error-decoder.html?invariant=418 for the full message or use the non-minified dev environment for full errors and additional helpful warnings.
    at lg (https://feedly.com/cve/_next/static/chunks/framework-c6c82aad00023883.js:1:46554)
    at i (https://feedly.com/cve/_next/static/chunks/framework-c6c82aad00023883.js:1:121149)
    at oO (https://feedly.com/cve/_next/static/chunks/framework-c6c82aad00023883.js:1:99116)
    at https://feedly.com/cve/_next/static/chunks/framework-c6c82aad00023883.js:1:98983
    at oF (https://feedly.com/cve/_next/static/chunks/framework-c6c82aad00023883.js:1:98990)
    at oS (https://feedly.com/cve/_next/static/chunks/framework-c6c82aad00023883.js:1:94029)
    at x (https://feedly.com/cve/_next/static/chunks/framework-c6c82aad00023883.js:1:137526)
    at MessagePort.T (https://feedly.com/cve/_next/static/chunks/framework-c6c82aad00023883.js:1:138056)
[     642ms] Error: Minified React error #418; visit https://reactjs.org/docs/error-decoder.html?invariant=418 for the full message or use the non-minified dev environment for full errors and additional helpful warnings.
    at lg (https://feedly.com/cve/_next/static/chunks/framework-c6c82aad00023883.js:1:46554)
    at i (https://feedly.com/cve/_next/static/chunks/framework-c6c82aad00023883.js:1:121149)
    at oO (https://feedly.com/cve/_next/static/chunks/framework-c6c82aad00023883.js:1:99116)
    at https://feedly.com/cve/_next/static/chunks/framework-c6c82aad00023883.js:1:98983
    at oF (https://feedly.com/cve/_next/static/chunks/framework-c6c82aad00023883.js:1:98990)
    at oS (https://feedly.com/cve/_next/static/chunks/framework-c6c82aad00023883.js:1:94029)
    at x (https://feedly.com/cve/_next/static/chunks/framework-c6c82aad00023883.js:1:137526)
    at MessagePort.T (https://feedly.com/cve/_next/static/chunks/framework-c6c82aad00023883.js:1:138056)
[     642ms] Error: Minified React error #418; visit https://reactjs.org/docs/error-decoder.html?invariant=418 for the full message or use the non-minified dev environment for full errors and additional helpful warnings.
    at lg (https://feedly.com/cve/_next/static/chunks/framework-c6c82aad00023883.js:1:46554)
    at i (https://feedly.com/cve/_next/static/chunks/framework-c6c82aad00023883.js:1:121149)
    at oO (https://feedly.com/cve/_next/static/chunks/framework-c6c82aad00023883.js:1:99116)
    at https://feedly.com/cve/_next/static/chunks/framework-c6c82aad00023883.js:1:98983
    at oF (https://feedly.com/cve/_next/static/chunks/framework-c6c82aad00023883.js:1:98990)
    at oS (https://feedly.com/cve/_next/static/chunks/framework-c6c82aad00023883.js:1:94029)
    at x (https://feedly.com/cve/_next/static/chunks/framework-c6c82aad00023883.js:1:137526)
    at MessagePort.T (https://feedly.com/cve/_next/static/chunks/framework-c6c82aad00023883.js:1:138056)
[     642ms] Error: Minified React error #418; visit https://reactjs.org/docs/error-decoder.html?invariant=418 for the full message or use the non-minified dev environment for full errors and additional helpful warnings.
    at lg (https://feedly.com/cve/_next/static/chunks/framework-c6c82aad00023883.js:1:46554)
    at i (https://feedly.com/cve/_next/static/chunks/framework-c6c82aad00023883.js:1:121149)
    at oO (https://feedly.com/cve/_next/static/chunks/framework-c6c82aad00023883.js:1:99116)
    at https://feedly.com/cve/_next/static/chunks/framework-c6c82aad00023883.js:1:98983
    at oF (https://feedly.com/cve/_next/static/chunks/framework-c6c82aad00023883.js:1:98990)
    at oS (https://feedly.com/cve/_next/static/chunks/framework-c6c82aad00023883.js:1:94029)
    at x (https://feedly.com/cve/_next/static/chunks/framework-c6c82aad00023883.js:1:137526)
    at MessagePort.T (https://feedly.com/cve/_next/static/chunks/framework-c6c82aad00023883.js:1:138056)
[     642ms] Error: Minified React error #418; visit https://reactjs.org/docs/error-decoder.html?invariant=418 for the full message or use the non-minified dev environment for full errors and additional helpful warnings.
    at lg (https://feedly.com/cve/_next/static/chunks/framework-c6c82aad00023883.js:1:46554)
    at i (https://feedly.com/cve/_next/static/chunks/framework-c6c82aad00023883.js:1:121149)
    at oO (https://feedly.com/cve/_next/static/chunks/framework-c6c82aad00023883.js:1:99116)
    at https://feedly.com/cve/_next/static/chunks/framework-c6c82aad00023883.js:1:98983
    at oF (https://feedly.com/cve/_next/static/chunks/framework-c6c82aad00023883.js:1:98990)
    at oS (https://feedly.com/cve/_next/static/chunks/framework-c6c82aad00023883.js:1:94029)
    at x (https://feedly.com/cve/_next/static/chunks/framework-c6c82aad00023883.js:1:137526)
    at MessagePort.T (https://feedly.com/cve/_next/static/chunks/framework-c6c82aad00023883.js:1:138056)
[     642ms] Error: Minified React error #418; visit https://reactjs.org/docs/error-decoder.html?invariant=418 for the full message or use the non-minified dev environment for full errors and additional helpful warnings.
    at lg (https://feedly.com/cve/_next/static/chunks/framework-c6c82aad00023883.js:1:46554)
    at i (https://feedly.com/cve/_next/static/chunks/framework-c6c82aad00023883.js:1:121149)
    at oO (https://feedly.com/cve/_next/static/chunks/framework-c6c82aad00023883.js:1:99116)
    at https://feedly.com/cve/_next/static/chunks/framework-c6c82aad00023883.js:1:98983
    at oF (https://feedly.com/cve/_next/static/chunks/framework-c6c82aad00023883.js:1:98990)
    at oS (https://feedly.com/cve/_next/static/chunks/framework-c6c82aad00023883.js:1:94029)
    at x (https://feedly.com/cve/_next/static/chunks/framework-c6c82aad00023883.js:1:137526)
    at MessagePort.T (https://feedly.com/cve/_next/static/chunks/framework-c6c82aad00023883.js:1:138056)
[     642ms] Error: Minified React error #418; visit https://reactjs.org/docs/error-decoder.html?invariant=418 for the full message or use the non-minified dev environment for full errors and additional helpful warnings.
    at lg (https://feedly.com/cve/_next/static/chunks/framework-c6c82aad00023883.js:1:46554)
    at i (https://feedly.com/cve/_next/static/chunks/framework-c6c82aad00023883.js:1:121149)
    at oO (https://feedly.com/cve/_next/static/chunks/framework-c6c82aad00023883.js:1:99116)
    at https://feedly.com/cve/_next/static/chunks/framework-c6c82aad00023883.js:1:98983
    at oF (https://feedly.com/cve/_next/static/chunks/framework-c6c82aad00023883.js:1:98990)
    at oS (https://feedly.com/cve/_next/static/chunks/framework-c6c82aad00023883.js:1:94029)
    at x (https://feedly.com/cve/_next/static/chunks/framework-c6c82aad00023883.js:1:137526)
    at MessagePort.T (https://feedly.com/cve/_next/static/chunks/framework-c6c82aad00023883.js:1:138056)
[     642ms] Error: Minified React error #418; visit https://reactjs.org/docs/error-decoder.html?invariant=418 for the full message or use the non-minified dev environment for full errors and additional helpful warnings.
    at lg (https://feedly.com/cve/_next/static/chunks/framework-c6c82aad00023883.js:1:46554)
    at i (https://feedly.com/cve/_next/static/chunks/framework-c6c82aad00023883.js:1:121149)
    at oO (https://feedly.com/cve/_next/static/chunks/framework-c6c82aad00023883.js:1:99116)
    at https://feedly.com/cve/_next/static/chunks/framework-c6c82aad00023883.js:1:98983
    at oF (https://feedly.com/cve/_next/static/chunks/framework-c6c82aad00023883.js:1:98990)
    at oS (https://feedly.com/cve/_next/static/chunks/framework-c6c82aad00023883.js:1:94029)
    at x (https://feedly.com/cve/_next/static/chunks/framework-c6c82aad00023883.js:1:137526)
    at MessagePort.T (https://feedly.com/cve/_next/static/chunks/framework-c6c82aad00023883.js:1:138056)
[     642ms] Error: Minified React error #418; visit https://reactjs.org/docs/error-decoder.html?invariant=418 for the full message or use the non-minified dev environment for full errors and additional helpful warnings.
    at lg (https://feedly.com/cve/_next/static/chunks/framework-c6c82aad00023883.js:1:46554)
    at i (https://feedly.com/cve/_next/static/chunks/framework-c6c82aad00023883.js:1:121149)
    at oO (https://feedly.com/cve/_next/static/chunks/framework-c6c82aad00023883.js:1:99116)
    at https://feedly.com/cve/_next/static/chunks/framework-c6c82aad00023883.js:1:98983
    at oF (https://feedly.com/cve/_next/static/chunks/framework-c6c82aad00023883.js:1:98990)
    at oS (https://feedly.com/cve/_next/static/chunks/framework-c6c82aad00023883.js:1:94029)
    at x (https://feedly.com/cve/_next/static/chunks/framework-c6c82aad00023883.js:1:137526)
    at MessagePort.T (https://feedly.com/cve/_next/static/chunks/framework-c6c82aad00023883.js:1:138056)
[     642ms] Error: Minified React error #418; visit https://reactjs.org/docs/error-decoder.html?invariant=418 for the full message or use the non-minified dev environment for full errors and additional helpful warnings.
    at lg (https://feedly.com/cve/_next/static/chunks/framework-c6c82aad00023883.js:1:46554)
    at i (https://feedly.com/cve/_next/static/chunks/framework-c6c82aad00023883.js:1:121149)
    at oO (https://feedly.com/cve/_next/static/chunks/framework-c6c82aad00023883.js:1:99116)
    at https://feedly.com/cve/_next/static/chunks/framework-c6c82aad00023883.js:1:98983
    at oF (https://feedly.com/cve/_next/static/chunks/framework-c6c82aad00023883.js:1:98990)
    at oS (https://feedly.com/cve/_next/static/chunks/framework-c6c82aad00023883.js:1:94029)
    at x (https://feedly.com/cve/_next/static/chunks/framework-c6c82aad00023883.js:1:137526)
    at MessagePort.T (https://feedly.com/cve/_next/static/chunks/framework-c6c82aad00023883.js:1:138056)
[     642ms] Error: Minified React error #418; visit https://reactjs.org/docs/error-decoder.html?invariant=418 for the full message or use the non-minified dev environment for full errors and additional helpful warnings.
    at lg (https://feedly.com/cve/_next/static/chunks/framework-c6c82aad00023883.js:1:46554)
    at i (https://feedly.com/cve/_next/static/chunks/framework-c6c82aad00023883.js:1:121149)
    at oO (https://feedly.com/cve/_next/static/chunks/framework-c6c82aad00023883.js:1:99116)
    at https://feedly.com/cve/_next/static/chunks/framework-c6c82aad00023883.js:1:98983
    at oF (https://feedly.com/cve/_next/static/chunks/framework-c6c82aad00023883.js:1:98990)
    at oS (https://feedly.com/cve/_next/static/chunks/framework-c6c82aad00023883.js:1:94029)
    at x (https://feedly.com/cve/_next/static/chunks/framework-c6c82aad00023883.js:1:137526)
    at MessagePort.T (https://feedly.com/cve/_next/static/chunks/framework-c6c82aad00023883.js:1:138056)
[     642ms] Error: Minified React error #418; visit https://reactjs.org/docs/error-decoder.html?invariant=418 for the full message or use the non-minified dev environment for full errors and additional helpful warnings.
    at lg (https://feedly.com/cve/_next/static/chunks/framework-c6c82aad00023883.js:1:46554)
    at i (https://feedly.com/cve/_next/static/chunks/framework-c6c82aad00023883.js:1:121149)
    at oO (https://feedly.com/cve/_next/static/chunks/framework-c6c82aad00023883.js:1:99116)
    at https://feedly.com/cve/_next/static/chunks/framework-c6c82aad00023883.js:1:98983
    at oF (https://feedly.com/cve/_next/static/chunks/framework-c6c82aad00023883.js:1:98990)
    at oS (https://feedly.com/cve/_next/static/chunks/framework-c6c82aad00023883.js:1:94029)
    at x (https://feedly.com/cve/_next/static/chunks/framework-c6c82aad00023883.js:1:137526)
    at MessagePort.T (https://feedly.com/cve/_next/static/chunks/framework-c6c82aad00023883.js:1:138056)
[     642ms] Error: Minified React error #423; visit https://reactjs.org/docs/error-decoder.html?invariant=423 for the full message or use the non-minified dev environment for full errors and additional helpful warnings.
    at i (https://feedly.com/cve/_next/static/chunks/framework-c6c82aad00023883.js:1:120818)
    at oO (https://feedly.com/cve/_next/static/chunks/framework-c6c82aad00023883.js:1:99116)
    at https://feedly.com/cve/_next/static/chunks/framework-c6c82aad00023883.js:1:98983
    at oF (https://feedly.com/cve/_next/static/chunks/framework-c6c82aad00023883.js:1:98990)
    at ox (https://feedly.com/cve/_next/static/chunks/framework-c6c82aad00023883.js:1:95742)
    at oS (https://feedly.com/cve/_next/static/chunks/framework-c6c82aad00023883.js:1:94297)
    at x (https://feedly.com/cve/_next/static/chunks/framework-c6c82aad00023883.js:1:137526)
    at MessagePort.T (https://feedly.com/cve/_next/static/chunks/framework-c6c82aad00023883.js:1:138056)
[    3184ms] [ERROR] Failed to load resource: the server responded with a status of 400 () @ https://aplo-evnt.com/api/v1/intent_pixel/track_request?app_id=68a8a2ea39dd630011265a12:0
[  285153ms] [ERROR] WebSocket connection to 'wss://nexus-websocket-a.intercom.io/pubsub/5-_7IYofVEC8U7ws8H3sNH5Kgr0NaIav8r-wx8TGkCL05upf4OF7X1-AYLKTjWXuSLx5VJwwPZdAb6ww6zvjFnh7mm7uR-4BNLCEmd?X-Nexus-New-Client=true&X-Nexus-Version=0.18.8&user_role=visitor' failed: Error in connection establishment: net::ERR_CONNECTION_CLOSED @ https://js.intercomcdn.com/vendor-modern.ed29c48b.js:1
[  290209ms] [ERROR] WebSocket connection to 'wss://nexus-websocket-a.intercom.io/pubsub/5-_7IYofVEC8U7ws8H3sNH5Kgr0NaIav8r-wx8TGkCL05upf4OF7X1-AYLKTjWXuSLx5VJwwPZdAb6ww6zvjFnh7mm7uR-4BNLCEmd?X-Nexus-New-Client=true&X-Nexus-Version=0.18.8&user_role=visitor' failed: Error in connection establishment: net::ERR_CONNECTION_CLOSED @ https://js.intercomcdn.com/vendor-modern.ed29c48b.js:1
[  295309ms] [ERROR] WebSocket connection to 'wss://nexus-websocket-a.intercom.io/pubsub/5-_7IYofVEC8U7ws8H3sNH5Kgr0NaIav8r-wx8TGkCL05upf4OF7X1-AYLKTjWXuSLx5VJwwPZdAb6ww6zvjFnh7mm7uR-4BNLCEmd?X-Nexus-New-Client=true&X-Nexus-Version=0.18.8&user_role=visitor' failed: Error in connection establishment: net::ERR_CONNECTION_CLOSED @ https://js.intercomcdn.com/vendor-modern.ed29c48b.js:1
[  323265ms] [ERROR] WebSocket connection to 'wss://nexus-websocket-a.intercom.io/pubsub/5-_7IYofVEC8U7ws8H3sNH5Kgr0NaIav8r-wx8TGkCL05upf4OF7X1-AYLKTjWXuSLx5VJwwPZdAb6ww6zvjFnh7mm7uR-4BNLCEmd?X-Nexus-New-Client=true&X-Nexus-Version=0.18.8&user_role=visitor' failed: Error in connection establishment: net::ERR_CONNECTION_CLOSED @ https://js.intercomcdn.com/vendor-modern.ed29c48b.js:1
[  323982ms] [ERROR] WebSocket connection to 'wss://nexus-websocket-a.intercom.io/pubsub/5-_7IYofVEC8U7ws8H3sNH5Kgr0NaIav8r-wx8TGkCL05upf4OF7X1-AYLKTjWXuSLx5VJwwPZdAb6ww6zvjFnh7mm7uR-4BNLCEmd?X-Nexus-New-Client=true&X-Nexus-Version=0.18.8&user_role=visitor' failed: Error in connection establishment: net::ERR_CONNECTION_CLOSED @ https://js.intercomcdn.com/vendor-modern.ed29c48b.js:1
[  327324ms] [ERROR] WebSocket connection to 'wss://nexus-websocket-a.intercom.io/pubsub/5-_7IYofVEC8U7ws8H3sNH5Kgr0NaIav8r-wx8TGkCL05upf4OF7X1-AYLKTjWXuSLx5VJwwPZdAb6ww6zvjFnh7mm7uR-4BNLCEmd?X-Nexus-New-Client=true&X-Nexus-Version=0.18.8&user_role=visitor' failed: Error in connection establishment: net::ERR_CONNECTION_CLOSED @ https://js.intercomcdn.com/vendor-modern.ed29c48b.js:1
[  337600ms] [ERROR] WebSocket connection to 'wss://nexus-websocket-a.intercom.io/pubsub/5-_7IYofVEC8U7ws8H3sNH5Kgr0NaIav8r-wx8TGkCL05upf4OF7X1-AYLKTjWXuSLx5VJwwPZdAb6ww6zvjFnh7mm7uR-4BNLCEmd?X-Nexus-New-Client=true&X-Nexus-Version=0.18.8&user_role=visitor' failed: Error in connection establishment: net::ERR_CONNECTION_CLOSED @ https://js.intercomcdn.com/vendor-modern.ed29c48b.js:1
[  356442ms] [ERROR] WebSocket connection to 'wss://nexus-websocket-a.intercom.io/pubsub/5-_7IYofVEC8U7ws8H3sNH5Kgr0NaIav8r-wx8TGkCL05upf4OF7X1-AYLKTjWXuSLx5VJwwPZdAb6ww6zvjFnh7mm7uR-4BNLCEmd?X-Nexus-New-Client=true&X-Nexus-Version=0.18.8&user_role=visitor' failed: Error in connection establishment: net::ERR_CONNECTION_CLOSED @ https://js.intercomcdn.com/vendor-modern.ed29c48b.js:1
[  389150ms] [ERROR] WebSocket connection to 'wss://nexus-websocket-a.intercom.io/pubsub/5-_7IYofVEC8U7ws8H3sNH5Kgr0NaIav8r-wx8TGkCL05upf4OF7X1-AYLKTjWXuSLx5VJwwPZdAb6ww6zvjFnh7mm7uR-4BNLCEmd?X-Nexus-New-Client=true&X-Nexus-Version=0.18.8&user_role=visitor' failed: Error in connection establishment: net::ERR_CONNECTION_CLOSED @ https://js.intercomcdn.com/vendor-modern.ed29c48b.js:1
[  389976ms] [ERROR] WebSocket connection to 'wss://nexus-websocket-a.intercom.io/pubsub/5-_7IYofVEC8U7ws8H3sNH5Kgr0NaIav8r-wx8TGkCL05upf4OF7X1-AYLKTjWXuSLx5VJwwPZdAb6ww6zvjFnh7mm7uR-4BNLCEmd?X-Nexus-New-Client=true&X-Nexus-Version=0.18.8&user_role=visitor' failed: Error in connection establishment: net::ERR_CONNECTION_CLOSED @ https://js.intercomcdn.com/vendor-modern.ed29c48b.js:1
[  394537ms] [ERROR] WebSocket connection to 'wss://nexus-websocket-a.intercom.io/pubsub/5-_7IYofVEC8U7ws8H3sNH5Kgr0NaIav8r-wx8TGkCL05upf4OF7X1-AYLKTjWXuSLx5VJwwPZdAb6ww6zvjFnh7mm7uR-4BNLCEmd?X-Nexus-New-Client=true&X-Nexus-Version=0.18.8&user_role=visitor' failed: Error in connection establishment: net::ERR_CONNECTION_CLOSED @ https://js.intercomcdn.com/vendor-modern.ed29c48b.js:1
[  398326ms] [ERROR] WebSocket connection to 'wss://nexus-websocket-a.intercom.io/pubsub/5-_7IYofVEC8U7ws8H3sNH5Kgr0NaIav8r-wx8TGkCL05upf4OF7X1-AYLKTjWXuSLx5VJwwPZdAb6ww6zvjFnh7mm7uR-4BNLCEmd?X-Nexus-New-Client=true&X-Nexus-Version=0.18.8&user_role=visitor' failed: Error in connection establishment: net::ERR_CONNECTION_CLOSED @ https://js.intercomcdn.com/vendor-modern.ed29c48b.js:1
[  408152ms] [ERROR] WebSocket connection to 'wss://nexus-websocket-a.intercom.io/pubsub/5-_7IYofVEC8U7ws8H3sNH5Kgr0NaIav8r-wx8TGkCL05upf4OF7X1-AYLKTjWXuSLx5VJwwPZdAb6ww6zvjFnh7mm7uR-4BNLCEmd?X-Nexus-New-Client=true&X-Nexus-Version=0.18.8&user_role=visitor' failed: Error in connection establishment: net::ERR_CONNECTION_CLOSED @ https://js.intercomcdn.com/vendor-modern.ed29c48b.js:1
[  433290ms] [ERROR] WebSocket connection to 'wss://nexus-websocket-a.intercom.io/pubsub/5-_7IYofVEC8U7ws8H3sNH5Kgr0NaIav8r-wx8TGkCL05upf4OF7X1-AYLKTjWXuSLx5VJwwPZdAb6ww6zvjFnh7mm7uR-4BNLCEmd?X-Nexus-New-Client=true&X-Nexus-Version=0.18.8&user_role=visitor' failed: Error in connection establishment: net::ERR_CONNECTION_CLOSED @ https://js.intercomcdn.com/vendor-modern.ed29c48b.js:1
[  434167ms] [ERROR] WebSocket connection to 'wss://nexus-websocket-a.intercom.io/pubsub/5-_7IYofVEC8U7ws8H3sNH5Kgr0NaIav8r-wx8TGkCL05upf4OF7X1-AYLKTjWXuSLx5VJwwPZdAb6ww6zvjFnh7mm7uR-4BNLCEmd?X-Nexus-New-Client=true&X-Nexus-Version=0.18.8&user_role=visitor' failed: Error in connection establishment: net::ERR_CONNECTION_CLOSED @ https://js.intercomcdn.com/vendor-modern.ed29c48b.js:1
[  437136ms] [ERROR] WebSocket connection to 'wss://nexus-websocket-a.intercom.io/pubsub/5-_7IYofVEC8U7ws8H3sNH5Kgr0NaIav8r-wx8TGkCL05upf4OF7X1-AYLKTjWXuSLx5VJwwPZdAb6ww6zvjFnh7mm7uR-4BNLCEmd?X-Nexus-New-Client=true&X-Nexus-Version=0.18.8&user_role=visitor' failed: Error in connection establishment: net::ERR_CONNECTION_CLOSED @ https://js.intercomcdn.com/vendor-modern.ed29c48b.js:1
[  443280ms] [ERROR] WebSocket connection to 'wss://nexus-websocket-a.intercom.io/pubsub/5-_7IYofVEC8U7ws8H3sNH5Kgr0NaIav8r-wx8TGkCL05upf4OF7X1-AYLKTjWXuSLx5VJwwPZdAb6ww6zvjFnh7mm7uR-4BNLCEmd?X-Nexus-New-Client=true&X-Nexus-Version=0.18.8&user_role=visitor' failed: Error in connection establishment: net::ERR_CONNECTION_CLOSED @ https://js.intercomcdn.com/vendor-modern.ed29c48b.js:1
