[    1313ms] [WARNING] Mixed Content: The page at 'https://feedly.com/cve/CVE-2026-45675' was loaded over HTTPS, but requested an insecure element 'http://db.gcve.eu/static/img/VL-verti-white-bg-1200x630.png'. This request was automatically upgraded to HTTPS, For more information see https://blog.chromium.org/2019/10/no-more-mixed-messages-about-https.html @ https://feedly.com/cve/CVE-2026-45675:0
[    1726ms] Error: Minified React error #425; visit https://reactjs.org/docs/error-decoder.html?invariant=425 for the full message or use the non-minified dev environment for full errors and additional helpful warnings.
    at rh (https://feedly.com/cve/_next/static/chunks/framework-c6c82aad00023883.js:1:40258)
    at https://feedly.com/cve/_next/static/chunks/framework-c6c82aad00023883.js:1:103478
    at oD (https://feedly.com/cve/_next/static/chunks/framework-c6c82aad00023883.js:1:106228)
    at oO (https://feedly.com/cve/_next/static/chunks/framework-c6c82aad00023883.js:1:99176)
    at https://feedly.com/cve/_next/static/chunks/framework-c6c82aad00023883.js:1:98983
    at oF (https://feedly.com/cve/_next/static/chunks/framework-c6c82aad00023883.js:1:98990)
    at oS (https://feedly.com/cve/_next/static/chunks/framework-c6c82aad00023883.js:1:94029)
    at x (https://feedly.com/cve/_next/static/chunks/framework-c6c82aad00023883.js:1:137526)
    at MessagePort.T (https://feedly.com/cve/_next/static/chunks/framework-c6c82aad00023883.js:1:138056)
[    1726ms] Error: Minified React error #418; visit https://reactjs.org/docs/error-decoder.html?invariant=418 for the full message or use the non-minified dev environment for full errors and additional helpful warnings.
    at lg (https://feedly.com/cve/_next/static/chunks/framework-c6c82aad00023883.js:1:46554)
    at i (https://feedly.com/cve/_next/static/chunks/framework-c6c82aad00023883.js:1:121149)
    at oO (https://feedly.com/cve/_next/static/chunks/framework-c6c82aad00023883.js:1:99116)
    at https://feedly.com/cve/_next/static/chunks/framework-c6c82aad00023883.js:1:98983
    at oF (https://feedly.com/cve/_next/static/chunks/framework-c6c82aad00023883.js:1:98990)
    at oS (https://feedly.com/cve/_next/static/chunks/framework-c6c82aad00023883.js:1:94029)
    at x (https://feedly.com/cve/_next/static/chunks/framework-c6c82aad00023883.js:1:137526)
    at MessagePort.T (https://feedly.com/cve/_next/static/chunks/framework-c6c82aad00023883.js:1:138056)
[    1726ms] Error: Minified React error #418; visit https://reactjs.org/docs/error-decoder.html?invariant=418 for the full message or use the non-minified dev environment for full errors and additional helpful warnings.
    at lg (https://feedly.com/cve/_next/static/chunks/framework-c6c82aad00023883.js:1:46554)
    at i (https://feedly.com/cve/_next/static/chunks/framework-c6c82aad00023883.js:1:121149)
    at oO (https://feedly.com/cve/_next/static/chunks/framework-c6c82aad00023883.js:1:99116)
    at https://feedly.com/cve/_next/static/chunks/framework-c6c82aad00023883.js:1:98983
    at oF (https://feedly.com/cve/_next/static/chunks/framework-c6c82aad00023883.js:1:98990)
    at oS (https://feedly.com/cve/_next/static/chunks/framework-c6c82aad00023883.js:1:94029)
    at x (https://feedly.com/cve/_next/static/chunks/framework-c6c82aad00023883.js:1:137526)
    at MessagePort.T (https://feedly.com/cve/_next/static/chunks/framework-c6c82aad00023883.js:1:138056)
[    1726ms] Error: Minified React error #418; visit https://reactjs.org/docs/error-decoder.html?invariant=418 for the full message or use the non-minified dev environment for full errors and additional helpful warnings.
    at lg (https://feedly.com/cve/_next/static/chunks/framework-c6c82aad00023883.js:1:46554)
    at i (https://feedly.com/cve/_next/static/chunks/framework-c6c82aad00023883.js:1:121149)
    at oO (https://feedly.com/cve/_next/static/chunks/framework-c6c82aad00023883.js:1:99116)
    at https://feedly.com/cve/_next/static/chunks/framework-c6c82aad00023883.js:1:98983
    at oF (https://feedly.com/cve/_next/static/chunks/framework-c6c82aad00023883.js:1:98990)
    at oS (https://feedly.com/cve/_next/static/chunks/framework-c6c82aad00023883.js:1:94029)
    at x (https://feedly.com/cve/_next/static/chunks/framework-c6c82aad00023883.js:1:137526)
    at MessagePort.T (https://feedly.com/cve/_next/static/chunks/framework-c6c82aad00023883.js:1:138056)
[    1726ms] Error: Minified React error #418; visit https://reactjs.org/docs/error-decoder.html?invariant=418 for the full message or use the non-minified dev environment for full errors and additional helpful warnings.
    at lg (https://feedly.com/cve/_next/static/chunks/framework-c6c82aad00023883.js:1:46554)
    at i (https://feedly.com/cve/_next/static/chunks/framework-c6c82aad00023883.js:1:121149)
    at oO (https://feedly.com/cve/_next/static/chunks/framework-c6c82aad00023883.js:1:99116)
    at https://feedly.com/cve/_next/static/chunks/framework-c6c82aad00023883.js:1:98983
    at oF (https://feedly.com/cve/_next/static/chunks/framework-c6c82aad00023883.js:1:98990)
    at oS (https://feedly.com/cve/_next/static/chunks/framework-c6c82aad00023883.js:1:94029)
    at x (https://feedly.com/cve/_next/static/chunks/framework-c6c82aad00023883.js:1:137526)
    at MessagePort.T (https://feedly.com/cve/_next/static/chunks/framework-c6c82aad00023883.js:1:138056)
[    1727ms] Error: Minified React error #418; visit https://reactjs.org/docs/error-decoder.html?invariant=418 for the full message or use the non-minified dev environment for full errors and additional helpful warnings.
    at lg (https://feedly.com/cve/_next/static/chunks/framework-c6c82aad00023883.js:1:46554)
    at i (https://feedly.com/cve/_next/static/chunks/framework-c6c82aad00023883.js:1:121149)
    at oO (https://feedly.com/cve/_next/static/chunks/framework-c6c82aad00023883.js:1:99116)
    at https://feedly.com/cve/_next/static/chunks/framework-c6c82aad00023883.js:1:98983
    at oF (https://feedly.com/cve/_next/static/chunks/framework-c6c82aad00023883.js:1:98990)
    at oS (https://feedly.com/cve/_next/static/chunks/framework-c6c82aad00023883.js:1:94029)
    at x (https://feedly.com/cve/_next/static/chunks/framework-c6c82aad00023883.js:1:137526)
    at MessagePort.T (https://feedly.com/cve/_next/static/chunks/framework-c6c82aad00023883.js:1:138056)
[    1727ms] Error: Minified React error #418; visit https://reactjs.org/docs/error-decoder.html?invariant=418 for the full message or use the non-minified dev environment for full errors and additional helpful warnings.
    at lg (https://feedly.com/cve/_next/static/chunks/framework-c6c82aad00023883.js:1:46554)
    at i (https://feedly.com/cve/_next/static/chunks/framework-c6c82aad00023883.js:1:121149)
    at oO (https://feedly.com/cve/_next/static/chunks/framework-c6c82aad00023883.js:1:99116)
    at https://feedly.com/cve/_next/static/chunks/framework-c6c82aad00023883.js:1:98983
    at oF (https://feedly.com/cve/_next/static/chunks/framework-c6c82aad00023883.js:1:98990)
    at oS (https://feedly.com/cve/_next/static/chunks/framework-c6c82aad00023883.js:1:94029)
    at x (https://feedly.com/cve/_next/static/chunks/framework-c6c82aad00023883.js:1:137526)
    at MessagePort.T (https://feedly.com/cve/_next/static/chunks/framework-c6c82aad00023883.js:1:138056)
[    1727ms] Error: Minified React error #418; visit https://reactjs.org/docs/error-decoder.html?invariant=418 for the full message or use the non-minified dev environment for full errors and additional helpful warnings.
    at lg (https://feedly.com/cve/_next/static/chunks/framework-c6c82aad00023883.js:1:46554)
    at i (https://feedly.com/cve/_next/static/chunks/framework-c6c82aad00023883.js:1:121149)
    at oO (https://feedly.com/cve/_next/static/chunks/framework-c6c82aad00023883.js:1:99116)
    at https://feedly.com/cve/_next/static/chunks/framework-c6c82aad00023883.js:1:98983
    at oF (https://feedly.com/cve/_next/static/chunks/framework-c6c82aad00023883.js:1:98990)
    at oS (https://feedly.com/cve/_next/static/chunks/framework-c6c82aad00023883.js:1:94029)
    at x (https://feedly.com/cve/_next/static/chunks/framework-c6c82aad00023883.js:1:137526)
    at MessagePort.T (https://feedly.com/cve/_next/static/chunks/framework-c6c82aad00023883.js:1:138056)
[    1727ms] Error: Minified React error #418; visit https://reactjs.org/docs/error-decoder.html?invariant=418 for the full message or use the non-minified dev environment for full errors and additional helpful warnings.
    at lg (https://feedly.com/cve/_next/static/chunks/framework-c6c82aad00023883.js:1:46554)
    at i (https://feedly.com/cve/_next/static/chunks/framework-c6c82aad00023883.js:1:121149)
    at oO (https://feedly.com/cve/_next/static/chunks/framework-c6c82aad00023883.js:1:99116)
    at https://feedly.com/cve/_next/static/chunks/framework-c6c82aad00023883.js:1:98983
    at oF (https://feedly.com/cve/_next/static/chunks/framework-c6c82aad00023883.js:1:98990)
    at oS (https://feedly.com/cve/_next/static/chunks/framework-c6c82aad00023883.js:1:94029)
    at x (https://feedly.com/cve/_next/static/chunks/framework-c6c82aad00023883.js:1:137526)
    at MessagePort.T (https://feedly.com/cve/_next/static/chunks/framework-c6c82aad00023883.js:1:138056)
[    1727ms] Error: Minified React error #418; visit https://reactjs.org/docs/error-decoder.html?invariant=418 for the full message or use the non-minified dev environment for full errors and additional helpful warnings.
    at lg (https://feedly.com/cve/_next/static/chunks/framework-c6c82aad00023883.js:1:46554)
    at i (https://feedly.com/cve/_next/static/chunks/framework-c6c82aad00023883.js:1:121149)
    at oO (https://feedly.com/cve/_next/static/chunks/framework-c6c82aad00023883.js:1:99116)
    at https://feedly.com/cve/_next/static/chunks/framework-c6c82aad00023883.js:1:98983
    at oF (https://feedly.com/cve/_next/static/chunks/framework-c6c82aad00023883.js:1:98990)
    at oS (https://feedly.com/cve/_next/static/chunks/framework-c6c82aad00023883.js:1:94029)
    at x (https://feedly.com/cve/_next/static/chunks/framework-c6c82aad00023883.js:1:137526)
    at MessagePort.T (https://feedly.com/cve/_next/static/chunks/framework-c6c82aad00023883.js:1:138056)
[    1727ms] Error: Minified React error #418; visit https://reactjs.org/docs/error-decoder.html?invariant=418 for the full message or use the non-minified dev environment for full errors and additional helpful warnings.
    at lg (https://feedly.com/cve/_next/static/chunks/framework-c6c82aad00023883.js:1:46554)
    at i (https://feedly.com/cve/_next/static/chunks/framework-c6c82aad00023883.js:1:121149)
    at oO (https://feedly.com/cve/_next/static/chunks/framework-c6c82aad00023883.js:1:99116)
    at https://feedly.com/cve/_next/static/chunks/framework-c6c82aad00023883.js:1:98983
    at oF (https://feedly.com/cve/_next/static/chunks/framework-c6c82aad00023883.js:1:98990)
    at oS (https://feedly.com/cve/_next/static/chunks/framework-c6c82aad00023883.js:1:94029)
    at x (https://feedly.com/cve/_next/static/chunks/framework-c6c82aad00023883.js:1:137526)
    at MessagePort.T (https://feedly.com/cve/_next/static/chunks/framework-c6c82aad00023883.js:1:138056)
[    1727ms] Error: Minified React error #418; visit https://reactjs.org/docs/error-decoder.html?invariant=418 for the full message or use the non-minified dev environment for full errors and additional helpful warnings.
    at lg (https://feedly.com/cve/_next/static/chunks/framework-c6c82aad00023883.js:1:46554)
    at i (https://feedly.com/cve/_next/static/chunks/framework-c6c82aad00023883.js:1:121149)
    at oO (https://feedly.com/cve/_next/static/chunks/framework-c6c82aad00023883.js:1:99116)
    at https://feedly.com/cve/_next/static/chunks/framework-c6c82aad00023883.js:1:98983
    at oF (https://feedly.com/cve/_next/static/chunks/framework-c6c82aad00023883.js:1:98990)
    at oS (https://feedly.com/cve/_next/static/chunks/framework-c6c82aad00023883.js:1:94029)
    at x (https://feedly.com/cve/_next/static/chunks/framework-c6c82aad00023883.js:1:137526)
    at MessagePort.T (https://feedly.com/cve/_next/static/chunks/framework-c6c82aad00023883.js:1:138056)
[    1727ms] Error: Minified React error #418; visit https://reactjs.org/docs/error-decoder.html?invariant=418 for the full message or use the non-minified dev environment for full errors and additional helpful warnings.
    at lg (https://feedly.com/cve/_next/static/chunks/framework-c6c82aad00023883.js:1:46554)
    at i (https://feedly.com/cve/_next/static/chunks/framework-c6c82aad00023883.js:1:121149)
    at oO (https://feedly.com/cve/_next/static/chunks/framework-c6c82aad00023883.js:1:99116)
    at https://feedly.com/cve/_next/static/chunks/framework-c6c82aad00023883.js:1:98983
    at oF (https://feedly.com/cve/_next/static/chunks/framework-c6c82aad00023883.js:1:98990)
    at oS (https://feedly.com/cve/_next/static/chunks/framework-c6c82aad00023883.js:1:94029)
    at x (https://feedly.com/cve/_next/static/chunks/framework-c6c82aad00023883.js:1:137526)
    at MessagePort.T (https://feedly.com/cve/_next/static/chunks/framework-c6c82aad00023883.js:1:138056)
[    1727ms] Error: Minified React error #418; visit https://reactjs.org/docs/error-decoder.html?invariant=418 for the full message or use the non-minified dev environment for full errors and additional helpful warnings.
    at lg (https://feedly.com/cve/_next/static/chunks/framework-c6c82aad00023883.js:1:46554)
    at i (https://feedly.com/cve/_next/static/chunks/framework-c6c82aad00023883.js:1:121149)
    at oO (https://feedly.com/cve/_next/static/chunks/framework-c6c82aad00023883.js:1:99116)
    at https://feedly.com/cve/_next/static/chunks/framework-c6c82aad00023883.js:1:98983
    at oF (https://feedly.com/cve/_next/static/chunks/framework-c6c82aad00023883.js:1:98990)
    at oS (https://feedly.com/cve/_next/static/chunks/framework-c6c82aad00023883.js:1:94029)
    at x (https://feedly.com/cve/_next/static/chunks/framework-c6c82aad00023883.js:1:137526)
    at MessagePort.T (https://feedly.com/cve/_next/static/chunks/framework-c6c82aad00023883.js:1:138056)
[    1727ms] Error: Minified React error #418; visit https://reactjs.org/docs/error-decoder.html?invariant=418 for the full message or use the non-minified dev environment for full errors and additional helpful warnings.
    at lg (https://feedly.com/cve/_next/static/chunks/framework-c6c82aad00023883.js:1:46554)
    at i (https://feedly.com/cve/_next/static/chunks/framework-c6c82aad00023883.js:1:121149)
    at oO (https://feedly.com/cve/_next/static/chunks/framework-c6c82aad00023883.js:1:99116)
    at https://feedly.com/cve/_next/static/chunks/framework-c6c82aad00023883.js:1:98983
    at oF (https://feedly.com/cve/_next/static/chunks/framework-c6c82aad00023883.js:1:98990)
    at oS (https://feedly.com/cve/_next/static/chunks/framework-c6c82aad00023883.js:1:94029)
    at x (https://feedly.com/cve/_next/static/chunks/framework-c6c82aad00023883.js:1:137526)
    at MessagePort.T (https://feedly.com/cve/_next/static/chunks/framework-c6c82aad00023883.js:1:138056)
[    1727ms] Error: Minified React error #418; visit https://reactjs.org/docs/error-decoder.html?invariant=418 for the full message or use the non-minified dev environment for full errors and additional helpful warnings.
    at lg (https://feedly.com/cve/_next/static/chunks/framework-c6c82aad00023883.js:1:46554)
    at i (https://feedly.com/cve/_next/static/chunks/framework-c6c82aad00023883.js:1:121149)
    at oO (https://feedly.com/cve/_next/static/chunks/framework-c6c82aad00023883.js:1:99116)
    at https://feedly.com/cve/_next/static/chunks/framework-c6c82aad00023883.js:1:98983
    at oF (https://feedly.com/cve/_next/static/chunks/framework-c6c82aad00023883.js:1:98990)
    at oS (https://feedly.com/cve/_next/static/chunks/framework-c6c82aad00023883.js:1:94029)
    at x (https://feedly.com/cve/_next/static/chunks/framework-c6c82aad00023883.js:1:137526)
    at MessagePort.T (https://feedly.com/cve/_next/static/chunks/framework-c6c82aad00023883.js:1:138056)
[    1727ms] Error: Minified React error #418; visit https://reactjs.org/docs/error-decoder.html?invariant=418 for the full message or use the non-minified dev environment for full errors and additional helpful warnings.
    at lg (https://feedly.com/cve/_next/static/chunks/framework-c6c82aad00023883.js:1:46554)
    at i (https://feedly.com/cve/_next/static/chunks/framework-c6c82aad00023883.js:1:121149)
    at oO (https://feedly.com/cve/_next/static/chunks/framework-c6c82aad00023883.js:1:99116)
    at https://feedly.com/cve/_next/static/chunks/framework-c6c82aad00023883.js:1:98983
    at oF (https://feedly.com/cve/_next/static/chunks/framework-c6c82aad00023883.js:1:98990)
    at oS (https://feedly.com/cve/_next/static/chunks/framework-c6c82aad00023883.js:1:94029)
    at x (https://feedly.com/cve/_next/static/chunks/framework-c6c82aad00023883.js:1:137526)
    at MessagePort.T (https://feedly.com/cve/_next/static/chunks/framework-c6c82aad00023883.js:1:138056)
[    1727ms] Error: Minified React error #418; visit https://reactjs.org/docs/error-decoder.html?invariant=418 for the full message or use the non-minified dev environment for full errors and additional helpful warnings.
    at lg (https://feedly.com/cve/_next/static/chunks/framework-c6c82aad00023883.js:1:46554)
    at i (https://feedly.com/cve/_next/static/chunks/framework-c6c82aad00023883.js:1:121149)
    at oO (https://feedly.com/cve/_next/static/chunks/framework-c6c82aad00023883.js:1:99116)
    at https://feedly.com/cve/_next/static/chunks/framework-c6c82aad00023883.js:1:98983
    at oF (https://feedly.com/cve/_next/static/chunks/framework-c6c82aad00023883.js:1:98990)
    at oS (https://feedly.com/cve/_next/static/chunks/framework-c6c82aad00023883.js:1:94029)
    at x (https://feedly.com/cve/_next/static/chunks/framework-c6c82aad00023883.js:1:137526)
    at MessagePort.T (https://feedly.com/cve/_next/static/chunks/framework-c6c82aad00023883.js:1:138056)
[    1727ms] Error: Minified React error #418; visit https://reactjs.org/docs/error-decoder.html?invariant=418 for the full message or use the non-minified dev environment for full errors and additional helpful warnings.
    at lg (https://feedly.com/cve/_next/static/chunks/framework-c6c82aad00023883.js:1:46554)
    at i (https://feedly.com/cve/_next/static/chunks/framework-c6c82aad00023883.js:1:121149)
    at oO (https://feedly.com/cve/_next/static/chunks/framework-c6c82aad00023883.js:1:99116)
    at https://feedly.com/cve/_next/static/chunks/framework-c6c82aad00023883.js:1:98983
    at oF (https://feedly.com/cve/_next/static/chunks/framework-c6c82aad00023883.js:1:98990)
    at oS (https://feedly.com/cve/_next/static/chunks/framework-c6c82aad00023883.js:1:94029)
    at x (https://feedly.com/cve/_next/static/chunks/framework-c6c82aad00023883.js:1:137526)
    at MessagePort.T (https://feedly.com/cve/_next/static/chunks/framework-c6c82aad00023883.js:1:138056)
[    1727ms] Error: Minified React error #418; visit https://reactjs.org/docs/error-decoder.html?invariant=418 for the full message or use the non-minified dev environment for full errors and additional helpful warnings.
    at lg (https://feedly.com/cve/_next/static/chunks/framework-c6c82aad00023883.js:1:46554)
    at i (https://feedly.com/cve/_next/static/chunks/framework-c6c82aad00023883.js:1:121149)
    at oO (https://feedly.com/cve/_next/static/chunks/framework-c6c82aad00023883.js:1:99116)
    at https://feedly.com/cve/_next/static/chunks/framework-c6c82aad00023883.js:1:98983
    at oF (https://feedly.com/cve/_next/static/chunks/framework-c6c82aad00023883.js:1:98990)
    at oS (https://feedly.com/cve/_next/static/chunks/framework-c6c82aad00023883.js:1:94029)
    at x (https://feedly.com/cve/_next/static/chunks/framework-c6c82aad00023883.js:1:137526)
    at MessagePort.T (https://feedly.com/cve/_next/static/chunks/framework-c6c82aad00023883.js:1:138056)
[    1727ms] Error: Minified React error #418; visit https://reactjs.org/docs/error-decoder.html?invariant=418 for the full message or use the non-minified dev environment for full errors and additional helpful warnings.
    at lg (https://feedly.com/cve/_next/static/chunks/framework-c6c82aad00023883.js:1:46554)
    at i (https://feedly.com/cve/_next/static/chunks/framework-c6c82aad00023883.js:1:121149)
    at oO (https://feedly.com/cve/_next/static/chunks/framework-c6c82aad00023883.js:1:99116)
    at https://feedly.com/cve/_next/static/chunks/framework-c6c82aad00023883.js:1:98983
    at oF (https://feedly.com/cve/_next/static/chunks/framework-c6c82aad00023883.js:1:98990)
    at oS (https://feedly.com/cve/_next/static/chunks/framework-c6c82aad00023883.js:1:94029)
    at x (https://feedly.com/cve/_next/static/chunks/framework-c6c82aad00023883.js:1:137526)
    at MessagePort.T (https://feedly.com/cve/_next/static/chunks/framework-c6c82aad00023883.js:1:138056)
[    1727ms] Error: Minified React error #418; visit https://reactjs.org/docs/error-decoder.html?invariant=418 for the full message or use the non-minified dev environment for full errors and additional helpful warnings.
    at lg (https://feedly.com/cve/_next/static/chunks/framework-c6c82aad00023883.js:1:46554)
    at i (https://feedly.com/cve/_next/static/chunks/framework-c6c82aad00023883.js:1:121149)
    at oO (https://feedly.com/cve/_next/static/chunks/framework-c6c82aad00023883.js:1:99116)
    at https://feedly.com/cve/_next/static/chunks/framework-c6c82aad00023883.js:1:98983
    at oF (https://feedly.com/cve/_next/static/chunks/framework-c6c82aad00023883.js:1:98990)
    at oS (https://feedly.com/cve/_next/static/chunks/framework-c6c82aad00023883.js:1:94029)
    at x (https://feedly.com/cve/_next/static/chunks/framework-c6c82aad00023883.js:1:137526)
    at MessagePort.T (https://feedly.com/cve/_next/static/chunks/framework-c6c82aad00023883.js:1:138056)
[    1727ms] Error: Minified React error #423; visit https://reactjs.org/docs/error-decoder.html?invariant=423 for the full message or use the non-minified dev environment for full errors and additional helpful warnings.
    at i (https://feedly.com/cve/_next/static/chunks/framework-c6c82aad00023883.js:1:120818)
    at oO (https://feedly.com/cve/_next/static/chunks/framework-c6c82aad00023883.js:1:99116)
    at https://feedly.com/cve/_next/static/chunks/framework-c6c82aad00023883.js:1:98983
    at oF (https://feedly.com/cve/_next/static/chunks/framework-c6c82aad00023883.js:1:98990)
    at ox (https://feedly.com/cve/_next/static/chunks/framework-c6c82aad00023883.js:1:95742)
    at oS (https://feedly.com/cve/_next/static/chunks/framework-c6c82aad00023883.js:1:94297)
    at x (https://feedly.com/cve/_next/static/chunks/framework-c6c82aad00023883.js:1:137526)
    at MessagePort.T (https://feedly.com/cve/_next/static/chunks/framework-c6c82aad00023883.js:1:138056)
[    4170ms] [ERROR] Failed to load resource: the server responded with a status of 400 () @ https://aplo-evnt.com/api/v1/intent_pixel/track_request?app_id=68a8a2ea39dd630011265a12:0
