[     346ms] [INFO] Slow network is detected. See https://www.chromestatus.com/feature/5636954674692096 for more details. Fallback font will be used while loading: https://hackerone.com/assets/static/hackerone-BcE4h6jh.woff @ https://hackerone.com/reports/791775:0
[     518ms] [LOG]  _    _            _              ____             
| |  | |          | |            / __ \            
| |__| | __ _  ___| | _____ _ __| |  | |_ __   ___ 
|  __  |/ _` |/ __| |/ / _ \ '__| |  | | '_ \ / _ \
| |  | | (_| | (__|   <  __/ |  | |__| | | | |  __/
|_|  |_|\__,_|\___|_|\_\___|_|   \____/|_| |_|\___|

Security issues? https://hackerone.com/security
Something broken? https://support.hackerone.com/
You want to fix it yourself? https://www.hackerone.com/careers @ https://hackerone.com/assets/static/vendor-2MDsyN52.js:25
[     592ms] [WARNING] <meta name="apple-mobile-web-app-capable" content="yes"> is deprecated. Please include <meta name="mobile-web-app-capable" content="yes"> @ https://hackerone.com/reports/1087489:0
[     700ms] [ERROR] Failed to load resource: the server responded with a status of 429 () @ https://hackerone.com/graphql:0
[     701ms] [ERROR] Failed to load resource: the server responded with a status of 429 () @ https://hackerone.com/graphql:0
[     709ms] Error: [Apollo NetworkError]: ServerParseError: Unexpected token '<', "<!DOCTYPE "... is not valid JSON, Operation: CurrentUser, Response: <!DOCTYPE html>
<!--[if lt IE 7]> <html class="no-js ie6 oldie" lang="en-US"> <![endif]-->
<!--[if IE 7]>    <html class="no-js ie7 oldie" lang="en-US"> <![endif]-->
<!--[if IE 8]>    <html class="no-js ie8 oldie" lang="en-US"> <![endif]-->
<!--[if gt IE 8]><!--> <html class="no-js" lang="en-US"> <!--<![endif]-->
<head>
<title>Access denied | hackerone.com used Cloudflare to restrict access</title>
<meta charset="UTF-8" />
<meta http-equiv="Content-Type" content="text/html; charset=UTF-8" />
<meta http-equiv="X-UA-Compatible" content="IE=Edge" />
<meta name="robots" content="noindex, nofollow" />
<meta name="viewport" content="width=device-width,initial-scale=1" />
<link rel="stylesheet" id="cf_styles-css" href="/cdn-cgi/styles/main.css" />


<script>
(function(){if(document.addEventListener&&window.XMLHttpRequest&&JSON&&JSON.stringify){var e=function(a){var c=document.getElementById("error-feedback-survey"),d=document.getElementById("error-feedback-success"),b=new XMLHttpRequest;a={event:"feedback clicked",properties:{errorCode:1015,helpful:a,version:1}};b.open("POST","https://sparrow.cloudflare.com/api/v1/event");b.setRequestHeader("Content-Type","application/json");b.setRequestHeader("Sparrow-Source-Key","c771f0e4b54944bebf4261d44bd79a1e");
b.send(JSON.stringify(a));c.classList.add("feedback-hidden");d.classList.remove("feedback-hidden")};document.addEventListener("DOMContentLoaded",function(){var a=document.getElementById("error-feedback"),c=document.getElementById("feedback-button-yes"),d=document.getElementById("feedback-button-no");"classList"in a&&(a.classList.remove("feedback-hidden"),c.addEventListener("click",function(){e(!0)}),d.addEventListener("click",function(){e(!1)}))})}})();
</script>

<script defer src="https://performance.radar.cloudflare.com/beacon.js"></script>
</head>
<body>
  <div id="cf-wrapper">
    <div class="cf-alert cf-alert-error cf-cookie-error hidden" id="cookie-alert" data-translate="enable_cookies">Please enable cookies.</div>
    <div id="cf-error-details" class="p-0">
      <header class="mx-auto pt-10 lg:pt-6 lg:px-8 w-240 lg:w-full mb-15 antialiased">
         <h1 class="inline-block md:block mr-2 md:mb-2 font-light text-60 md:text-3xl text-black-dark leading-tight">
           <span data-translate="error">Error</span>
           <span>1015</span>
         </h1>
         <span class="inline-block md:block heading-ray-id font-mono text-15 lg:text-sm lg:leading-relaxed">Ray ID: a0e6f71a985504f8 &bull;</span>
         <span class="inline-block md:block heading-ray-id font-mono text-15 lg:text-sm lg:leading-relaxed">2026-06-20 01:22:55 UTC</span>
        <h2 class="text-gray-600 leading-1.3 text-3xl lg:text-2xl font-light">You are being rate limited</h2>
      </header>

      <section class="w-240 lg:w-full mx-auto mb-8 lg:px-8">
          <div id="what-happened-section" class="w-1/2 md:w-full">
            <h2 class="text-3xl leading-tight font-normal mb-4 text-black-dark antialiased" data-translate="what_happened">What happened?</h2>
            <p>The owner of this website (hackerone.com) has banned you temporarily from accessing this website.</p>
            
              <p>Please see <a rel="noopener noreferrer" href="https://developers.cloudflare.com/support/troubleshooting/http-status-codes/cloudflare-1xxx-errors/error-1015/" target="_blank">https://developers.cloudflare.com/support/troubleshooting/http-status-codes/cloudflare-1xxx-errors/error-1015/</a> for more details.</p>
            
          </div>

          
      </section>

      <div class="feedback-hidden py-8 text-center" id="error-feedback">
    <div id="error-feedback-survey" class="footer-line-wrapper">
        Was this page helpful?
        <button class="border border-solid bg-white cf-button cursor-pointer ml-4 px-4 py-2 rounded" id="feedback-button-yes" type="button">Yes</button>
        <button class="border border-solid bg-white cf-button cursor-pointer ml-4 px-4 py-2 rounded" id="feedback-button-no" type="button">No</button>
    </div>
    <div class="feedback-success feedback-hidden" id="error-feedback-success">
        Thank you for your feedback!
    </div>
</div>


      <div class="cf-error-footer cf-wrapper w-240 lg:w-full py-10 sm:py-4 sm:px-8 mx-auto text-center sm:text-left border-solid border-0 border-t border-gray-300">
  <p class="text-13">
    <span class="cf-footer-item sm:block sm:mb-1">Cloudflare Ray ID: <strong class="font-semibold">a0e6f71a985504f8</strong></span>
    <span class="cf-footer-separator sm:hidden">&bull;</span>
    <span id="cf-footer-item-ip" class="cf-footer-item hidden sm:block sm:mb-1">
      Your IP:
      <button type="button" id="cf-footer-ip-reveal" class="cf-footer-ip-reveal-btn">Click to reveal</button>
      <span class="hidden" id="cf-footer-ip">64.118.133.82</span>
      <span class="cf-footer-separator sm:hidden">&bull;</span>
    </span>
    <span class="cf-footer-item sm:block sm:mb-1"><span>Performance &amp; security by</span> <a rel="noopener noreferrer" href="https://www.cloudflare.com/5xx-error-landing" id="brand_link" target="_blank">Cloudflare</a></span>
    
  </p>
  <script>(function(){function d(){var b=a.getElementById("cf-footer-item-ip"),c=a.getElementById("cf-footer-ip-reveal");b&&"classList"in b&&(b.classList.remove("hidden"),c.addEventListener("click",function(){c.classList.add("hidden");a.getElementById("cf-footer-ip").classList.remove("hidden")}))}var a=document;document.addEventListener&&a.addEventListener("DOMContentLoaded",d)})();</script>
</div><!-- /.error-footer -->


    </div><!-- /#cf-error-details -->
  </div><!-- /#cf-wrapper -->

  <script>
  window._cf_translation = {};
  
  
</script>

</body>
</html>

    at Qwe (https://hackerone.com/assets/static/main_js--L-k7EaQ.js:508:218)
    at Ywe (https://hackerone.com/assets/static/main_js--L-k7EaQ.js:508:798)
    at Object.error (https://hackerone.com/assets/static/vendor-2MDsyN52.js:4402:546603)
    at yP0 (https://hackerone.com/assets/static/vendor-2MDsyN52.js:199:1978)
    at nde (https://hackerone.com/assets/static/vendor-2MDsyN52.js:199:2351)
    at t.error (https://hackerone.com/assets/static/vendor-2MDsyN52.js:199:2932)
    at https://hackerone.com/assets/static/vendor-2MDsyN52.js:4402:549927
[     715ms] Error: [Apollo NetworkError]: ServerParseError: Unexpected token '<', "<!DOCTYPE "... is not valid JSON, Operation: AppQuery, Response: <!DOCTYPE html>
<!--[if lt IE 7]> <html class="no-js ie6 oldie" lang="en-US"> <![endif]-->
<!--[if IE 7]>    <html class="no-js ie7 oldie" lang="en-US"> <![endif]-->
<!--[if IE 8]>    <html class="no-js ie8 oldie" lang="en-US"> <![endif]-->
<!--[if gt IE 8]><!--> <html class="no-js" lang="en-US"> <!--<![endif]-->
<head>
<title>Access denied | hackerone.com used Cloudflare to restrict access</title>
<meta charset="UTF-8" />
<meta http-equiv="Content-Type" content="text/html; charset=UTF-8" />
<meta http-equiv="X-UA-Compatible" content="IE=Edge" />
<meta name="robots" content="noindex, nofollow" />
<meta name="viewport" content="width=device-width,initial-scale=1" />
<link rel="stylesheet" id="cf_styles-css" href="/cdn-cgi/styles/main.css" />


<script>
(function(){if(document.addEventListener&&window.XMLHttpRequest&&JSON&&JSON.stringify){var e=function(a){var c=document.getElementById("error-feedback-survey"),d=document.getElementById("error-feedback-success"),b=new XMLHttpRequest;a={event:"feedback clicked",properties:{errorCode:1015,helpful:a,version:1}};b.open("POST","https://sparrow.cloudflare.com/api/v1/event");b.setRequestHeader("Content-Type","application/json");b.setRequestHeader("Sparrow-Source-Key","c771f0e4b54944bebf4261d44bd79a1e");
b.send(JSON.stringify(a));c.classList.add("feedback-hidden");d.classList.remove("feedback-hidden")};document.addEventListener("DOMContentLoaded",function(){var a=document.getElementById("error-feedback"),c=document.getElementById("feedback-button-yes"),d=document.getElementById("feedback-button-no");"classList"in a&&(a.classList.remove("feedback-hidden"),c.addEventListener("click",function(){e(!0)}),d.addEventListener("click",function(){e(!1)}))})}})();
</script>

<script defer src="https://performance.radar.cloudflare.com/beacon.js"></script>
</head>
<body>
  <div id="cf-wrapper">
    <div class="cf-alert cf-alert-error cf-cookie-error hidden" id="cookie-alert" data-translate="enable_cookies">Please enable cookies.</div>
    <div id="cf-error-details" class="p-0">
      <header class="mx-auto pt-10 lg:pt-6 lg:px-8 w-240 lg:w-full mb-15 antialiased">
         <h1 class="inline-block md:block mr-2 md:mb-2 font-light text-60 md:text-3xl text-black-dark leading-tight">
           <span data-translate="error">Error</span>
           <span>1015</span>
         </h1>
         <span class="inline-block md:block heading-ray-id font-mono text-15 lg:text-sm lg:leading-relaxed">Ray ID: a0e6f71b18b804f8 &bull;</span>
         <span class="inline-block md:block heading-ray-id font-mono text-15 lg:text-sm lg:leading-relaxed">2026-06-20 01:22:55 UTC</span>
        <h2 class="text-gray-600 leading-1.3 text-3xl lg:text-2xl font-light">You are being rate limited</h2>
      </header>

      <section class="w-240 lg:w-full mx-auto mb-8 lg:px-8">
          <div id="what-happened-section" class="w-1/2 md:w-full">
            <h2 class="text-3xl leading-tight font-normal mb-4 text-black-dark antialiased" data-translate="what_happened">What happened?</h2>
            <p>The owner of this website (hackerone.com) has banned you temporarily from accessing this website.</p>
            
              <p>Please see <a rel="noopener noreferrer" href="https://developers.cloudflare.com/support/troubleshooting/http-status-codes/cloudflare-1xxx-errors/error-1015/" target="_blank">https://developers.cloudflare.com/support/troubleshooting/http-status-codes/cloudflare-1xxx-errors/error-1015/</a> for more details.</p>
            
          </div>

          
      </section>

      <div class="feedback-hidden py-8 text-center" id="error-feedback">
    <div id="error-feedback-survey" class="footer-line-wrapper">
        Was this page helpful?
        <button class="border border-solid bg-white cf-button cursor-pointer ml-4 px-4 py-2 rounded" id="feedback-button-yes" type="button">Yes</button>
        <button class="border border-solid bg-white cf-button cursor-pointer ml-4 px-4 py-2 rounded" id="feedback-button-no" type="button">No</button>
    </div>
    <div class="feedback-success feedback-hidden" id="error-feedback-success">
        Thank you for your feedback!
    </div>
</div>


      <div class="cf-error-footer cf-wrapper w-240 lg:w-full py-10 sm:py-4 sm:px-8 mx-auto text-center sm:text-left border-solid border-0 border-t border-gray-300">
  <p class="text-13">
    <span class="cf-footer-item sm:block sm:mb-1">Cloudflare Ray ID: <strong class="font-semibold">a0e6f71b18b804f8</strong></span>
    <span class="cf-footer-separator sm:hidden">&bull;</span>
    <span id="cf-footer-item-ip" class="cf-footer-item hidden sm:block sm:mb-1">
      Your IP:
      <button type="button" id="cf-footer-ip-reveal" class="cf-footer-ip-reveal-btn">Click to reveal</button>
      <span class="hidden" id="cf-footer-ip">64.118.133.82</span>
      <span class="cf-footer-separator sm:hidden">&bull;</span>
    </span>
    <span class="cf-footer-item sm:block sm:mb-1"><span>Performance &amp; security by</span> <a rel="noopener noreferrer" href="https://www.cloudflare.com/5xx-error-landing" id="brand_link" target="_blank">Cloudflare</a></span>
    
  </p>
  <script>(function(){function d(){var b=a.getElementById("cf-footer-item-ip"),c=a.getElementById("cf-footer-ip-reveal");b&&"classList"in b&&(b.classList.remove("hidden"),c.addEventListener("click",function(){c.classList.add("hidden");a.getElementById("cf-footer-ip").classList.remove("hidden")}))}var a=document;document.addEventListener&&a.addEventListener("DOMContentLoaded",d)})();</script>
</div><!-- /.error-footer -->


    </div><!-- /#cf-error-details -->
  </div><!-- /#cf-wrapper -->

  <script>
  window._cf_translation = {};
  
  
</script>

</body>
</html>

    at Qwe (https://hackerone.com/assets/static/main_js--L-k7EaQ.js:508:218)
    at Ywe (https://hackerone.com/assets/static/main_js--L-k7EaQ.js:508:798)
    at Object.error (https://hackerone.com/assets/static/vendor-2MDsyN52.js:4402:546603)
    at yP0 (https://hackerone.com/assets/static/vendor-2MDsyN52.js:199:1978)
    at nde (https://hackerone.com/assets/static/vendor-2MDsyN52.js:199:2351)
    at t.error (https://hackerone.com/assets/static/vendor-2MDsyN52.js:199:2932)
    at https://hackerone.com/assets/static/vendor-2MDsyN52.js:4402:549927
[     943ms] [ERROR] Access to fetch at 'https://errors.hackerone.net/api/26/envelope/?sentry_version=7&sentry_key=90427e0cbcf0487db664e4357d17761b&sentry_client=sentry.javascript.browser%2F8.55.2' from origin 'https://hackerone.com' has been blocked by CORS policy: No 'Access-Control-Allow-Origin' header is present on the requested resource. @ https://hackerone.com/reports/1087489:0
[     943ms] [ERROR] Failed to load resource: net::ERR_FAILED @ https://errors.hackerone.net/api/26/envelope/?sentry_version=7&sentry_key=90427e0cbcf0487db664e4357d17761b&sentry_client=sentry.javascript.browser%2F8.55.2:0
[     999ms] [ERROR] Access to fetch at 'https://errors.hackerone.net/api/26/envelope/?sentry_version=7&sentry_key=90427e0cbcf0487db664e4357d17761b&sentry_client=sentry.javascript.browser%2F8.55.2' from origin 'https://hackerone.com' has been blocked by CORS policy: No 'Access-Control-Allow-Origin' header is present on the requested resource. @ https://hackerone.com/reports/1087489:0
[     999ms] [ERROR] Failed to load resource: net::ERR_FAILED @ https://errors.hackerone.net/api/26/envelope/?sentry_version=7&sentry_key=90427e0cbcf0487db664e4357d17761b&sentry_client=sentry.javascript.browser%2F8.55.2:0
[    1452ms] [ERROR] Access to fetch at 'https://errors.hackerone.net/api/26/envelope/?sentry_version=7&sentry_key=90427e0cbcf0487db664e4357d17761b&sentry_client=sentry.javascript.browser%2F8.55.2' from origin 'https://hackerone.com' has been blocked by CORS policy: No 'Access-Control-Allow-Origin' header is present on the requested resource. @ https://hackerone.com/reports/1087489:0
[    1452ms] [ERROR] Failed to load resource: net::ERR_FAILED @ https://errors.hackerone.net/api/26/envelope/?sentry_version=7&sentry_key=90427e0cbcf0487db664e4357d17761b&sentry_client=sentry.javascript.browser%2F8.55.2:0
[    2596ms] [ERROR] Failed to load resource: the server responded with a status of 429 () @ https://hackerone.com/events:0
[    2598ms] [WARNING] Amplitude Logger [Warn]: {
  "error": "",
  "epsThreshold": 0,
  "throttledDevices": {},
  "throttledUsers": {},
  "exceededDailyQuotaDevices": {},
  "exceededDailyQuotaUsers": {},
  "throttledEvents": []
} @ https://hackerone.com/assets/static/vendor-2MDsyN52.js:25
[    3766ms] [ERROR] Failed to load resource: the server responded with a status of 429 () @ https://hackerone.com/events:0
[    3770ms] [WARNING] Amplitude Logger [Warn]: {
  "error": "",
  "epsThreshold": 0,
  "throttledDevices": {},
  "throttledUsers": {},
  "exceededDailyQuotaDevices": {},
  "exceededDailyQuotaUsers": {},
  "throttledEvents": []
} @ https://hackerone.com/assets/static/vendor-2MDsyN52.js:25
[    4937ms] [ERROR] Failed to load resource: the server responded with a status of 429 () @ https://hackerone.com/events:0
[    4938ms] [WARNING] Amplitude Logger [Warn]: {
  "error": "",
  "epsThreshold": 0,
  "throttledDevices": {},
  "throttledUsers": {},
  "exceededDailyQuotaDevices": {},
  "exceededDailyQuotaUsers": {},
  "throttledEvents": []
} @ https://hackerone.com/assets/static/vendor-2MDsyN52.js:25
[    6150ms] [ERROR] Failed to load resource: the server responded with a status of 429 () @ https://hackerone.com/events:0
[    6152ms] [WARNING] Amplitude Logger [Warn]: {
  "error": "",
  "epsThreshold": 0,
  "throttledDevices": {},
  "throttledUsers": {},
  "exceededDailyQuotaDevices": {},
  "exceededDailyQuotaUsers": {},
  "throttledEvents": []
} @ https://hackerone.com/assets/static/vendor-2MDsyN52.js:25
[    7319ms] [ERROR] Failed to load resource: the server responded with a status of 429 () @ https://hackerone.com/events:0
[    7323ms] [WARNING] Amplitude Logger [Warn]: {
  "error": "",
  "epsThreshold": 0,
  "throttledDevices": {},
  "throttledUsers": {},
  "exceededDailyQuotaDevices": {},
  "exceededDailyQuotaUsers": {},
  "throttledEvents": []
} @ https://hackerone.com/assets/static/vendor-2MDsyN52.js:25
[    7325ms] [ERROR] Amplitude Logger [Error]: Event rejected due to exceeded retry count @ https://hackerone.com/assets/static/vendor-2MDsyN52.js:25
