[    1468ms] [WARNING] Mixed Content: The page at 'https://mp.weixin.qq.com/s/gjr4EXjVLRl5_O8DE0MAtQ' was loaded over HTTPS, but requested an insecure element 'http://mmbiz.qpic.cn/mmbiz_png/BAby4Fk1HQZCDnChGupgZyfRK8Bs8twy3rbw6gic8GAoiaqoIIVarKvqMgQ1vj4t0UyMNdvaIHmTE2XgzeSFn32Q/0?wx_fmt=png'. This request was automatically upgraded to HTTPS, For more information see https://blog.chromium.org/2019/10/no-more-mixed-messages-about-https.html @ https://mp.weixin.qq.com/s/gjr4EXjVLRl5_O8DE0MAtQ:0
[    1469ms] [WARNING] Mixed Content: The page at 'https://mp.weixin.qq.com/s/gjr4EXjVLRl5_O8DE0MAtQ' was loaded over HTTPS, but requested an insecure element 'http://mmbiz.qpic.cn/mmbiz_png/BAby4Fk1HQZCDnChGupgZyfRK8Bs8twy3rbw6gic8GAoiaqoIIVarKvqMgQ1vj4t0UyMNdvaIHmTE2XgzeSFn32Q/0?wx_fmt=png'. This request was automatically upgraded to HTTPS, For more information see https://blog.chromium.org/2019/10/no-more-mixed-messages-about-https.html @ https://mp.weixin.qq.com/s/gjr4EXjVLRl5_O8DE0MAtQ:0
[    1511ms] [WARNING] Mixed Content: The page at 'https://mp.weixin.qq.com/s/gjr4EXjVLRl5_O8DE0MAtQ' was loaded over HTTPS, but requested an insecure element 'http://mmbiz.qpic.cn/mmbiz_png/BAby4Fk1HQZCDnChGupgZyfRK8Bs8twy3rbw6gic8GAoiaqoIIVarKvqMgQ1vj4t0UyMNdvaIHmTE2XgzeSFn32Q/0?wx_fmt=png'. This request was automatically upgraded to HTTPS, For more information see https://blog.chromium.org/2019/10/no-more-mixed-messages-about-https.html @ https://mp.weixin.qq.com/s/gjr4EXjVLRl5_O8DE0MAtQ:3483
[    1511ms] [WARNING] Mixed Content: The page at 'https://mp.weixin.qq.com/s/gjr4EXjVLRl5_O8DE0MAtQ' was loaded over HTTPS, but requested an insecure element 'http://mmbiz.qpic.cn/mmbiz_png/BAby4Fk1HQZCDnChGupgZyfRK8Bs8twy3rbw6gic8GAoiaqoIIVarKvqMgQ1vj4t0UyMNdvaIHmTE2XgzeSFn32Q/0?wx_fmt=png'. This request was automatically upgraded to HTTPS, For more information see https://blog.chromium.org/2019/10/no-more-mixed-messages-about-https.html @ https://mp.weixin.qq.com/s/gjr4EXjVLRl5_O8DE0MAtQ:3591
[    1657ms] [LOG] tingIsShow, tingHeardCnt   @ https://mp.weixin.qq.com/s/gjr4EXjVLRl5_O8DE0MAtQ:42185
[    1662ms] [LOG] canUseStar, startPersonCnt false  @ https://mp.weixin.qq.com/s/gjr4EXjVLRl5_O8DE0MAtQ:45561
[    1668ms] [LOG] SyntaxError: Unexpected end of JSON input
    at JSON.parse (<anonymous>)
    at __setPageContentBottomData (https://mp.weixin.qq.com/s/gjr4EXjVLRl5_O8DE0MAtQ:46766:77)
    at https://mp.weixin.qq.com/s/gjr4EXjVLRl5_O8DE0MAtQ:46826:5
    at https://mp.weixin.qq.com/s/gjr4EXjVLRl5_O8DE0MAtQ:46832:3 @ https://mp.weixin.qq.com/s/gjr4EXjVLRl5_O8DE0MAtQ:46812
[    1678ms] [LOG] dedupePromise key=getBiz:false:1 existing=undefined @ https://res.wx.qq.com/mmbizappmsg/zh_CN/htmledition/js/assets/wxwork.mqjg9yj246fa3152.js:0
[    1682ms] [LOG] dedupePromise key=getBiz:false:1 existing=[object Promise] @ https://res.wx.qq.com/mmbizappmsg/zh_CN/htmledition/js/assets/wxwork.mqjg9yj246fa3152.js:0
[    1682ms] [LOG] dedupePromise key=getAllBiz:false existing=undefined @ https://res.wx.qq.com/mmbizappmsg/zh_CN/htmledition/js/assets/wxwork.mqjg9yj246fa3152.js:0
[    1682ms] [LOG] dedupePromise key=getWxInfo existing=undefined @ https://res.wx.qq.com/mmbizappmsg/zh_CN/htmledition/js/assets/wxwork.mqjg9yj246fa3152.js:0
[    1682ms] [LOG] dedupePromise key=getBiz:false:1 existing=[object Promise] @ https://res.wx.qq.com/mmbizappmsg/zh_CN/htmledition/js/assets/wxwork.mqjg9yj246fa3152.js:0
[    1686ms] [LOG] dedupePromise key=getBiz:false:1 existing=[object Promise] @ https://res.wx.qq.com/mmbizappmsg/zh_CN/htmledition/js/assets/wxwork.mqjg9yj246fa3152.js:0
[    1686ms] [LOG] dedupePromise key=getAllBiz:false existing=[object Promise] @ https://res.wx.qq.com/mmbizappmsg/zh_CN/htmledition/js/assets/wxwork.mqjg9yj246fa3152.js:0
[    1686ms] [LOG] dedupePromise key=getWxInfo existing=[object Promise] @ https://res.wx.qq.com/mmbizappmsg/zh_CN/htmledition/js/assets/wxwork.mqjg9yj246fa3152.js:0
[    1686ms] [LOG] dedupePromise key=getBiz:false:1 existing=[object Promise] @ https://res.wx.qq.com/mmbizappmsg/zh_CN/htmledition/js/assets/wxwork.mqjg9yj246fa3152.js:0
[    1689ms] [LOG] dedupePromise key=getBiz:false:1 existing=[object Promise] @ https://res.wx.qq.com/mmbizappmsg/zh_CN/htmledition/js/assets/wxwork.mqjg9yj246fa3152.js:0
[    1689ms] [LOG] dedupePromise key=getAllBiz:false existing=[object Promise] @ https://res.wx.qq.com/mmbizappmsg/zh_CN/htmledition/js/assets/wxwork.mqjg9yj246fa3152.js:0
[    1689ms] [LOG] dedupePromise key=getWxInfo existing=[object Promise] @ https://res.wx.qq.com/mmbizappmsg/zh_CN/htmledition/js/assets/wxwork.mqjg9yj246fa3152.js:0
[    1707ms] [LOG] dedupePromise key=getBiz:false:1 existing=[object Promise] @ https://res.wx.qq.com/mmbizappmsg/zh_CN/htmledition/js/assets/wxwork.mqjg9yj246fa3152.js:0
[    1748ms] [LOG] support wcslplayer false @ https://res.wx.qq.com/mmbizappmsg/zh_CN/htmledition/js/assets/cover_next.mqjg9yj23b5fb65b.js:0
[    1751ms] [LOG] canUseStar, startPersonCnt false <%@JsEncode($user_info.appmsg_bar_data.star_num.DATA$)%> @ https://res.wx.qq.com/mmbizappmsg/zh_CN/htmledition/js/assets/set_star.mqjg9yj26b4997a6.js:0
[    1767ms] [LOG] in white list undefined 1781889842443 @ https://res.wx.qq.com/mmbizappmsg/zh_CN/htmledition/js/assets/wxwork_hidden.mqjg9yj2c5a5df45.js:2
[    1768ms] [LOG] dedupePromise key=getBiz:false:1 existing=[object Promise] @ https://res.wx.qq.com/mmbizappmsg/zh_CN/htmledition/js/assets/wxwork.mqjg9yj246fa3152.js:0
[    1772ms] [LOG] dedupePromise key=getBiz:false:1 existing=[object Promise] @ https://res.wx.qq.com/mmbizappmsg/zh_CN/htmledition/js/assets/wxwork.mqjg9yj246fa3152.js:0
[    1777ms] [LOG] dedupePromise key=getBiz:false:1 existing=[object Promise] @ https://res.wx.qq.com/mmbizappmsg/zh_CN/htmledition/js/assets/wxwork.mqjg9yj246fa3152.js:0
[    1779ms] [LOG] [Appmsg comment] start get comment data, url:/mp/appmsg_comment?action=getcomment&scene=0&appmsgid=2247491929&idx=1&__biz=MzU3MDg2NDI4OA==&comment_id=4514481729587642373&offset=0&buffer=&limit=100&send_time=&sessionid=svr_8e1d4819d4f&enterid=1781889841&top_content_id=&top_reply_id=&comment_scene=0 @ https://res.wx.qq.com/mmbizappmsg/zh_CN/htmledition/js/assets/appmsg_comment.mqjg9yj27f3460a2.js:4
[    1779ms] [LOG] dedupePromise key=getBiz:false:1 existing=[object Promise] @ https://res.wx.qq.com/mmbizappmsg/zh_CN/htmledition/js/assets/wxwork.mqjg9yj246fa3152.js:0
[    1796ms] [LOG] dedupePromise key=getAllBiz:false existing=[object Promise] @ https://res.wx.qq.com/mmbizappmsg/zh_CN/htmledition/js/assets/wxwork.mqjg9yj246fa3152.js:0
[    1796ms] [LOG] getIdentity========== @ https://res.wx.qq.com/mmbizappmsg/zh_CN/htmledition/js/assets/Identity.mqjg9yj21a5bb17a.js:2
[    1796ms] [LOG] dedupePromise key=getBiz:false:1 existing=[object Promise] @ https://res.wx.qq.com/mmbizappmsg/zh_CN/htmledition/js/assets/wxwork.mqjg9yj246fa3152.js:0
[    1797ms] [INFO] [IndexedDBAdapter] IndexedDB initialized successfully  @ https://res.wx.qq.com/mmbizappmsg/zh_CN/htmledition/js/assets/StreamFriendsList.mqjg9yj29d60ae59.js:0
[    1799ms] [INFO] [图文信息] 三元组: MzU3MDg2NDI4OA== 2247491929 1 @ https://res.wx.qq.com/mmbizappmsg/zh_CN/htmledition/js/assets/appmsg.mqjg9yj281480ec8.js:8
[    1800ms] [INFO] [用户信息] 设备信息: 是否安卓 undefined 是否IOS undefined 是否秒开场景 undefined 系统版本 10_15 用户uin 0 是否小程序内打开 false @ https://res.wx.qq.com/mmbizappmsg/zh_CN/htmledition/js/assets/appmsg.mqjg9yj281480ec8.js:8
[    1800ms] [LOG] wx config web compt result [wxOpen] {err_msg: handleMPPageAction:fail_webcompt unsupported} @ https://res.wx.qq.com/mmbizappmsg/zh_CN/htmledition/js/assets/wxwork.mqjg9yj246fa3152.js:0
[    1802ms] [LOG] dedupePromise key=getBiz:false:1 existing=[object Promise] @ https://res.wx.qq.com/mmbizappmsg/zh_CN/htmledition/js/assets/wxwork.mqjg9yj246fa3152.js:0
[    1809ms] [INFO] [(评论、点赞、赞赏) 发送请求]:  Sat Jun 20 2026 01:24:02 GMT+0800 (中国标准时间) @ https://res.wx.qq.com/mmbizappmsg/zh_CN/htmledition/js/assets/appmsgext.mqjg9yj24621d79f.js:0
[    1810ms] [LOG] dedupePromise key=getBiz:false:1 existing=[object Promise] @ https://res.wx.qq.com/mmbizappmsg/zh_CN/htmledition/js/assets/wxwork.mqjg9yj246fa3152.js:0
[    1812ms] [LOG] dedupePromise key=getBiz:false:1 existing=[object Promise] @ https://res.wx.qq.com/mmbizappmsg/zh_CN/htmledition/js/assets/wxwork.mqjg9yj246fa3152.js:0
[    1814ms] [LOG] ======ad fontScaleCssVars change 1 1 1 @ https://res.wx.qq.com/mmbizappmsg/zh_CN/htmledition/js/assets/a.mqjg9yj2d44f6a58.js:0
[    1821ms] [INFO] [广告发送请求] 是否拉取广告 0 @ https://res.wx.qq.com/mmbizappmsg/zh_CN/htmledition/js/assets/mp_async.mqjg9yj2f6de205a.js:0
[    1821ms] [INFO] [强制广告] 是否强制去掉广告 0 @ https://res.wx.qq.com/mmbizappmsg/zh_CN/htmledition/js/assets/mp_async.mqjg9yj2f6de205a.js:0
[    1821ms] [LOG] dedupePromise key=getBiz:false:1 existing=[object Promise] @ https://res.wx.qq.com/mmbizappmsg/zh_CN/htmledition/js/assets/wxwork.mqjg9yj246fa3152.js:0
[    1825ms] [LOG] [PagePos] init entry @ https://res.wx.qq.com/mmbizappmsg/zh_CN/htmledition/js/assets/appmsg.mqjg9yj281480ec8.js:8
[    1825ms] [LOG] [PagePos] init call @ https://res.wx.qq.com/mmbizappmsg/zh_CN/htmledition/js/assets/page_pos.mqjg9yj243577c68.js:0
[    1830ms] [LOG] [PagePos] commReport leaveReport addReport @ https://res.wx.qq.com/mmbizappmsg/zh_CN/htmledition/js/assets/page_pos.mqjg9yj243577c68.js:0
[    1833ms] [LOG] [Appmsg comment] start get comment data, url:/mp/appmsg_comment?action=getcomment&scene=0&appmsgid=2247491929&idx=1&__biz=MzU3MDg2NDI4OA==&comment_id=4514481729587642373&offset=0&buffer=&limit=100&send_time=&sessionid=svr_8e1d4819d4f&enterid=1781889841&top_content_id=&top_reply_id=&comment_scene=0 @ https://res.wx.qq.com/mmbizappmsg/zh_CN/htmledition/js/assets/appmsg_comment.mqjg9yj27f3460a2.js:4
[    1833ms] [LOG] dedupePromise key=getBiz:false:1 existing=[object Promise] @ https://res.wx.qq.com/mmbizappmsg/zh_CN/htmledition/js/assets/wxwork.mqjg9yj246fa3152.js:0
[    1836ms] [WARNING] Mixed Content: The page at 'https://mp.weixin.qq.com/s/gjr4EXjVLRl5_O8DE0MAtQ' was loaded over HTTPS, but requested an insecure element 'http://mmbiz.qpic.cn/mmbiz_png/BAby4Fk1HQZCDnChGupgZyfRK8Bs8twy3rbw6gic8GAoiaqoIIVarKvqMgQ1vj4t0UyMNdvaIHmTE2XgzeSFn32Q/300?wx_fmt=png&wxfrom=18'. This request was automatically upgraded to HTTPS, For more information see https://blog.chromium.org/2019/10/no-more-mixed-messages-about-https.html @ https://mp.weixin.qq.com/s/gjr4EXjVLRl5_O8DE0MAtQ:0
[    1847ms] [INFO] [currentMpInfo]set url {interaction_url: , underline_url: } @ https://res.wx.qq.com/mmbizappmsg/zh_CN/htmledition/js/assets/appmsg.mqjg9yj281480ec8.js:8
[    1886ms] [LOG] https://mmbiz.qpic.cn/sz_mmbiz_png/16lHuWzRRdsVsQYHXRvFY5cNHmbGVqgtlWn6cOgTe22CEgh1VhpKibqt29OfF0vQ6lHbX0G4nrSfic6cunLiaMEoxcKwiaqhIhdaFxK1YXLATfs/640?wx_fmt=png&tp=webp&wxfrom=5&wx_lazy=1#imgIndex=0 img false https://mmbiz.qpic.cn/sz_mmbiz_png/16lHuWzRRdsVsQYHXRvFY5cNHmbGVqgtlWn6cOgTe22CEgh1VhpKibqt29OfF0vQ6lHbX0G4nrSfic6cunLiaMEoxcKwiaqhIhdaFxK1YXLATfs/640?wx_fmt=png#imgIndex=0 @ https://res.wx.qq.com/mmbizappmsg/zh_CN/htmledition/js/assets/appmsg.mqjg9yj281480ec8.js:2
[    1887ms] [LOG] https://mmbiz.qpic.cn/sz_mmbiz_png/16lHuWzRRduASJ5B7DN6HR19BbFebdR2lWlRLAzON2icU2o4ofr4zQt5teha4jxIabibyDw61JVy43xIBVLhPAJPAg1iaibaqI1JWs8y173qYHM/640?wx_fmt=png&tp=webp&wxfrom=5&wx_lazy=1#imgIndex=1 img false https://mmbiz.qpic.cn/sz_mmbiz_png/16lHuWzRRduASJ5B7DN6HR19BbFebdR2lWlRLAzON2icU2o4ofr4zQt5teha4jxIabibyDw61JVy43xIBVLhPAJPAg1iaibaqI1JWs8y173qYHM/640?wx_fmt=png#imgIndex=1 @ https://res.wx.qq.com/mmbizappmsg/zh_CN/htmledition/js/assets/appmsg.mqjg9yj281480ec8.js:2
[    1889ms] [INFO] [StateSyncManager] State sync manager initialized successfully  @ https://res.wx.qq.com/mmbizappmsg/zh_CN/htmledition/js/assets/StreamFriendsList.mqjg9yj29d60ae59.js:0
[    1890ms] [LOG] getRelatedArticleList undefined @ https://res.wx.qq.com/mmbizappmsg/zh_CN/htmledition/js/assets/appmsg.mqjg9yj281480ec8.js:0
[    1994ms] [LOG] [comm_report] reportjson:  {CgiPath: /mp/getbizbanner, Action: , Query: ?__biz=MzU3MDg2NDI4OA==&uin=&key=&pass_ticket=&wxt…%3D&appmsg_token=&x5=0&f=json&user_article_role=0, PostData: , Method: GET} @ https://res.wx.qq.com/mmbizappmsg/zh_CN/htmledition/js/assets/wxwork.mqjg9yj246fa3152.js:0
[    2010ms] [LOG] [comm_report] reportjson:  {CgiPath: /mp/relatedsearchword, Action: getimagekeyword, Query: ?action=getimagekeyword&__biz=MzU3MDg2NDI4OA==&mid…%3D&appmsg_token=&x5=0&f=json&user_article_role=0, PostData: , Method: GET} @ https://res.wx.qq.com/mmbizappmsg/zh_CN/htmledition/js/assets/wxwork.mqjg9yj246fa3152.js:0
[    2011ms] [LOG] [comm_report] reportjson:  {CgiPath: /mp/appmsg_comment, Action: getidentitylist, Query: ?action=getidentitylist&scene=0&register=0&uin=&ke…%3D&appmsg_token=&x5=0&f=json&user_article_role=0, PostData: , Method: GET} @ https://res.wx.qq.com/mmbizappmsg/zh_CN/htmledition/js/assets/wxwork.mqjg9yj246fa3152.js:0
[    2012ms] [LOG] [comm_report] reportjson:  {CgiPath: /mp/appmsg_comment, Action: getcomment, Query: ?action=getcomment&scene=0&appmsgid=2247491929&idx…%3D&appmsg_token=&x5=0&f=json&user_article_role=0, PostData: , Method: GET} @ https://res.wx.qq.com/mmbizappmsg/zh_CN/htmledition/js/assets/wxwork.mqjg9yj246fa3152.js:0
[    2012ms] [LOG] [reportData]:  {count: 4, reportjson0: {"CgiPath":"/mp/getbizbanner","Action":"","Query":…in.qq.com","log_id":36408,"TimeStamp":1781889843}, reportjson1: {"CgiPath":"/mp/relatedsearchword","Action":"getim…in.qq.com","log_id":36408,"TimeStamp":1781889843}, reportjson2: {"CgiPath":"/mp/appmsg_comment","Action":"getident…in.qq.com","log_id":36408,"TimeStamp":1781889843}, reportjson3: {"CgiPath":"/mp/appmsg_comment","Action":"getcomme…in.qq.com","log_id":36408,"TimeStamp":1781889843}} @ https://res.wx.qq.com/mmbizappmsg/zh_CN/htmledition/js/assets/wxwork.mqjg9yj246fa3152.js:0
[    2012ms] [LOG] dedupePromise key=getBiz:false:1 existing=undefined @ https://res.wx.qq.com/mmbizappmsg/zh_CN/htmledition/js/assets/wxwork.mqjg9yj246fa3152.js:0
[    2014ms] [LOG] [comm_report] reportjson:  {CgiPath: /mp/appmsg_comment, Action: getsegment, Query: ?action=getsegment&appmsgid=2247491929&idx=1&comme…%3D&appmsg_token=&x5=0&f=json&user_article_role=0, PostData: modify_detail=%5B%5D&modify_detail_new=%7B%22modif…A1%7D%5D%7D&modify_time=1778677523&linefeed_card=, Method: POST} @ https://res.wx.qq.com/mmbizappmsg/zh_CN/htmledition/js/assets/wxwork.mqjg9yj246fa3152.js:0
[    2015ms] [LOG] segmentlist:  {base_resp: Object, ret: -3, errmsg: no session, cookie_count: 0} @ https://res.wx.qq.com/mmbizappmsg/zh_CN/htmledition/js/assets/wxwork_hidden.mqjg9yj2c5a5df45.js:2
[    2015ms] [LOG] [comm_report] reportjson:  {CgiPath: /mp/frontendcommstore, Action: , Query: ?operate_type=GetServiceData&service_name=phPopove…%3D&appmsg_token=&x5=0&f=json&user_article_role=0, PostData: , Method: GET} @ https://res.wx.qq.com/mmbizappmsg/zh_CN/htmledition/js/assets/wxwork.mqjg9yj246fa3152.js:0
[    2015ms] [ERROR] Unknown error happened. @ https://res.wx.qq.com/mmbizappmsg/zh_CN/htmledition/js/assets/handle_change_inter_identity.mqjg9yj25e0a3fad.js:7
[    2025ms] [LOG] [comm_report] reportjson:  {CgiPath: /mp/getappmsgad, Action: , Query: ?f=json&mockid=&rtx=&uin=&key=&pass_ticket=&wxtoke…%3D&appmsg_token=&x5=0&f=json&user_article_role=0, PostData: r=0.13133772867001103&appmsg_type=9&mid=2247491929…eed_ad=0&both_ad=0&pos_type_list=&vid_list=%5B%5D, Method: POST} @ https://res.wx.qq.com/mmbizappmsg/zh_CN/htmledition/js/assets/wxwork.mqjg9yj246fa3152.js:0
[    2025ms] [INFO] [广告响应请求] {base_resp: Object, ret: -3, errmsg: no session, cookie_count: 0} @ https://res.wx.qq.com/mmbizappmsg/zh_CN/htmledition/js/assets/mp_async.mqjg9yj2f6de205a.js:0
[    2033ms] [LOG] [comm_report] reportjson:  {CgiPath: /mp/getappmsgext, Action: , Query: ?f=json&mock=&uin=&key=&pass_ticket=&wxtoken=777&d…%3D&appmsg_token=&x5=0&f=json&user_article_role=0, PostData: r=0.4283425166640379&__biz=MzU3MDg2NDI4OA%3D%3D&ap…nt_comment_id=4514481740828377090&business_type=0, Method: POST} @ https://res.wx.qq.com/mmbizappmsg/zh_CN/htmledition/js/assets/wxwork.mqjg9yj246fa3152.js:0
[    2033ms] [LOG] [reportData]:  {count: 4, reportjson0: {"CgiPath":"/mp/appmsg_comment","Action":"getsegme…in.qq.com","log_id":36408,"TimeStamp":1781889843}, reportjson1: {"CgiPath":"/mp/frontendcommstore","Action":"","Qu…in.qq.com","log_id":36408,"TimeStamp":1781889843}, reportjson2: {"CgiPath":"/mp/getappmsgad","Action":"","Query":"…in.qq.com","log_id":36408,"TimeStamp":1781889843}, reportjson3: {"CgiPath":"/mp/getappmsgext","Action":"","Query":…in.qq.com","log_id":36408,"TimeStamp":1781889843}} @ https://res.wx.qq.com/mmbizappmsg/zh_CN/htmledition/js/assets/wxwork.mqjg9yj246fa3152.js:0
[    2033ms] [LOG] dedupePromise key=getBiz:false:1 existing=undefined @ https://res.wx.qq.com/mmbizappmsg/zh_CN/htmledition/js/assets/wxwork.mqjg9yj246fa3152.js:0
[    2033ms] [INFO] [(评论、点赞、赞赏) 响应请求]:  Sat Jun 20 2026 01:24:02 GMT+0800 (中国标准时间) {advertisement_info: Array(0), appmsg_album_videos: Array(0), base_resp: Object, effective_content_last_html_node: Array(0), link_component_list: Array(0)} @ https://res.wx.qq.com/mmbizappmsg/zh_CN/htmledition/js/assets/appmsgext.mqjg9yj24621d79f.js:0
[    2034ms] [WARNING] window.ext_complete_success: true @ https://res.wx.qq.com/mmbizappmsg/zh_CN/htmledition/js/assets/appmsg.mqjg9yj281480ec8.js:2
[    2047ms] [LOG] [comm_report] reportjson:  {CgiPath: /mp/appmsg_comment, Action: getextracomment, Query: ?action=getextracomment&appmsgid=2247491929&idx=1&…%3D&appmsg_token=&x5=0&f=json&user_article_role=0, PostData: , Method: GET} @ https://res.wx.qq.com/mmbizappmsg/zh_CN/htmledition/js/assets/wxwork.mqjg9yj246fa3152.js:0
[    2051ms] [LOG] js content size change @ https://res.wx.qq.com/mmbizappmsg/zh_CN/htmledition/js/assets/page_pos.mqjg9yj243577c68.js:0
[    2278ms] [LOG] [comm_report] reportjson:  {CgiPath: /mp/appmsg_comment, Action: getcomment, Query: ?action=getcomment&scene=0&appmsgid=2247491929&idx…%3D&appmsg_token=&x5=0&f=json&user_article_role=0, PostData: , Method: GET} @ https://res.wx.qq.com/mmbizappmsg/zh_CN/htmledition/js/assets/wxwork.mqjg9yj246fa3152.js:0
[    2391ms] [LOG] OpenSDK Frame loaded, build time: 2025-11-17 11:05 @ https://open.weixin.qq.com/pcopensdk/frame:1
[    2411ms] [WARNING] <meta name="apple-mobile-web-app-capable" content="yes"> is deprecated. Please include <meta name="mobile-web-app-capable" content="yes"> @ https://mp.weixin.qq.com/s/gjr4EXjVLRl5_O8DE0MAtQ:0
[    2518ms] [LOG] dedupePromise key=getBiz:false:1 existing=undefined @ https://mp.weixin.qq.com/s/gjr4EXjVLRl5_O8DE0MAtQ:5098
[    2618ms] [LOG] [comm_report] reportjson:  {bizuin: MzU3MDg2NDI4OA==, appmsgid: 2247491929, itemidx: 1, scene: 0, subscene: 0} @ https://res.wx.qq.com/mmbizappmsg/zh_CN/htmledition/js/assets/wxwork.mqjg9yj246fa3152.js:0
[    2718ms] [LOG] [comm_report] reportjson:  {bizuin: MzU3MDg2NDI4OA==, appmsgid: 2247491929, itemidx: 1, scene: 0, subscene: 0} @ https://res.wx.qq.com/mmbizappmsg/zh_CN/htmledition/js/assets/wxwork.mqjg9yj246fa3152.js:0
[    2719ms] [LOG] [reportData]:  {count: 4, reportjson0: {"CgiPath":"/mp/appmsg_comment","Action":"getextra…in.qq.com","log_id":36408,"TimeStamp":1781889843}, reportjson1: {"CgiPath":"/mp/appmsg_comment","Action":"getcomme…in.qq.com","log_id":36408,"TimeStamp":1781889843}, reportjson2: {"bizuin":"MzU3MDg2NDI4OA==","appmsgid":2247491929…mgIndex=0","log_id":34384,"TimeStamp":1781889843}, reportjson3: {"bizuin":"MzU3MDg2NDI4OA==","appmsgid":2247491929…mgIndex=1","log_id":34384,"TimeStamp":1781889843}} @ https://res.wx.qq.com/mmbizappmsg/zh_CN/htmledition/js/assets/wxwork.mqjg9yj246fa3152.js:0
[    2719ms] [LOG] dedupePromise key=getBiz:false:1 existing=undefined @ https://res.wx.qq.com/mmbizappmsg/zh_CN/htmledition/js/assets/wxwork.mqjg9yj246fa3152.js:0
[    3687ms] [ERROR] bottombar-safe-bottom 0 @ https://mp.weixin.qq.com/s/gjr4EXjVLRl5_O8DE0MAtQ:8451
[    7405ms] [LOG] dedupePromise key=getBiz:false:1 existing=undefined @ https://res.wx.qq.com/mmbizappmsg/zh_CN/htmledition/js/assets/wxwork.mqjg9yj246fa3152.js:0
[    7729ms] [LOG] [comm_report] reportjson:  {CgiPath: /mp/appmsgreport, Action: page_time_5s, Query: ?action=page_time_5s&__biz=MzU3MDg2NDI4OA==&uin=&k…%3D&appmsg_token=&x5=0&f=json&user_article_role=0, PostData: report_bizuin=MzU3MDg2NDI4OA%3D%3D&title=%E4%BB%8E…type=&expsessionid=&effective_content_height=6795, Method: POST} @ https://res.wx.qq.com/mmbizappmsg/zh_CN/htmledition/js/assets/wxwork.mqjg9yj246fa3152.js:0
[    8732ms] [LOG] [reportData]:  {count: 1, reportjson0: {"CgiPath":"/mp/appmsgreport","Action":"page_time_…in.qq.com","log_id":36408,"TimeStamp":1781889848}} @ https://res.wx.qq.com/mmbizappmsg/zh_CN/htmledition/js/assets/wxwork.mqjg9yj246fa3152.js:0
[    8732ms] [LOG] dedupePromise key=getBiz:false:1 existing=undefined @ https://res.wx.qq.com/mmbizappmsg/zh_CN/htmledition/js/assets/wxwork.mqjg9yj246fa3152.js:0
[   15330ms] [LOG] https://mmbiz.qpic.cn/sz_mmbiz_png/16lHuWzRRdsGsyUA0RzJYfeaVYK3vAIE6ctiaEc5NltQanJmwxhFwLZdoNEITnzLa6QYcwTd214gdDYB1MIJBDicMCcCuSFqVnYpAXKpqEpMM/640?wx_fmt=png&tp=webp&wxfrom=5&wx_lazy=1#imgIndex=2 img false https://mmbiz.qpic.cn/sz_mmbiz_png/16lHuWzRRdsGsyUA0RzJYfeaVYK3vAIE6ctiaEc5NltQanJmwxhFwLZdoNEITnzLa6QYcwTd214gdDYB1MIJBDicMCcCuSFqVnYpAXKpqEpMM/640?wx_fmt=png#imgIndex=2 @ https://res.wx.qq.com/mmbizappmsg/zh_CN/htmledition/js/assets/appmsg.mqjg9yj281480ec8.js:2
[   16078ms] [LOG] https://mmbiz.qpic.cn/mmbiz_png/16lHuWzRRdsYO6WIQEB3qTg3ezk9eTulEmeZmDr7KoeWV84O2UOaytapicAeicP6xHlSnY3ca88jG8mj5JM7w6vbRibsEookgvZHjsXcBmgDB8/640?wx_fmt=png&tp=webp&wxfrom=5&wx_lazy=1#imgIndex=3 img false https://mmbiz.qpic.cn/mmbiz_png/16lHuWzRRdsYO6WIQEB3qTg3ezk9eTulEmeZmDr7KoeWV84O2UOaytapicAeicP6xHlSnY3ca88jG8mj5JM7w6vbRibsEookgvZHjsXcBmgDB8/640?wx_fmt=png#imgIndex=3 @ https://res.wx.qq.com/mmbizappmsg/zh_CN/htmledition/js/assets/appmsg.mqjg9yj281480ec8.js:2
[   16410ms] [LOG] https://mmbiz.qpic.cn/sz_mmbiz_png/16lHuWzRRdu9Ev4rTKAOkooRH3huAzYeTRib61qHSZHRKQee7OEHsZa8FZztIVABxLknia5icwCbAuKgEENg8Syz6DOTL9KMO1AyZBfgzpVkVk/640?wx_fmt=png&tp=webp&wxfrom=5&wx_lazy=1#imgIndex=4 img false https://mmbiz.qpic.cn/sz_mmbiz_png/16lHuWzRRdu9Ev4rTKAOkooRH3huAzYeTRib61qHSZHRKQee7OEHsZa8FZztIVABxLknia5icwCbAuKgEENg8Syz6DOTL9KMO1AyZBfgzpVkVk/640?wx_fmt=png#imgIndex=4 @ https://res.wx.qq.com/mmbizappmsg/zh_CN/htmledition/js/assets/appmsg.mqjg9yj281480ec8.js:2
[   16512ms] [LOG] [comm_report] reportjson:  {bizuin: MzU3MDg2NDI4OA==, appmsgid: 2247491929, itemidx: 1, scene: 0, subscene: 0} @ https://res.wx.qq.com/mmbizappmsg/zh_CN/htmledition/js/assets/wxwork.mqjg9yj246fa3152.js:0
[   16713ms] [LOG] [comm_report] reportjson:  {bizuin: MzU3MDg2NDI4OA==, appmsgid: 2247491929, itemidx: 1, scene: 0, subscene: 0} @ https://res.wx.qq.com/mmbizappmsg/zh_CN/htmledition/js/assets/wxwork.mqjg9yj246fa3152.js:0
[   17514ms] [LOG] [reportData]:  {count: 2, reportjson0: {"bizuin":"MzU3MDg2NDI4OA==","appmsgid":2247491929…mgIndex=2","log_id":34384,"TimeStamp":1781889857}, reportjson1: {"bizuin":"MzU3MDg2NDI4OA==","appmsgid":2247491929…mgIndex=3","log_id":34384,"TimeStamp":1781889857}} @ https://res.wx.qq.com/mmbizappmsg/zh_CN/htmledition/js/assets/wxwork.mqjg9yj246fa3152.js:0
[   17514ms] [LOG] dedupePromise key=getBiz:false:1 existing=undefined @ https://res.wx.qq.com/mmbizappmsg/zh_CN/htmledition/js/assets/wxwork.mqjg9yj246fa3152.js:0
[  100559ms] [LOG] https://mmbiz.qpic.cn/sz_mmbiz_png/16lHuWzRRdtBIomAIpccPXiajlndZNe97V9yU1t9wXFq7ho1JfF1NxfyM5qQ27Bp4qlOM8Y70spCLY8TDUaIYqSaVIhRMgWjxHp2faTeia3F4/640?wx_fmt=png&tp=webp&wxfrom=5&wx_lazy=1#imgIndex=5 img false https://mmbiz.qpic.cn/sz_mmbiz_png/16lHuWzRRdtBIomAIpccPXiajlndZNe97V9yU1t9wXFq7ho1JfF1NxfyM5qQ27Bp4qlOM8Y70spCLY8TDUaIYqSaVIhRMgWjxHp2faTeia3F4/640?wx_fmt=png#imgIndex=5 @ https://res.wx.qq.com/mmbizappmsg/zh_CN/htmledition/js/assets/appmsg.mqjg9yj281480ec8.js:2
[  100624ms] [LOG] https://mmbiz.qpic.cn/mmbiz_png/16lHuWzRRdsDrp8NzVyuF01UsARvUPHp3zBhsLmjicsH7ibD4ZzhtSabznqkleibs4BIqLLGAWaaCStCQ3XYdMt5Znuh66GZU8w2OdqKKmsv9s/640?wx_fmt=png&tp=webp&wxfrom=5&wx_lazy=1#imgIndex=6 img false https://mmbiz.qpic.cn/mmbiz_png/16lHuWzRRdsDrp8NzVyuF01UsARvUPHp3zBhsLmjicsH7ibD4ZzhtSabznqkleibs4BIqLLGAWaaCStCQ3XYdMt5Znuh66GZU8w2OdqKKmsv9s/640?wx_fmt=png#imgIndex=6 @ https://res.wx.qq.com/mmbizappmsg/zh_CN/htmledition/js/assets/appmsg.mqjg9yj281480ec8.js:2
[  100690ms] [LOG] https://mmbiz.qpic.cn/mmbiz_png/16lHuWzRRdteWlm8rXyeOU3QNTIc4WjibKfFmkTgFdYHfOZkzaibHvUFmOx5M2wD0S1xsAlVFuYI0LVAUjN30UYlwSqZublEqhwv8L0ezskZk/640?wx_fmt=png&tp=webp&wxfrom=5&wx_lazy=1#imgIndex=7 img false https://mmbiz.qpic.cn/mmbiz_png/16lHuWzRRdteWlm8rXyeOU3QNTIc4WjibKfFmkTgFdYHfOZkzaibHvUFmOx5M2wD0S1xsAlVFuYI0LVAUjN30UYlwSqZublEqhwv8L0ezskZk/640?wx_fmt=png#imgIndex=7 @ https://res.wx.qq.com/mmbizappmsg/zh_CN/htmledition/js/assets/appmsg.mqjg9yj281480ec8.js:2
[  101023ms] [LOG] [comm_report] reportjson:  {bizuin: MzU3MDg2NDI4OA==, appmsgid: 2247491929, itemidx: 1, scene: 0, subscene: 0} @ https://res.wx.qq.com/mmbizappmsg/zh_CN/htmledition/js/assets/wxwork.mqjg9yj246fa3152.js:0
[  101424ms] [LOG] [comm_report] reportjson:  {bizuin: MzU3MDg2NDI4OA==, appmsgid: 2247491929, itemidx: 1, scene: 0, subscene: 0} @ https://res.wx.qq.com/mmbizappmsg/zh_CN/htmledition/js/assets/wxwork.mqjg9yj246fa3152.js:0
[  101491ms] [LOG] [comm_report] reportjson:  {bizuin: MzU3MDg2NDI4OA==, appmsgid: 2247491929, itemidx: 1, scene: 0, subscene: 0} @ https://res.wx.qq.com/mmbizappmsg/zh_CN/htmledition/js/assets/wxwork.mqjg9yj246fa3152.js:0
[  101637ms] [LOG] [comm_report] reportjson:  {bizuin: MzU3MDg2NDI4OA==, appmsgid: 2247491929, itemidx: 1, scene: 0, subscene: 0} @ https://res.wx.qq.com/mmbizappmsg/zh_CN/htmledition/js/assets/wxwork.mqjg9yj246fa3152.js:0
[  101637ms] [LOG] [reportData]:  {count: 4, reportjson0: {"bizuin":"MzU3MDg2NDI4OA==","appmsgid":2247491929…mgIndex=4","log_id":34384,"TimeStamp":1781889942}, reportjson1: {"bizuin":"MzU3MDg2NDI4OA==","appmsgid":2247491929…mgIndex=5","log_id":34384,"TimeStamp":1781889942}, reportjson2: {"bizuin":"MzU3MDg2NDI4OA==","appmsgid":2247491929…mgIndex=6","log_id":34384,"TimeStamp":1781889942}, reportjson3: {"bizuin":"MzU3MDg2NDI4OA==","appmsgid":2247491929…mgIndex=7","log_id":34384,"TimeStamp":1781889942}} @ https://res.wx.qq.com/mmbizappmsg/zh_CN/htmledition/js/assets/wxwork.mqjg9yj246fa3152.js:0
[  101638ms] [LOG] dedupePromise key=getBiz:false:1 existing=undefined @ https://res.wx.qq.com/mmbizappmsg/zh_CN/htmledition/js/assets/wxwork.mqjg9yj246fa3152.js:0
[  105526ms] [LOG] https://mmbiz.qpic.cn/sz_mmbiz_png/16lHuWzRRduXY8uhjwB5icFyfib2KibGjzlh1GL3sibxhIaFmfibjfIxJVkQjDDRiaaIB2D3God5pTRibH0Dnych3QczcZjGqd4Zabzzm30eUvqPf8/640?wx_fmt=png&tp=webp&wxfrom=5&wx_lazy=1#imgIndex=8 img false https://mmbiz.qpic.cn/sz_mmbiz_png/16lHuWzRRduXY8uhjwB5icFyfib2KibGjzlh1GL3sibxhIaFmfibjfIxJVkQjDDRiaaIB2D3God5pTRibH0Dnych3QczcZjGqd4Zabzzm30eUvqPf8/640?wx_fmt=png#imgIndex=8 @ https://res.wx.qq.com/mmbizappmsg/zh_CN/htmledition/js/assets/appmsg.mqjg9yj281480ec8.js:2
[  110154ms] [LOG] https://mmbiz.qpic.cn/sz_mmbiz_png/16lHuWzRRdsBBG2x1icPQa1NvhvmIzC1vP0lWl736rsYmOMrBLbBY79oWngTQNZw9HDwGUjibduoulp2BIvNu5mR7icI8Qriadm1lUDCXU9PYsM/640?wx_fmt=png&tp=webp&wxfrom=5&wx_lazy=1#imgIndex=9 img false https://mmbiz.qpic.cn/sz_mmbiz_png/16lHuWzRRdsBBG2x1icPQa1NvhvmIzC1vP0lWl736rsYmOMrBLbBY79oWngTQNZw9HDwGUjibduoulp2BIvNu5mR7icI8Qriadm1lUDCXU9PYsM/640?wx_fmt=png#imgIndex=9 @ https://res.wx.qq.com/mmbizappmsg/zh_CN/htmledition/js/assets/appmsg.mqjg9yj281480ec8.js:2
[  110253ms] [LOG] [comm_report] reportjson:  {bizuin: MzU3MDg2NDI4OA==, appmsgid: 2247491929, itemidx: 1, scene: 0, subscene: 0} @ https://res.wx.qq.com/mmbizappmsg/zh_CN/htmledition/js/assets/wxwork.mqjg9yj246fa3152.js:0
[  110756ms] [LOG] https://mmbiz.qpic.cn/sz_mmbiz_png/16lHuWzRRdtSmu5kk1NVbeXNb9Xr45GriayXRSOccOmzsv6Ll9UWLmJGtgwnEjmENPzbUnJLMBQ4s2wWSs5JYv5Ce1iaZjLAe80icedjJBV9vQ/640?wx_fmt=png&tp=webp&wxfrom=5&wx_lazy=1#imgIndex=10 img false https://mmbiz.qpic.cn/sz_mmbiz_png/16lHuWzRRdtSmu5kk1NVbeXNb9Xr45GriayXRSOccOmzsv6Ll9UWLmJGtgwnEjmENPzbUnJLMBQ4s2wWSs5JYv5Ce1iaZjLAe80icedjJBV9vQ/640?wx_fmt=png#imgIndex=10 @ https://res.wx.qq.com/mmbizappmsg/zh_CN/htmledition/js/assets/appmsg.mqjg9yj281480ec8.js:2
[  111123ms] [LOG] [comm_report] reportjson:  {bizuin: MzU3MDg2NDI4OA==, appmsgid: 2247491929, itemidx: 1, scene: 0, subscene: 0} @ https://res.wx.qq.com/mmbizappmsg/zh_CN/htmledition/js/assets/wxwork.mqjg9yj246fa3152.js:0
[  111254ms] [LOG] [reportData]:  {count: 2, reportjson0: {"bizuin":"MzU3MDg2NDI4OA==","appmsgid":2247491929…mgIndex=8","log_id":34384,"TimeStamp":1781889951}, reportjson1: {"bizuin":"MzU3MDg2NDI4OA==","appmsgid":2247491929…mgIndex=9","log_id":34384,"TimeStamp":1781889952}} @ https://res.wx.qq.com/mmbizappmsg/zh_CN/htmledition/js/assets/wxwork.mqjg9yj246fa3152.js:0
[  111255ms] [LOG] dedupePromise key=getBiz:false:1 existing=undefined @ https://res.wx.qq.com/mmbizappmsg/zh_CN/htmledition/js/assets/wxwork.mqjg9yj246fa3152.js:0
[  111634ms] [LOG] [comm_report] reportjson:  {bizuin: MzU3MDg2NDI4OA==, appmsgid: 2247491929, itemidx: 1, scene: 0, subscene: 0} @ https://res.wx.qq.com/mmbizappmsg/zh_CN/htmledition/js/assets/wxwork.mqjg9yj246fa3152.js:0
[  112635ms] [LOG] [reportData]:  {count: 1, reportjson0: {"bizuin":"MzU3MDg2NDI4OA==","appmsgid":2247491929…gIndex=10","log_id":34384,"TimeStamp":1781889952}} @ https://res.wx.qq.com/mmbizappmsg/zh_CN/htmledition/js/assets/wxwork.mqjg9yj246fa3152.js:0
[  112635ms] [LOG] dedupePromise key=getBiz:false:1 existing=undefined @ https://res.wx.qq.com/mmbizappmsg/zh_CN/htmledition/js/assets/wxwork.mqjg9yj246fa3152.js:0
[  113794ms] [LOG] https://mmbiz.qpic.cn/sz_mmbiz_png/16lHuWzRRdvOPjxibsEvJuWOLJa3x0LplpjiadaB55k47qxBIxHD2eA9XicuKv2upLgibRyEIuFNSjmUP4IvX58Tq6IRG4yVB84OmaiaBnVdNCn8/640?wx_fmt=png&tp=webp&wxfrom=5&wx_lazy=1#imgIndex=11 img false https://mmbiz.qpic.cn/sz_mmbiz_png/16lHuWzRRdvOPjxibsEvJuWOLJa3x0LplpjiadaB55k47qxBIxHD2eA9XicuKv2upLgibRyEIuFNSjmUP4IvX58Tq6IRG4yVB84OmaiaBnVdNCn8/640?wx_fmt=png#imgIndex=11 @ https://res.wx.qq.com/mmbizappmsg/zh_CN/htmledition/js/assets/appmsg.mqjg9yj281480ec8.js:2
[  113893ms] [LOG] https://mmbiz.qpic.cn/mmbiz_png/16lHuWzRRdu7fxXiaUYHFe9V5iac8NFJibD1Tu3gWWicaTcxWcdoBTkP9qdhOlsqrEC9weiagKwNnb407nUpStYNvBWKewLvnCDeAnT3w2AqAfPc/640?wx_fmt=png&tp=webp&wxfrom=5&wx_lazy=1#imgIndex=12 img false https://mmbiz.qpic.cn/mmbiz_png/16lHuWzRRdu7fxXiaUYHFe9V5iac8NFJibD1Tu3gWWicaTcxWcdoBTkP9qdhOlsqrEC9weiagKwNnb407nUpStYNvBWKewLvnCDeAnT3w2AqAfPc/640?wx_fmt=png#imgIndex=12 @ https://res.wx.qq.com/mmbizappmsg/zh_CN/htmledition/js/assets/appmsg.mqjg9yj281480ec8.js:2
[  114394ms] [LOG] [comm_report] reportjson:  {bizuin: MzU3MDg2NDI4OA==, appmsgid: 2247491929, itemidx: 1, scene: 0, subscene: 0} @ https://res.wx.qq.com/mmbizappmsg/zh_CN/htmledition/js/assets/wxwork.mqjg9yj246fa3152.js:0
[  115396ms] [LOG] [reportData]:  {count: 1, reportjson0: {"bizuin":"MzU3MDg2NDI4OA==","appmsgid":2247491929…gIndex=11","log_id":34384,"TimeStamp":1781889955}} @ https://res.wx.qq.com/mmbizappmsg/zh_CN/htmledition/js/assets/wxwork.mqjg9yj246fa3152.js:0
[  115397ms] [LOG] dedupePromise key=getBiz:false:1 existing=undefined @ https://res.wx.qq.com/mmbizappmsg/zh_CN/htmledition/js/assets/wxwork.mqjg9yj246fa3152.js:0
[  118877ms] [LOG] [comm_report] reportjson:  {bizuin: MzU3MDg2NDI4OA==, appmsgid: 2247491929, itemidx: 1, scene: 0, subscene: 0} @ https://res.wx.qq.com/mmbizappmsg/zh_CN/htmledition/js/assets/wxwork.mqjg9yj246fa3152.js:0
[  119879ms] [LOG] [reportData]:  {count: 1, reportjson0: {"bizuin":"MzU3MDg2NDI4OA==","appmsgid":2247491929…gIndex=12","log_id":34384,"TimeStamp":1781889960}} @ https://res.wx.qq.com/mmbizappmsg/zh_CN/htmledition/js/assets/wxwork.mqjg9yj246fa3152.js:0
[  119879ms] [LOG] dedupePromise key=getBiz:false:1 existing=undefined @ https://res.wx.qq.com/mmbizappmsg/zh_CN/htmledition/js/assets/wxwork.mqjg9yj246fa3152.js:0
[  121374ms] [LOG] https://mmbiz.qpic.cn/mmbiz_png/16lHuWzRRduuulYkdT7h6rlnV5L0Qd36upfgTksticsLlhYoKbm8j1FMgx0unvf1D6KNYaDF6ibGQXBE3t2ibtD7aMgzxCT8vYUCIbur4CvZCg/640?wx_fmt=png&tp=webp&wxfrom=5&wx_lazy=1#imgIndex=13 img false https://mmbiz.qpic.cn/mmbiz_png/16lHuWzRRduuulYkdT7h6rlnV5L0Qd36upfgTksticsLlhYoKbm8j1FMgx0unvf1D6KNYaDF6ibGQXBE3t2ibtD7aMgzxCT8vYUCIbur4CvZCg/640?wx_fmt=png#imgIndex=13 @ https://res.wx.qq.com/mmbizappmsg/zh_CN/htmledition/js/assets/appmsg.mqjg9yj281480ec8.js:2
[  123349ms] [LOG] [comm_report] reportjson:  {bizuin: MzU3MDg2NDI4OA==, appmsgid: 2247491929, itemidx: 1, scene: 0, subscene: 0} @ https://res.wx.qq.com/mmbizappmsg/zh_CN/htmledition/js/assets/wxwork.mqjg9yj246fa3152.js:0
[  124215ms] [LOG] https://mmbiz.qpic.cn/sz_mmbiz_png/16lHuWzRRduhuquUJiaQSxaCnZVJHqvAtg3tctDM1ianEI2BRTHBw9EC7ibIE3oaWo1YgsVZH5Pm2HGjcaaAPKkLQSDKjBzp2yaE2xmP7ianwcg/640?wx_fmt=png&tp=webp&wxfrom=5&wx_lazy=1#imgIndex=14 img false https://mmbiz.qpic.cn/sz_mmbiz_png/16lHuWzRRduhuquUJiaQSxaCnZVJHqvAtg3tctDM1ianEI2BRTHBw9EC7ibIE3oaWo1YgsVZH5Pm2HGjcaaAPKkLQSDKjBzp2yaE2xmP7ianwcg/640?wx_fmt=png#imgIndex=14 @ https://res.wx.qq.com/mmbizappmsg/zh_CN/htmledition/js/assets/appmsg.mqjg9yj281480ec8.js:2
[  124346ms] [LOG] https://mmbiz.qpic.cn/sz_mmbiz_png/16lHuWzRRdtpPT3svrgiaibg6U8QCJpVnXLka0a2oibHAlx1VBicXaxuYpzPLm3icWvnVFFQAgVVU4KBcjGYBia6Lv9VcZDNw4useHz7NAguXBD1Q/640?wx_fmt=png&tp=webp&wxfrom=5&wx_lazy=1#imgIndex=15 img false https://mmbiz.qpic.cn/sz_mmbiz_png/16lHuWzRRdtpPT3svrgiaibg6U8QCJpVnXLka0a2oibHAlx1VBicXaxuYpzPLm3icWvnVFFQAgVVU4KBcjGYBia6Lv9VcZDNw4useHz7NAguXBD1Q/640?wx_fmt=png#imgIndex=15 @ https://res.wx.qq.com/mmbizappmsg/zh_CN/htmledition/js/assets/appmsg.mqjg9yj281480ec8.js:2
[  124350ms] [LOG] [reportData]:  {count: 1, reportjson0: {"bizuin":"MzU3MDg2NDI4OA==","appmsgid":2247491929…gIndex=13","log_id":34384,"TimeStamp":1781889964}} @ https://res.wx.qq.com/mmbizappmsg/zh_CN/htmledition/js/assets/wxwork.mqjg9yj246fa3152.js:0
[  124350ms] [LOG] dedupePromise key=getBiz:false:1 existing=undefined @ https://res.wx.qq.com/mmbizappmsg/zh_CN/htmledition/js/assets/wxwork.mqjg9yj246fa3152.js:0
[  124814ms] [LOG] [comm_report] reportjson:  {bizuin: MzU3MDg2NDI4OA==, appmsgid: 2247491929, itemidx: 1, scene: 0, subscene: 0} @ https://res.wx.qq.com/mmbizappmsg/zh_CN/htmledition/js/assets/wxwork.mqjg9yj246fa3152.js:0
[  125815ms] [LOG] [reportData]:  {count: 1, reportjson0: {"bizuin":"MzU3MDg2NDI4OA==","appmsgid":2247491929…gIndex=14","log_id":34384,"TimeStamp":1781889965}} @ https://res.wx.qq.com/mmbizappmsg/zh_CN/htmledition/js/assets/wxwork.mqjg9yj246fa3152.js:0
[  125816ms] [LOG] dedupePromise key=getBiz:false:1 existing=undefined @ https://res.wx.qq.com/mmbizappmsg/zh_CN/htmledition/js/assets/wxwork.mqjg9yj246fa3152.js:0
[  126079ms] [LOG] [comm_report] reportjson:  {bizuin: MzU3MDg2NDI4OA==, appmsgid: 2247491929, itemidx: 1, scene: 0, subscene: 0} @ https://res.wx.qq.com/mmbizappmsg/zh_CN/htmledition/js/assets/wxwork.mqjg9yj246fa3152.js:0
[  127081ms] [LOG] [reportData]:  {count: 1, reportjson0: {"bizuin":"MzU3MDg2NDI4OA==","appmsgid":2247491929…gIndex=15","log_id":34384,"TimeStamp":1781889967}} @ https://res.wx.qq.com/mmbizappmsg/zh_CN/htmledition/js/assets/wxwork.mqjg9yj246fa3152.js:0
[  127082ms] [LOG] dedupePromise key=getBiz:false:1 existing=undefined @ https://res.wx.qq.com/mmbizappmsg/zh_CN/htmledition/js/assets/wxwork.mqjg9yj246fa3152.js:0
[  128317ms] [LOG] https://mmbiz.qpic.cn/mmbiz_png/16lHuWzRRduibT3ljiayr41kc751AfbWniaHw0dFylicNR8iaGdT9TiaVqHUQWpL1p4reKzOWniaS1CN63amhu3w1WZ1cS8cyic9X8T0aqljyvwQFRw/640?wx_fmt=png&tp=webp&wxfrom=5&wx_lazy=1#imgIndex=16 img false https://mmbiz.qpic.cn/mmbiz_png/16lHuWzRRduibT3ljiayr41kc751AfbWniaHw0dFylicNR8iaGdT9TiaVqHUQWpL1p4reKzOWniaS1CN63amhu3w1WZ1cS8cyic9X8T0aqljyvwQFRw/640?wx_fmt=png#imgIndex=16 @ https://res.wx.qq.com/mmbizappmsg/zh_CN/htmledition/js/assets/appmsg.mqjg9yj281480ec8.js:2
[  129284ms] [LOG] [comm_report] reportjson:  {bizuin: MzU3MDg2NDI4OA==, appmsgid: 2247491929, itemidx: 1, scene: 0, subscene: 0} @ https://res.wx.qq.com/mmbizappmsg/zh_CN/htmledition/js/assets/wxwork.mqjg9yj246fa3152.js:0
[  129683ms] [LOG] https://mmbiz.qpic.cn/sz_mmbiz_png/16lHuWzRRdsCQwXHaJzVnnpQZWJTUJK5zCypzVXEmooGI77nEWhsib0x2TBYSloBzRpiaPib2jpm2lPBOElCf4JL69YItzwOYkvkofT945sic8A/640?wx_fmt=png&tp=webp&wxfrom=5&wx_lazy=1#imgIndex=17 img false https://mmbiz.qpic.cn/sz_mmbiz_png/16lHuWzRRdsCQwXHaJzVnnpQZWJTUJK5zCypzVXEmooGI77nEWhsib0x2TBYSloBzRpiaPib2jpm2lPBOElCf4JL69YItzwOYkvkofT945sic8A/640?wx_fmt=png#imgIndex=17 @ https://res.wx.qq.com/mmbizappmsg/zh_CN/htmledition/js/assets/appmsg.mqjg9yj281480ec8.js:2
[  130285ms] [LOG] [reportData]:  {count: 1, reportjson0: {"bizuin":"MzU3MDg2NDI4OA==","appmsgid":2247491929…gIndex=16","log_id":34384,"TimeStamp":1781889970}} @ https://res.wx.qq.com/mmbizappmsg/zh_CN/htmledition/js/assets/wxwork.mqjg9yj246fa3152.js:0
[  130285ms] [LOG] dedupePromise key=getBiz:false:1 existing=undefined @ https://res.wx.qq.com/mmbizappmsg/zh_CN/htmledition/js/assets/wxwork.mqjg9yj246fa3152.js:0
[  131043ms] [LOG] https://mmbiz.qpic.cn/mmbiz_png/16lHuWzRRdseGH1DK8vG1kUhjoUhNsYTvrAibCCjMKM5LVl3aZpR9b7rCJOlk6stxwJZ2tBIuW8n4UUU2dib8bN7Br4LcVviaOKXMY7WKTRSaw/640?wx_fmt=png&tp=webp&wxfrom=5&wx_lazy=1#imgIndex=18 img false https://mmbiz.qpic.cn/mmbiz_png/16lHuWzRRdseGH1DK8vG1kUhjoUhNsYTvrAibCCjMKM5LVl3aZpR9b7rCJOlk6stxwJZ2tBIuW8n4UUU2dib8bN7Br4LcVviaOKXMY7WKTRSaw/640?wx_fmt=png#imgIndex=18 @ https://res.wx.qq.com/mmbizappmsg/zh_CN/htmledition/js/assets/appmsg.mqjg9yj281480ec8.js:2
[  131412ms] [LOG] [comm_report] reportjson:  {bizuin: MzU3MDg2NDI4OA==, appmsgid: 2247491929, itemidx: 1, scene: 0, subscene: 0} @ https://res.wx.qq.com/mmbizappmsg/zh_CN/htmledition/js/assets/wxwork.mqjg9yj246fa3152.js:0
[  131774ms] [LOG] [comm_report] reportjson:  {bizuin: MzU3MDg2NDI4OA==, appmsgid: 2247491929, itemidx: 1, scene: 0, subscene: 0} @ https://res.wx.qq.com/mmbizappmsg/zh_CN/htmledition/js/assets/wxwork.mqjg9yj246fa3152.js:0
[  132413ms] [LOG] [reportData]:  {count: 2, reportjson0: {"bizuin":"MzU3MDg2NDI4OA==","appmsgid":2247491929…gIndex=17","log_id":34384,"TimeStamp":1781889972}, reportjson1: {"bizuin":"MzU3MDg2NDI4OA==","appmsgid":2247491929…gIndex=18","log_id":34384,"TimeStamp":1781889972}} @ https://res.wx.qq.com/mmbizappmsg/zh_CN/htmledition/js/assets/wxwork.mqjg9yj246fa3152.js:0
[  132413ms] [LOG] dedupePromise key=getBiz:false:1 existing=undefined @ https://res.wx.qq.com/mmbizappmsg/zh_CN/htmledition/js/assets/wxwork.mqjg9yj246fa3152.js:0
[  132674ms] [LOG] https://mmbiz.qpic.cn/mmbiz_png/16lHuWzRRduN0qPblMjwf6pciajaN8iaAib6sn82RA3NrL8AMibaiczTxZ5mERd3qzqt44JQclveRictPZHQG0LGewA1d3kgXMypMxP1wUoayeXxQ/640?wx_fmt=png&tp=webp&wxfrom=5&wx_lazy=1#imgIndex=19 img false https://mmbiz.qpic.cn/mmbiz_png/16lHuWzRRduN0qPblMjwf6pciajaN8iaAib6sn82RA3NrL8AMibaiczTxZ5mERd3qzqt44JQclveRictPZHQG0LGewA1d3kgXMypMxP1wUoayeXxQ/640?wx_fmt=png#imgIndex=19 @ https://res.wx.qq.com/mmbizappmsg/zh_CN/htmledition/js/assets/appmsg.mqjg9yj281480ec8.js:2
[  134966ms] [LOG] [comm_report] reportjson:  {bizuin: MzU3MDg2NDI4OA==, appmsgid: 2247491929, itemidx: 1, scene: 0, subscene: 0} @ https://res.wx.qq.com/mmbizappmsg/zh_CN/htmledition/js/assets/wxwork.mqjg9yj246fa3152.js:0
[  135530ms] [LOG] https://mmbiz.qpic.cn/sz_mmbiz_jpg/16lHuWzRRduGicibpHiaC1JsTxkCPus7smutsdTvRib399LPiaMdn66ibW45cc0vsXsdBicic16q6cWNpUBwI9Mp0KXClUo1ztto1oFdaEso3OpGZI0/640?wx_fmt=jpeg&watermark=1&tp=webp&wxfrom=5&wx_lazy=1#imgIndex=20 img true https://mmbiz.qpic.cn/sz_mmbiz_jpg/16lHuWzRRduGicibpHiaC1JsTxkCPus7smutsdTvRib399LPiaMdn66ibW45cc0vsXsdBicic16q6cWNpUBwI9Mp0KXClUo1ztto1oFdaEso3OpGZI0/640?wx_fmt=jpeg&watermark=1#imgIndex=20 @ https://res.wx.qq.com/mmbizappmsg/zh_CN/htmledition/js/assets/appmsg.mqjg9yj281480ec8.js:2
[  135650ms] [LOG] ======all-img-loaded @ https://res.wx.qq.com/mmbizappmsg/zh_CN/htmledition/js/assets/appmsg.mqjg9yj281480ec8.js:2
[  135967ms] [LOG] [reportData]:  {count: 1, reportjson0: {"bizuin":"MzU3MDg2NDI4OA==","appmsgid":2247491929…gIndex=19","log_id":34384,"TimeStamp":1781889976}} @ https://res.wx.qq.com/mmbizappmsg/zh_CN/htmledition/js/assets/wxwork.mqjg9yj246fa3152.js:0
[  135967ms] [LOG] dedupePromise key=getBiz:false:1 existing=undefined @ https://res.wx.qq.com/mmbizappmsg/zh_CN/htmledition/js/assets/wxwork.mqjg9yj246fa3152.js:0
[  136161ms] [LOG] [comm_report] reportjson:  {bizuin: MzU3MDg2NDI4OA==, appmsgid: 2247491929, itemidx: 1, scene: 0, subscene: 0} @ https://res.wx.qq.com/mmbizappmsg/zh_CN/htmledition/js/assets/wxwork.mqjg9yj246fa3152.js:0
[  137163ms] [LOG] [reportData]:  {count: 1, reportjson0: {"bizuin":"MzU3MDg2NDI4OA==","appmsgid":2247491929…gIndex=20","log_id":34384,"TimeStamp":1781889977}} @ https://res.wx.qq.com/mmbizappmsg/zh_CN/htmledition/js/assets/wxwork.mqjg9yj246fa3152.js:0
[  137163ms] [LOG] dedupePromise key=getBiz:false:1 existing=undefined @ https://res.wx.qq.com/mmbizappmsg/zh_CN/htmledition/js/assets/wxwork.mqjg9yj246fa3152.js:0
