[    1716ms] [WARNING] Mixed Content: The page at 'https://mp.weixin.qq.com/s/R-3uPkL88iBndFoWnw9lpA' was loaded over HTTPS, but requested an insecure element 'http://mmbiz.qpic.cn/mmbiz_png/BAby4Fk1HQZCDnChGupgZyfRK8Bs8twy3rbw6gic8GAoiaqoIIVarKvqMgQ1vj4t0UyMNdvaIHmTE2XgzeSFn32Q/0?wx_fmt=png'. This request was automatically upgraded to HTTPS, For more information see https://blog.chromium.org/2019/10/no-more-mixed-messages-about-https.html @ https://mp.weixin.qq.com/s/R-3uPkL88iBndFoWnw9lpA:0
[    1716ms] [WARNING] Mixed Content: The page at 'https://mp.weixin.qq.com/s/R-3uPkL88iBndFoWnw9lpA' was loaded over HTTPS, but requested an insecure element 'http://mmbiz.qpic.cn/mmbiz_png/BAby4Fk1HQZCDnChGupgZyfRK8Bs8twy3rbw6gic8GAoiaqoIIVarKvqMgQ1vj4t0UyMNdvaIHmTE2XgzeSFn32Q/0?wx_fmt=png'. This request was automatically upgraded to HTTPS, For more information see https://blog.chromium.org/2019/10/no-more-mixed-messages-about-https.html @ https://mp.weixin.qq.com/s/R-3uPkL88iBndFoWnw9lpA:0
[    2960ms] [WARNING] Mixed Content: The page at 'https://mp.weixin.qq.com/s/R-3uPkL88iBndFoWnw9lpA' was loaded over HTTPS, but requested an insecure element 'http://mmbiz.qpic.cn/mmbiz_png/BAby4Fk1HQZCDnChGupgZyfRK8Bs8twy3rbw6gic8GAoiaqoIIVarKvqMgQ1vj4t0UyMNdvaIHmTE2XgzeSFn32Q/0?wx_fmt=png'. This request was automatically upgraded to HTTPS, For more information see https://blog.chromium.org/2019/10/no-more-mixed-messages-about-https.html @ https://mp.weixin.qq.com/s/R-3uPkL88iBndFoWnw9lpA:4278
[    2960ms] [WARNING] Mixed Content: The page at 'https://mp.weixin.qq.com/s/R-3uPkL88iBndFoWnw9lpA' was loaded over HTTPS, but requested an insecure element 'http://mmbiz.qpic.cn/mmbiz_png/BAby4Fk1HQZCDnChGupgZyfRK8Bs8twy3rbw6gic8GAoiaqoIIVarKvqMgQ1vj4t0UyMNdvaIHmTE2XgzeSFn32Q/0?wx_fmt=png'. This request was automatically upgraded to HTTPS, For more information see https://blog.chromium.org/2019/10/no-more-mixed-messages-about-https.html @ https://mp.weixin.qq.com/s/R-3uPkL88iBndFoWnw9lpA:4386
[    3058ms] [LOG] hasAllDataColWidth: true @ https://mp.weixin.qq.com/s/R-3uPkL88iBndFoWnw9lpA:37831
[    3058ms] [LOG] hasAllDataColWidth: true @ https://mp.weixin.qq.com/s/R-3uPkL88iBndFoWnw9lpA:37831
[    3058ms] [LOG] hasAllDataColWidth: true @ https://mp.weixin.qq.com/s/R-3uPkL88iBndFoWnw9lpA:37831
[    3058ms] [LOG] hasAllDataColWidth: true @ https://mp.weixin.qq.com/s/R-3uPkL88iBndFoWnw9lpA:37831
[    3058ms] [LOG] hasAllDataColWidth: true @ https://mp.weixin.qq.com/s/R-3uPkL88iBndFoWnw9lpA:37831
[    3058ms] [LOG] allEqual: true @ https://mp.weixin.qq.com/s/R-3uPkL88iBndFoWnw9lpA:37849
[    3058ms] [LOG] allEqual: true @ https://mp.weixin.qq.com/s/R-3uPkL88iBndFoWnw9lpA:37849
[    3058ms] [LOG] allEqual: true @ https://mp.weixin.qq.com/s/R-3uPkL88iBndFoWnw9lpA:37849
[    3058ms] [LOG] allEqual: true @ https://mp.weixin.qq.com/s/R-3uPkL88iBndFoWnw9lpA:37849
[    3058ms] [LOG] allEqual: true @ https://mp.weixin.qq.com/s/R-3uPkL88iBndFoWnw9lpA:37849
[    3082ms] [LOG] tingIsShow, tingHeardCnt   @ https://mp.weixin.qq.com/s/R-3uPkL88iBndFoWnw9lpA:43447
[    3086ms] [LOG] canUseStar, startPersonCnt false  @ https://mp.weixin.qq.com/s/R-3uPkL88iBndFoWnw9lpA:46823
[    3094ms] [LOG] SyntaxError: Unexpected end of JSON input
    at JSON.parse (<anonymous>)
    at __setPageContentBottomData (https://mp.weixin.qq.com/s/R-3uPkL88iBndFoWnw9lpA:48028:77)
    at https://mp.weixin.qq.com/s/R-3uPkL88iBndFoWnw9lpA:48088:5
    at https://mp.weixin.qq.com/s/R-3uPkL88iBndFoWnw9lpA:48094:3 @ https://mp.weixin.qq.com/s/R-3uPkL88iBndFoWnw9lpA:48074
[    5111ms] [ERROR] bottombar-safe-bottom 0 @ https://mp.weixin.qq.com/s/R-3uPkL88iBndFoWnw9lpA:9246
[    5738ms] [LOG] dedupePromise key=getBiz:false:1 existing=undefined @ https://res.wx.qq.com/mmbizappmsg/zh_CN/htmledition/js/assets/wxwork.mqjg9yj246fa3152.js:0
[    5745ms] [LOG] dedupePromise key=getBiz:false:1 existing=[object Promise] @ https://res.wx.qq.com/mmbizappmsg/zh_CN/htmledition/js/assets/wxwork.mqjg9yj246fa3152.js:0
[    5746ms] [LOG] dedupePromise key=getAllBiz:false existing=undefined @ https://res.wx.qq.com/mmbizappmsg/zh_CN/htmledition/js/assets/wxwork.mqjg9yj246fa3152.js:0
[    5746ms] [LOG] dedupePromise key=getWxInfo existing=undefined @ https://res.wx.qq.com/mmbizappmsg/zh_CN/htmledition/js/assets/wxwork.mqjg9yj246fa3152.js:0
[    5746ms] [LOG] dedupePromise key=getBiz:false:1 existing=[object Promise] @ https://res.wx.qq.com/mmbizappmsg/zh_CN/htmledition/js/assets/wxwork.mqjg9yj246fa3152.js:0
[    5752ms] [LOG] dedupePromise key=getBiz:false:1 existing=[object Promise] @ https://res.wx.qq.com/mmbizappmsg/zh_CN/htmledition/js/assets/wxwork.mqjg9yj246fa3152.js:0
[    5752ms] [LOG] dedupePromise key=getAllBiz:false existing=[object Promise] @ https://res.wx.qq.com/mmbizappmsg/zh_CN/htmledition/js/assets/wxwork.mqjg9yj246fa3152.js:0
[    5752ms] [LOG] dedupePromise key=getWxInfo existing=[object Promise] @ https://res.wx.qq.com/mmbizappmsg/zh_CN/htmledition/js/assets/wxwork.mqjg9yj246fa3152.js:0
[    5752ms] [LOG] dedupePromise key=getBiz:false:1 existing=[object Promise] @ https://res.wx.qq.com/mmbizappmsg/zh_CN/htmledition/js/assets/wxwork.mqjg9yj246fa3152.js:0
[    5758ms] [LOG] dedupePromise key=getBiz:false:1 existing=[object Promise] @ https://res.wx.qq.com/mmbizappmsg/zh_CN/htmledition/js/assets/wxwork.mqjg9yj246fa3152.js:0
[    5758ms] [LOG] dedupePromise key=getAllBiz:false existing=[object Promise] @ https://res.wx.qq.com/mmbizappmsg/zh_CN/htmledition/js/assets/wxwork.mqjg9yj246fa3152.js:0
[    5758ms] [LOG] dedupePromise key=getWxInfo existing=[object Promise] @ https://res.wx.qq.com/mmbizappmsg/zh_CN/htmledition/js/assets/wxwork.mqjg9yj246fa3152.js:0
[    5780ms] [LOG] dedupePromise key=getBiz:false:1 existing=[object Promise] @ https://res.wx.qq.com/mmbizappmsg/zh_CN/htmledition/js/assets/wxwork.mqjg9yj246fa3152.js:0
[    5829ms] [LOG] support wcslplayer false @ https://res.wx.qq.com/mmbizappmsg/zh_CN/htmledition/js/assets/cover_next.mqjg9yj23b5fb65b.js:0
[    5834ms] [LOG] canUseStar, startPersonCnt false <%@JsEncode($user_info.appmsg_bar_data.star_num.DATA$)%> @ https://res.wx.qq.com/mmbizappmsg/zh_CN/htmledition/js/assets/set_star.mqjg9yj26b4997a6.js:0
[    5852ms] [LOG] in white list undefined 1781888070126 @ https://res.wx.qq.com/mmbizappmsg/zh_CN/htmledition/js/assets/wxwork_hidden.mqjg9yj2c5a5df45.js:2
[    5854ms] [LOG] dedupePromise key=getBiz:false:1 existing=[object Promise] @ https://res.wx.qq.com/mmbizappmsg/zh_CN/htmledition/js/assets/wxwork.mqjg9yj246fa3152.js:0
[    5858ms] [LOG] dedupePromise key=getBiz:false:1 existing=[object Promise] @ https://res.wx.qq.com/mmbizappmsg/zh_CN/htmledition/js/assets/wxwork.mqjg9yj246fa3152.js:0
[    5861ms] [LOG] dedupePromise key=getBiz:false:1 existing=[object Promise] @ https://res.wx.qq.com/mmbizappmsg/zh_CN/htmledition/js/assets/wxwork.mqjg9yj246fa3152.js:0
[    5864ms] [LOG] [Appmsg comment] start get comment data, url:/mp/appmsg_comment?action=getcomment&scene=0&appmsgid=2247492010&idx=1&__biz=MzU3MDg2NDI4OA==&comment_id=4564813959169835018&offset=0&buffer=&limit=100&send_time=&sessionid=svr_bc88bf15e33&enterid=1781888064&top_content_id=&top_reply_id=&comment_scene=0 @ https://res.wx.qq.com/mmbizappmsg/zh_CN/htmledition/js/assets/appmsg_comment.mqjg9yj27f3460a2.js:4
[    5864ms] [LOG] dedupePromise key=getBiz:false:1 existing=[object Promise] @ https://res.wx.qq.com/mmbizappmsg/zh_CN/htmledition/js/assets/wxwork.mqjg9yj246fa3152.js:0
[    5886ms] [LOG] dedupePromise key=getAllBiz:false existing=[object Promise] @ https://res.wx.qq.com/mmbizappmsg/zh_CN/htmledition/js/assets/wxwork.mqjg9yj246fa3152.js:0
[    5886ms] [LOG] getIdentity========== @ https://res.wx.qq.com/mmbizappmsg/zh_CN/htmledition/js/assets/Identity.mqjg9yj21a5bb17a.js:2
[    5887ms] [LOG] dedupePromise key=getBiz:false:1 existing=[object Promise] @ https://res.wx.qq.com/mmbizappmsg/zh_CN/htmledition/js/assets/wxwork.mqjg9yj246fa3152.js:0
[    5887ms] [INFO] [IndexedDBAdapter] IndexedDB initialized successfully  @ https://res.wx.qq.com/mmbizappmsg/zh_CN/htmledition/js/assets/StreamFriendsList.mqjg9yj29d60ae59.js:0
[    5890ms] [INFO] [图文信息] 三元组: MzU3MDg2NDI4OA== 2247492010 1 @ https://res.wx.qq.com/mmbizappmsg/zh_CN/htmledition/js/assets/appmsg.mqjg9yj281480ec8.js:8
[    5890ms] [INFO] [用户信息] 设备信息: 是否安卓 undefined 是否IOS undefined 是否秒开场景 undefined 系统版本 10_15 用户uin 0 是否小程序内打开 false @ https://res.wx.qq.com/mmbizappmsg/zh_CN/htmledition/js/assets/appmsg.mqjg9yj281480ec8.js:8
[    5891ms] [LOG] wx config web compt result [wxOpen] {err_msg: handleMPPageAction:fail_webcompt unsupported} @ https://res.wx.qq.com/mmbizappmsg/zh_CN/htmledition/js/assets/wxwork.mqjg9yj246fa3152.js:0
[    5893ms] [LOG] dedupePromise key=getBiz:false:1 existing=[object Promise] @ https://res.wx.qq.com/mmbizappmsg/zh_CN/htmledition/js/assets/wxwork.mqjg9yj246fa3152.js:0
[    5898ms] [INFO] [(评论、点赞、赞赏) 发送请求]:  Sat Jun 20 2026 00:54:30 GMT+0800 (中国标准时间) @ https://res.wx.qq.com/mmbizappmsg/zh_CN/htmledition/js/assets/appmsgext.mqjg9yj24621d79f.js:0
[    5900ms] [LOG] dedupePromise key=getBiz:false:1 existing=[object Promise] @ https://res.wx.qq.com/mmbizappmsg/zh_CN/htmledition/js/assets/wxwork.mqjg9yj246fa3152.js:0
[    5901ms] [LOG] dedupePromise key=getBiz:false:1 existing=[object Promise] @ https://res.wx.qq.com/mmbizappmsg/zh_CN/htmledition/js/assets/wxwork.mqjg9yj246fa3152.js:0
[    5903ms] [LOG] ======ad fontScaleCssVars change 1 1 1 @ https://res.wx.qq.com/mmbizappmsg/zh_CN/htmledition/js/assets/a.mqjg9yj2d44f6a58.js:0
[    5910ms] [INFO] [广告发送请求] 是否拉取广告 0 @ https://res.wx.qq.com/mmbizappmsg/zh_CN/htmledition/js/assets/mp_async.mqjg9yj2f6de205a.js:0
[    5910ms] [INFO] [强制广告] 是否强制去掉广告 0 @ https://res.wx.qq.com/mmbizappmsg/zh_CN/htmledition/js/assets/mp_async.mqjg9yj2f6de205a.js:0
[    5910ms] [LOG] dedupePromise key=getBiz:false:1 existing=[object Promise] @ https://res.wx.qq.com/mmbizappmsg/zh_CN/htmledition/js/assets/wxwork.mqjg9yj246fa3152.js:0
[    5915ms] [LOG] [PagePos] init entry @ https://res.wx.qq.com/mmbizappmsg/zh_CN/htmledition/js/assets/appmsg.mqjg9yj281480ec8.js:8
[    5915ms] [LOG] [PagePos] init call @ https://res.wx.qq.com/mmbizappmsg/zh_CN/htmledition/js/assets/page_pos.mqjg9yj243577c68.js:0
[    5922ms] [LOG] [PagePos] commReport leaveReport addReport @ https://res.wx.qq.com/mmbizappmsg/zh_CN/htmledition/js/assets/page_pos.mqjg9yj243577c68.js:0
[    5926ms] [LOG] [Appmsg comment] start get comment data, url:/mp/appmsg_comment?action=getcomment&scene=0&appmsgid=2247492010&idx=1&__biz=MzU3MDg2NDI4OA==&comment_id=4564813959169835018&offset=0&buffer=&limit=100&send_time=&sessionid=svr_bc88bf15e33&enterid=1781888064&top_content_id=&top_reply_id=&comment_scene=0 @ https://res.wx.qq.com/mmbizappmsg/zh_CN/htmledition/js/assets/appmsg_comment.mqjg9yj27f3460a2.js:4
[    5926ms] [LOG] dedupePromise key=getBiz:false:1 existing=[object Promise] @ https://res.wx.qq.com/mmbizappmsg/zh_CN/htmledition/js/assets/wxwork.mqjg9yj246fa3152.js:0
[    5931ms] [WARNING] Mixed Content: The page at 'https://mp.weixin.qq.com/s/R-3uPkL88iBndFoWnw9lpA' was loaded over HTTPS, but requested an insecure element 'http://mmbiz.qpic.cn/mmbiz_png/BAby4Fk1HQZCDnChGupgZyfRK8Bs8twy3rbw6gic8GAoiaqoIIVarKvqMgQ1vj4t0UyMNdvaIHmTE2XgzeSFn32Q/300?wx_fmt=png&wxfrom=18'. This request was automatically upgraded to HTTPS, For more information see https://blog.chromium.org/2019/10/no-more-mixed-messages-about-https.html @ https://mp.weixin.qq.com/s/R-3uPkL88iBndFoWnw9lpA:0
[    5941ms] [INFO] [currentMpInfo]set url {interaction_url: , underline_url: } @ https://res.wx.qq.com/mmbizappmsg/zh_CN/htmledition/js/assets/appmsg.mqjg9yj281480ec8.js:8
[    5948ms] [LOG] https://mmbiz.qpic.cn/sz_mmbiz_png/16lHuWzRRdsXm9sicialdkI0ibyqt9Qnf9nJuB3v9KU8MX2bL8FyrC5aAp5PxYDnrLNJxTj2ag58gmoibnwn2klCumnVNZDia16LSvUvSWHr2bns/640?wx_fmt=png&from=appmsg&watermark=1&tp=webp&wxfrom=5&wx_lazy=1#imgIndex=0 img false https://mmbiz.qpic.cn/sz_mmbiz_png/16lHuWzRRdsXm9sicialdkI0ibyqt9Qnf9nJuB3v9KU8MX2bL8FyrC5aAp5PxYDnrLNJxTj2ag58gmoibnwn2klCumnVNZDia16LSvUvSWHr2bns/640?wx_fmt=png&from=appmsg&watermark=1#imgIndex=0 @ https://res.wx.qq.com/mmbizappmsg/zh_CN/htmledition/js/assets/appmsg.mqjg9yj281480ec8.js:2
[    5972ms] [LOG] dedupePromise key=getBiz:false:1 existing=undefined @ https://mp.weixin.qq.com/s/R-3uPkL88iBndFoWnw9lpA:5893
[    5984ms] [LOG] getRelatedArticleList undefined @ https://res.wx.qq.com/mmbizappmsg/zh_CN/htmledition/js/assets/appmsg.mqjg9yj281480ec8.js:0
[    5984ms] [INFO] [StateSyncManager] State sync manager initialized successfully  @ https://res.wx.qq.com/mmbizappmsg/zh_CN/htmledition/js/assets/StreamFriendsList.mqjg9yj29d60ae59.js:0
[    6025ms] [LOG] dedupePromise key=getBiz:false:1 existing=undefined @ https://mp.weixin.qq.com/s/R-3uPkL88iBndFoWnw9lpA:5893
[    6099ms] [LOG] [comm_report] reportjson:  {CgiPath: /mp/appmsg_comment, Action: getcomment, Query: ?action=getcomment&scene=0&appmsgid=2247492010&idx…%3D&appmsg_token=&x5=0&f=json&user_article_role=0, PostData: , Method: GET} @ https://res.wx.qq.com/mmbizappmsg/zh_CN/htmledition/js/assets/wxwork.mqjg9yj246fa3152.js:0
[    6101ms] [LOG] [comm_report] reportjson:  {CgiPath: /mp/getbizbanner, Action: , Query: ?__biz=MzU3MDg2NDI4OA==&uin=&key=&pass_ticket=&wxt…%3D&appmsg_token=&x5=0&f=json&user_article_role=0, PostData: , Method: GET} @ https://res.wx.qq.com/mmbizappmsg/zh_CN/htmledition/js/assets/wxwork.mqjg9yj246fa3152.js:0
[    6101ms] [LOG] [comm_report] reportjson:  {CgiPath: /mp/relatedsearchword, Action: getimagekeyword, Query: ?action=getimagekeyword&__biz=MzU3MDg2NDI4OA==&mid…%3D&appmsg_token=&x5=0&f=json&user_article_role=0, PostData: , Method: GET} @ https://res.wx.qq.com/mmbizappmsg/zh_CN/htmledition/js/assets/wxwork.mqjg9yj246fa3152.js:0
[    6101ms] [LOG] [comm_report] reportjson:  {CgiPath: /mp/frontendcommstore, Action: , Query: ?operate_type=GetServiceData&service_name=phPopove…%3D&appmsg_token=&x5=0&f=json&user_article_role=0, PostData: , Method: GET} @ https://res.wx.qq.com/mmbizappmsg/zh_CN/htmledition/js/assets/wxwork.mqjg9yj246fa3152.js:0
[    6101ms] [LOG] [reportData]:  {count: 4, reportjson0: {"CgiPath":"/mp/appmsg_comment","Action":"getcomme…in.qq.com","log_id":36408,"TimeStamp":1781888070}, reportjson1: {"CgiPath":"/mp/getbizbanner","Action":"","Query":…in.qq.com","log_id":36408,"TimeStamp":1781888070}, reportjson2: {"CgiPath":"/mp/relatedsearchword","Action":"getim…in.qq.com","log_id":36408,"TimeStamp":1781888070}, reportjson3: {"CgiPath":"/mp/frontendcommstore","Action":"","Qu…in.qq.com","log_id":36408,"TimeStamp":1781888070}} @ https://res.wx.qq.com/mmbizappmsg/zh_CN/htmledition/js/assets/wxwork.mqjg9yj246fa3152.js:0
[    6101ms] [LOG] dedupePromise key=getBiz:false:1 existing=undefined @ https://res.wx.qq.com/mmbizappmsg/zh_CN/htmledition/js/assets/wxwork.mqjg9yj246fa3152.js:0
[    6102ms] [ERROR] Unknown error happened. @ https://res.wx.qq.com/mmbizappmsg/zh_CN/htmledition/js/assets/handle_change_inter_identity.mqjg9yj25e0a3fad.js:7
[    6102ms] [LOG] [comm_report] reportjson:  {CgiPath: /mp/appmsg_comment, Action: getidentitylist, Query: ?action=getidentitylist&scene=0&register=0&uin=&ke…%3D&appmsg_token=&x5=0&f=json&user_article_role=0, PostData: , Method: GET} @ https://res.wx.qq.com/mmbizappmsg/zh_CN/htmledition/js/assets/wxwork.mqjg9yj246fa3152.js:0
[    6102ms] [LOG] [comm_report] reportjson:  {CgiPath: /mp/appmsg_comment, Action: getsegment, Query: ?action=getsegment&appmsgid=2247492010&idx=1&comme…%3D&appmsg_token=&x5=0&f=json&user_article_role=0, PostData: modify_detail=%5B%5D&modify_detail_new=undefined&modify_time=0&linefeed_card=, Method: POST} @ https://res.wx.qq.com/mmbizappmsg/zh_CN/htmledition/js/assets/wxwork.mqjg9yj246fa3152.js:0
[    6103ms] [LOG] segmentlist:  {base_resp: Object, ret: -3, errmsg: no session, cookie_count: 0} @ https://res.wx.qq.com/mmbizappmsg/zh_CN/htmledition/js/assets/wxwork_hidden.mqjg9yj2c5a5df45.js:2
[    6165ms] [LOG] [comm_report] reportjson:  {CgiPath: /mp/getappmsgext, Action: , Query: ?f=json&mock=&uin=&key=&pass_ticket=&wxtoken=777&d…%3D&appmsg_token=&x5=0&f=json&user_article_role=0, PostData: r=0.4188949810354968&__biz=MzU3MDg2NDI4OA%3D%3D&ap…nt_comment_id=4564813972641939457&business_type=0, Method: POST} @ https://res.wx.qq.com/mmbizappmsg/zh_CN/htmledition/js/assets/wxwork.mqjg9yj246fa3152.js:0
[    6165ms] [INFO] [(评论、点赞、赞赏) 响应请求]:  Sat Jun 20 2026 00:54:30 GMT+0800 (中国标准时间) {advertisement_info: Array(0), appmsg_album_videos: Array(0), base_resp: Object, effective_content_last_html_node: Array(0), link_component_list: Array(0)} @ https://res.wx.qq.com/mmbizappmsg/zh_CN/htmledition/js/assets/appmsgext.mqjg9yj24621d79f.js:0
[    6166ms] [WARNING] window.ext_complete_success: true @ https://res.wx.qq.com/mmbizappmsg/zh_CN/htmledition/js/assets/appmsg.mqjg9yj281480ec8.js:2
[    6174ms] [LOG] [comm_report] reportjson:  {CgiPath: /mp/getappmsgad, Action: , Query: ?f=json&mockid=&rtx=&uin=&key=&pass_ticket=&wxtoke…%3D&appmsg_token=&x5=0&f=json&user_article_role=0, PostData: r=0.5199853796868871&appmsg_type=9&mid=2247492010&…eed_ad=0&both_ad=0&pos_type_list=&vid_list=%5B%5D, Method: POST} @ https://res.wx.qq.com/mmbizappmsg/zh_CN/htmledition/js/assets/wxwork.mqjg9yj246fa3152.js:0
[    6174ms] [LOG] [reportData]:  {count: 4, reportjson0: {"CgiPath":"/mp/appmsg_comment","Action":"getident…in.qq.com","log_id":36408,"TimeStamp":1781888070}, reportjson1: {"CgiPath":"/mp/appmsg_comment","Action":"getsegme…in.qq.com","log_id":36408,"TimeStamp":1781888070}, reportjson2: {"CgiPath":"/mp/getappmsgext","Action":"","Query":…in.qq.com","log_id":36408,"TimeStamp":1781888070}, reportjson3: {"CgiPath":"/mp/getappmsgad","Action":"","Query":"…in.qq.com","log_id":36408,"TimeStamp":1781888070}} @ https://res.wx.qq.com/mmbizappmsg/zh_CN/htmledition/js/assets/wxwork.mqjg9yj246fa3152.js:0
[    6174ms] [LOG] dedupePromise key=getBiz:false:1 existing=undefined @ https://res.wx.qq.com/mmbizappmsg/zh_CN/htmledition/js/assets/wxwork.mqjg9yj246fa3152.js:0
[    6174ms] [INFO] [广告响应请求] {base_resp: Object, ret: -3, errmsg: no session, cookie_count: 0} @ https://res.wx.qq.com/mmbizappmsg/zh_CN/htmledition/js/assets/mp_async.mqjg9yj2f6de205a.js:0
[    6175ms] [LOG] [comm_report] reportjson:  {CgiPath: /mp/appmsg_comment, Action: getextracomment, Query: ?action=getextracomment&appmsgid=2247492010&idx=1&…%3D&appmsg_token=&x5=0&f=json&user_article_role=0, PostData: , Method: GET} @ https://res.wx.qq.com/mmbizappmsg/zh_CN/htmledition/js/assets/wxwork.mqjg9yj246fa3152.js:0
[    6189ms] [LOG] js content size change @ https://res.wx.qq.com/mmbizappmsg/zh_CN/htmledition/js/assets/page_pos.mqjg9yj243577c68.js:0
[    6190ms] [LOG] [comm_report] reportjson:  {bizuin: MzU3MDg2NDI4OA==, msgid: 2247492010, idx: 1, sessionid: svr_bc88bf15e33, itemshowtype: 0} @ https://res.wx.qq.com/mmbizappmsg/zh_CN/htmledition/js/assets/wxwork.mqjg9yj246fa3152.js:0
[    6190ms] [LOG] [comm_report] reportjson:  {bizuin: MzU3MDg2NDI4OA==, msgid: 2247492010, idx: 1, sessionid: svr_bc88bf15e33, itemshowtype: 0} @ https://res.wx.qq.com/mmbizappmsg/zh_CN/htmledition/js/assets/wxwork.mqjg9yj246fa3152.js:0
[    6190ms] [LOG] [comm_report] reportjson:  {bizuin: MzU3MDg2NDI4OA==, msgid: 2247492010, idx: 1, sessionid: svr_bc88bf15e33, itemshowtype: 0} @ https://res.wx.qq.com/mmbizappmsg/zh_CN/htmledition/js/assets/wxwork.mqjg9yj246fa3152.js:0
[    6190ms] [LOG] [reportData]:  {count: 4, reportjson0: {"CgiPath":"/mp/appmsg_comment","Action":"getextra…in.qq.com","log_id":36408,"TimeStamp":1781888070}, reportjson1: {"bizuin":"MzU3MDg2NDI4OA==","msgid":2247492010,"i…xptype":"","log_id":27894,"TimeStamp":1781888070}, reportjson2: {"bizuin":"MzU3MDg2NDI4OA==","msgid":2247492010,"i…xptype":"","log_id":27894,"TimeStamp":1781888070}, reportjson3: {"bizuin":"MzU3MDg2NDI4OA==","msgid":2247492010,"i…xptype":"","log_id":27894,"TimeStamp":1781888070}} @ https://res.wx.qq.com/mmbizappmsg/zh_CN/htmledition/js/assets/wxwork.mqjg9yj246fa3152.js:0
[    6190ms] [LOG] dedupePromise key=getBiz:false:1 existing=undefined @ https://res.wx.qq.com/mmbizappmsg/zh_CN/htmledition/js/assets/wxwork.mqjg9yj246fa3152.js:0
[    6191ms] [LOG] [comm_report] reportjson:  {bizuin: MzU3MDg2NDI4OA==, msgid: 2247492010, idx: 1, sessionid: svr_bc88bf15e33, itemshowtype: 0} @ https://res.wx.qq.com/mmbizappmsg/zh_CN/htmledition/js/assets/wxwork.mqjg9yj246fa3152.js:0
[    6242ms] [LOG] OpenSDK Frame loaded, build time: 2025-11-17 11:05 @ https://open.weixin.qq.com/pcopensdk/frame:1
[    6291ms] [WARNING] <meta name="apple-mobile-web-app-capable" content="yes"> is deprecated. Please include <meta name="mobile-web-app-capable" content="yes"> @ https://mp.weixin.qq.com/s/R-3uPkL88iBndFoWnw9lpA:0
[    6590ms] [LOG] [comm_report] reportjson:  {bizuin: MzU3MDg2NDI4OA==, appmsgid: 2247492010, itemidx: 1, scene: 0, subscene: 0} @ https://res.wx.qq.com/mmbizappmsg/zh_CN/htmledition/js/assets/wxwork.mqjg9yj246fa3152.js:0
[    6659ms] [LOG] [comm_report] reportjson:  {CgiPath: /mp/appmsg_comment, Action: getcomment, Query: ?action=getcomment&scene=0&appmsgid=2247492010&idx…%3D&appmsg_token=&x5=0&f=json&user_article_role=0, PostData: , Method: GET} @ https://res.wx.qq.com/mmbizappmsg/zh_CN/htmledition/js/assets/wxwork.mqjg9yj246fa3152.js:0
[    6724ms] [LOG] dedupePromise key=getBiz:false:1 existing=undefined @ https://mp.weixin.qq.com/s/R-3uPkL88iBndFoWnw9lpA:5893
[    7100ms] [LOG] [reportData]:  {count: 3, reportjson0: {"bizuin":"MzU3MDg2NDI4OA==","msgid":2247492010,"i…xptype":"","log_id":27894,"TimeStamp":1781888070}, reportjson1: {"bizuin":"MzU3MDg2NDI4OA==","appmsgid":2247492010…mgIndex=0","log_id":34384,"TimeStamp":1781888071}, reportjson2: {"CgiPath":"/mp/appmsg_comment","Action":"getcomme…in.qq.com","log_id":36408,"TimeStamp":1781888071}} @ https://res.wx.qq.com/mmbizappmsg/zh_CN/htmledition/js/assets/wxwork.mqjg9yj246fa3152.js:0
[    7100ms] [LOG] dedupePromise key=getBiz:false:1 existing=undefined @ https://res.wx.qq.com/mmbizappmsg/zh_CN/htmledition/js/assets/wxwork.mqjg9yj246fa3152.js:0
[   11293ms] [LOG] dedupePromise key=getBiz:false:1 existing=undefined @ https://res.wx.qq.com/mmbizappmsg/zh_CN/htmledition/js/assets/wxwork.mqjg9yj246fa3152.js:0
[   11500ms] [LOG] [comm_report] reportjson:  {CgiPath: /mp/appmsgreport, Action: page_time_5s, Query: ?action=page_time_5s&__biz=MzU3MDg2NDI4OA==&uin=&k…%3D&appmsg_token=&x5=0&f=json&user_article_role=0, PostData: report_bizuin=MzU3MDg2NDI4OA%3D%3D&title=%E6%88%91…ype=&expsessionid=&effective_content_height=25333, Method: POST} @ https://res.wx.qq.com/mmbizappmsg/zh_CN/htmledition/js/assets/wxwork.mqjg9yj246fa3152.js:0
[   12502ms] [LOG] [reportData]:  {count: 1, reportjson0: {"CgiPath":"/mp/appmsgreport","Action":"page_time_…in.qq.com","log_id":36408,"TimeStamp":1781888076}} @ https://res.wx.qq.com/mmbizappmsg/zh_CN/htmledition/js/assets/wxwork.mqjg9yj246fa3152.js:0
[   12503ms] [LOG] dedupePromise key=getBiz:false:1 existing=undefined @ https://res.wx.qq.com/mmbizappmsg/zh_CN/htmledition/js/assets/wxwork.mqjg9yj246fa3152.js:0
[   39490ms] [LOG] https://mmbiz.qpic.cn/sz_mmbiz_png/16lHuWzRRdu3yy5LibPlrxsQuq01D1rW69pruHr640tXHJyhsq3rV8x9V6ds3jkhch0EsaFB9pBW0USlplWiaLVQm4mkMyvI3EqY3Fqfvziaco/640?wx_fmt=png&from=appmsg&watermark=1&tp=webp&wxfrom=5&wx_lazy=1#imgIndex=1 img false https://mmbiz.qpic.cn/sz_mmbiz_png/16lHuWzRRdu3yy5LibPlrxsQuq01D1rW69pruHr640tXHJyhsq3rV8x9V6ds3jkhch0EsaFB9pBW0USlplWiaLVQm4mkMyvI3EqY3Fqfvziaco/640?wx_fmt=png&from=appmsg&watermark=1#imgIndex=1 @ https://res.wx.qq.com/mmbizappmsg/zh_CN/htmledition/js/assets/appmsg.mqjg9yj281480ec8.js:2
[   39886ms] [LOG] js content size change @ https://res.wx.qq.com/mmbizappmsg/zh_CN/htmledition/js/assets/page_pos.mqjg9yj243577c68.js:0
[   40521ms] [LOG] [comm_report] reportjson:  {bizuin: MzU3MDg2NDI4OA==, appmsgid: 2247492010, itemidx: 1, scene: 0, subscene: 0} @ https://res.wx.qq.com/mmbizappmsg/zh_CN/htmledition/js/assets/wxwork.mqjg9yj246fa3152.js:0
[   40956ms] [LOG] https://mmbiz.qpic.cn/sz_mmbiz_png/16lHuWzRRdsRvnibickeXcnAeF1KiaxwEVGJfqAwYCicaaP9yMW3ADr0Zuh7gGUDBicBwqe7IOHXrvBxqowtzzvlWA6f40pSCEl0xlaTbZrJbp88/640?wx_fmt=png&from=appmsg&watermark=1&tp=webp&wxfrom=5&wx_lazy=1#imgIndex=2 img false https://mmbiz.qpic.cn/sz_mmbiz_png/16lHuWzRRdsRvnibickeXcnAeF1KiaxwEVGJfqAwYCicaaP9yMW3ADr0Zuh7gGUDBicBwqe7IOHXrvBxqowtzzvlWA6f40pSCEl0xlaTbZrJbp88/640?wx_fmt=png&from=appmsg&watermark=1#imgIndex=2 @ https://res.wx.qq.com/mmbizappmsg/zh_CN/htmledition/js/assets/appmsg.mqjg9yj281480ec8.js:2
[   41053ms] [LOG] js content size change @ https://res.wx.qq.com/mmbizappmsg/zh_CN/htmledition/js/assets/page_pos.mqjg9yj243577c68.js:0
[   41523ms] [LOG] [reportData]:  {count: 1, reportjson0: {"bizuin":"MzU3MDg2NDI4OA==","appmsgid":2247492010…mgIndex=1","log_id":34384,"TimeStamp":1781888105}} @ https://res.wx.qq.com/mmbizappmsg/zh_CN/htmledition/js/assets/wxwork.mqjg9yj246fa3152.js:0
[   41524ms] [LOG] dedupePromise key=getBiz:false:1 existing=undefined @ https://res.wx.qq.com/mmbizappmsg/zh_CN/htmledition/js/assets/wxwork.mqjg9yj246fa3152.js:0
[   41556ms] [LOG] [comm_report] reportjson:  {bizuin: MzU3MDg2NDI4OA==, appmsgid: 2247492010, itemidx: 1, scene: 0, subscene: 0} @ https://res.wx.qq.com/mmbizappmsg/zh_CN/htmledition/js/assets/wxwork.mqjg9yj246fa3152.js:0
[   41922ms] [LOG] https://mmbiz.qpic.cn/sz_mmbiz_png/16lHuWzRRdsU8Q7hukrBYeKCPUgCibu6vmlHtedDeTK4ViazbIGVYku2HYEiblhURfU7KWJRWmyHJFYdic8dCKIwfibJh9o8DTviahdnozPGroKsM/640?wx_fmt=png&watermark=1&tp=webp&wxfrom=5&wx_lazy=1#imgIndex=3 img false https://mmbiz.qpic.cn/sz_mmbiz_png/16lHuWzRRdsU8Q7hukrBYeKCPUgCibu6vmlHtedDeTK4ViazbIGVYku2HYEiblhURfU7KWJRWmyHJFYdic8dCKIwfibJh9o8DTviahdnozPGroKsM/640?wx_fmt=png&watermark=1#imgIndex=3 @ https://res.wx.qq.com/mmbizappmsg/zh_CN/htmledition/js/assets/appmsg.mqjg9yj281480ec8.js:2
[   42022ms] [LOG] https://mmbiz.qpic.cn/sz_mmbiz_png/16lHuWzRRdtqn1PQRCXSDZ35zMvvgicBzKYictfosACwLiaZRKEwWfib8J4XUMTrHJmtoiaXCkn3eJeZuUwWLzoAGwoO3P2M0qCd8QtF0eze1ffE/640?wx_fmt=png&watermark=1&tp=webp&wxfrom=5&wx_lazy=1#imgIndex=4 img false https://mmbiz.qpic.cn/sz_mmbiz_png/16lHuWzRRdtqn1PQRCXSDZ35zMvvgicBzKYictfosACwLiaZRKEwWfib8J4XUMTrHJmtoiaXCkn3eJeZuUwWLzoAGwoO3P2M0qCd8QtF0eze1ffE/640?wx_fmt=png&watermark=1#imgIndex=4 @ https://res.wx.qq.com/mmbizappmsg/zh_CN/htmledition/js/assets/appmsg.mqjg9yj281480ec8.js:2
[   42052ms] [LOG] js content size change @ https://res.wx.qq.com/mmbizappmsg/zh_CN/htmledition/js/assets/page_pos.mqjg9yj243577c68.js:0
[   42554ms] [LOG] [comm_report] reportjson:  {bizuin: MzU3MDg2NDI4OA==, appmsgid: 2247492010, itemidx: 1, scene: 0, subscene: 0} @ https://res.wx.qq.com/mmbizappmsg/zh_CN/htmledition/js/assets/wxwork.mqjg9yj246fa3152.js:0
[   42557ms] [LOG] [reportData]:  {count: 2, reportjson0: {"bizuin":"MzU3MDg2NDI4OA==","appmsgid":2247492010…mgIndex=2","log_id":34384,"TimeStamp":1781888106}, reportjson1: {"bizuin":"MzU3MDg2NDI4OA==","appmsgid":2247492010…mgIndex=3","log_id":34384,"TimeStamp":1781888107}} @ https://res.wx.qq.com/mmbizappmsg/zh_CN/htmledition/js/assets/wxwork.mqjg9yj246fa3152.js:0
[   42558ms] [LOG] dedupePromise key=getBiz:false:1 existing=undefined @ https://res.wx.qq.com/mmbizappmsg/zh_CN/htmledition/js/assets/wxwork.mqjg9yj246fa3152.js:0
[   42656ms] [LOG] [comm_report] reportjson:  {bizuin: MzU3MDg2NDI4OA==, appmsgid: 2247492010, itemidx: 1, scene: 0, subscene: 0} @ https://res.wx.qq.com/mmbizappmsg/zh_CN/htmledition/js/assets/wxwork.mqjg9yj246fa3152.js:0
[   43657ms] [LOG] [reportData]:  {count: 1, reportjson0: {"bizuin":"MzU3MDg2NDI4OA==","appmsgid":2247492010…mgIndex=4","log_id":34384,"TimeStamp":1781888107}} @ https://res.wx.qq.com/mmbizappmsg/zh_CN/htmledition/js/assets/wxwork.mqjg9yj246fa3152.js:0
[   43658ms] [LOG] dedupePromise key=getBiz:false:1 existing=undefined @ https://res.wx.qq.com/mmbizappmsg/zh_CN/htmledition/js/assets/wxwork.mqjg9yj246fa3152.js:0
[  193136ms] [LOG] https://mmbiz.qpic.cn/mmbiz_png/16lHuWzRRdvpMuBUCLrpGRoMicmvSGxClPzLYCqCFicPrWxWlgHrjiau7I6xTX9bGiaia9nfgLk7x61z5WtqYScjW5K8P2X5ToSywRdWq1fTHupc/640?wx_fmt=png&watermark=1&tp=webp&wxfrom=5&wx_lazy=1#imgIndex=5 img false https://mmbiz.qpic.cn/mmbiz_png/16lHuWzRRdvpMuBUCLrpGRoMicmvSGxClPzLYCqCFicPrWxWlgHrjiau7I6xTX9bGiaia9nfgLk7x61z5WtqYScjW5K8P2X5ToSywRdWq1fTHupc/640?wx_fmt=png&watermark=1#imgIndex=5 @ https://res.wx.qq.com/mmbizappmsg/zh_CN/htmledition/js/assets/appmsg.mqjg9yj281480ec8.js:2
[  193237ms] [LOG] https://mmbiz.qpic.cn/sz_mmbiz_png/16lHuWzRRdvXLcgL0tAnBT8rPHFlBOjwhZMPtRtrZ7td1SZjuKqEWnQSBke0OxOFqd3oZn0VHO5ic6XWq6OXFLsZwBIfBvduhEDoyhz1kXpA/640?wx_fmt=png&watermark=1&tp=webp&wxfrom=5&wx_lazy=1#imgIndex=6 img false https://mmbiz.qpic.cn/sz_mmbiz_png/16lHuWzRRdvXLcgL0tAnBT8rPHFlBOjwhZMPtRtrZ7td1SZjuKqEWnQSBke0OxOFqd3oZn0VHO5ic6XWq6OXFLsZwBIfBvduhEDoyhz1kXpA/640?wx_fmt=png&watermark=1#imgIndex=6 @ https://res.wx.qq.com/mmbizappmsg/zh_CN/htmledition/js/assets/appmsg.mqjg9yj281480ec8.js:2
[  193336ms] [LOG] https://mmbiz.qpic.cn/sz_mmbiz_png/16lHuWzRRdtROevyULkHnWpOCD0NPKw1c7FdMN5aQbBrymoGl9EtzFyVOSKUW86EYibblakaPYovzK0K5p8XPe1GBiamuhxLdq6Kf90dh5G0Q/640?wx_fmt=png&watermark=1&tp=webp&wxfrom=5&wx_lazy=1#imgIndex=7 img false https://mmbiz.qpic.cn/sz_mmbiz_png/16lHuWzRRdtROevyULkHnWpOCD0NPKw1c7FdMN5aQbBrymoGl9EtzFyVOSKUW86EYibblakaPYovzK0K5p8XPe1GBiamuhxLdq6Kf90dh5G0Q/640?wx_fmt=png&watermark=1#imgIndex=7 @ https://res.wx.qq.com/mmbizappmsg/zh_CN/htmledition/js/assets/appmsg.mqjg9yj281480ec8.js:2
[  194174ms] [LOG] [comm_report] reportjson:  {bizuin: MzU3MDg2NDI4OA==, appmsgid: 2247492010, itemidx: 1, scene: 0, subscene: 0} @ https://res.wx.qq.com/mmbizappmsg/zh_CN/htmledition/js/assets/wxwork.mqjg9yj246fa3152.js:0
[  194286ms] [LOG] [comm_report] reportjson:  {bizuin: MzU3MDg2NDI4OA==, appmsgid: 2247492010, itemidx: 1, scene: 0, subscene: 0} @ https://res.wx.qq.com/mmbizappmsg/zh_CN/htmledition/js/assets/wxwork.mqjg9yj246fa3152.js:0
[  194681ms] [LOG] https://mmbiz.qpic.cn/mmbiz_png/16lHuWzRRdvCaEOT2SNAl8ta5HdhCVhbmHjicuUmdBbth3UasSabw8KOQeDPLWVNQsIIPoYwgXPe7hIib5ItrTaad03FKwPXn0yxwApx9SN2A/640?wx_fmt=png&watermark=1&tp=webp&wxfrom=5&wx_lazy=1#imgIndex=8 img false https://mmbiz.qpic.cn/mmbiz_png/16lHuWzRRdvCaEOT2SNAl8ta5HdhCVhbmHjicuUmdBbth3UasSabw8KOQeDPLWVNQsIIPoYwgXPe7hIib5ItrTaad03FKwPXn0yxwApx9SN2A/640?wx_fmt=png&watermark=1#imgIndex=8 @ https://res.wx.qq.com/mmbizappmsg/zh_CN/htmledition/js/assets/appmsg.mqjg9yj281480ec8.js:2
[  194715ms] [LOG] https://mmbiz.qpic.cn/sz_mmbiz_png/16lHuWzRRdvPQfMGVQicS7ictXzUZkeIR5S1pnrTYFPSRU9hgceFdRxd6rxMWAgpxutoCDq1dRKKCZM935ic63jQh4XNulwLbvUyrQJdAtyGnc/640?wx_fmt=png&watermark=1&tp=webp&wxfrom=5&wx_lazy=1#imgIndex=9 img false https://mmbiz.qpic.cn/sz_mmbiz_png/16lHuWzRRdvPQfMGVQicS7ictXzUZkeIR5S1pnrTYFPSRU9hgceFdRxd6rxMWAgpxutoCDq1dRKKCZM935ic63jQh4XNulwLbvUyrQJdAtyGnc/640?wx_fmt=png&watermark=1#imgIndex=9 @ https://res.wx.qq.com/mmbizappmsg/zh_CN/htmledition/js/assets/appmsg.mqjg9yj281480ec8.js:2
[  194748ms] [LOG] https://mmbiz.qpic.cn/mmbiz_png/16lHuWzRRduMKWR1OjsVIgXic3nm7ica5F79rhYPS4vcwyRaFAGsmsYPVq2rKSp1LiaRkGb4VGlqfMnx9kKNBSVEMaKUjZO1hSkVO5ia06WloeU/640?wx_fmt=png&watermark=1&tp=webp&wxfrom=5&wx_lazy=1#imgIndex=10 img false https://mmbiz.qpic.cn/mmbiz_png/16lHuWzRRduMKWR1OjsVIgXic3nm7ica5F79rhYPS4vcwyRaFAGsmsYPVq2rKSp1LiaRkGb4VGlqfMnx9kKNBSVEMaKUjZO1hSkVO5ia06WloeU/640?wx_fmt=png&watermark=1#imgIndex=10 @ https://res.wx.qq.com/mmbizappmsg/zh_CN/htmledition/js/assets/appmsg.mqjg9yj281480ec8.js:2
[  194815ms] [LOG] https://mmbiz.qpic.cn/sz_mmbiz_png/16lHuWzRRdvObmYOQPhCZjKibicVEIJF1btrsw5kxibHzI6ibBJIaIU55cfkSZVU44yZ2pGygwgtYcUce9iaqTY3gibeFYoGMW6UDHhicHOzcx55Bc/640?wx_fmt=png&watermark=1&tp=webp&wxfrom=5&wx_lazy=1#imgIndex=11 img false https://mmbiz.qpic.cn/sz_mmbiz_png/16lHuWzRRdvObmYOQPhCZjKibicVEIJF1btrsw5kxibHzI6ibBJIaIU55cfkSZVU44yZ2pGygwgtYcUce9iaqTY3gibeFYoGMW6UDHhicHOzcx55Bc/640?wx_fmt=png&watermark=1#imgIndex=11 @ https://res.wx.qq.com/mmbizappmsg/zh_CN/htmledition/js/assets/appmsg.mqjg9yj281480ec8.js:2
[  194851ms] [LOG] js content size change @ https://res.wx.qq.com/mmbizappmsg/zh_CN/htmledition/js/assets/page_pos.mqjg9yj243577c68.js:0
[  194886ms] [LOG] https://mmbiz.qpic.cn/sz_mmbiz_png/16lHuWzRRdsqv0AwziaKK254tDThcD10kWuwYuhWzKgxbpw8iaoLK1lB16JMK5O5zZ0ib7V3saxArGpsDvnbqFicQ3mpMpJzycBLCtSl4TBq0dI/640?wx_fmt=png&watermark=1&tp=webp&wxfrom=5&wx_lazy=1#imgIndex=12 img false https://mmbiz.qpic.cn/sz_mmbiz_png/16lHuWzRRdsqv0AwziaKK254tDThcD10kWuwYuhWzKgxbpw8iaoLK1lB16JMK5O5zZ0ib7V3saxArGpsDvnbqFicQ3mpMpJzycBLCtSl4TBq0dI/640?wx_fmt=png&watermark=1#imgIndex=12 @ https://res.wx.qq.com/mmbizappmsg/zh_CN/htmledition/js/assets/appmsg.mqjg9yj281480ec8.js:2
[  195020ms] [LOG] https://mmbiz.qpic.cn/sz_mmbiz_png/16lHuWzRRdsuamzUSntZgExbibMLtp5u3UxJTicKKPWYcCjHPyVl5stPUBRroNVwqqyNicz4DxiaGFIEzicmaueTvspdFicH51wRMNMBYmWvg6J44/640?wx_fmt=png&watermark=1&tp=webp&wxfrom=5&wx_lazy=1#imgIndex=13 img false https://mmbiz.qpic.cn/sz_mmbiz_png/16lHuWzRRdsuamzUSntZgExbibMLtp5u3UxJTicKKPWYcCjHPyVl5stPUBRroNVwqqyNicz4DxiaGFIEzicmaueTvspdFicH51wRMNMBYmWvg6J44/640?wx_fmt=png&watermark=1#imgIndex=13 @ https://res.wx.qq.com/mmbizappmsg/zh_CN/htmledition/js/assets/appmsg.mqjg9yj281480ec8.js:2
[  195153ms] [LOG] js content size change @ https://res.wx.qq.com/mmbizappmsg/zh_CN/htmledition/js/assets/page_pos.mqjg9yj243577c68.js:0
[  195175ms] [LOG] [reportData]:  {count: 2, reportjson0: {"bizuin":"MzU3MDg2NDI4OA==","appmsgid":2247492010…mgIndex=6","log_id":34384,"TimeStamp":1781888258}, reportjson1: {"bizuin":"MzU3MDg2NDI4OA==","appmsgid":2247492010…mgIndex=7","log_id":34384,"TimeStamp":1781888259}} @ https://res.wx.qq.com/mmbizappmsg/zh_CN/htmledition/js/assets/wxwork.mqjg9yj246fa3152.js:0
[  195176ms] [LOG] dedupePromise key=getBiz:false:1 existing=undefined @ https://res.wx.qq.com/mmbizappmsg/zh_CN/htmledition/js/assets/wxwork.mqjg9yj246fa3152.js:0
[  195521ms] [LOG] [comm_report] reportjson:  {bizuin: MzU3MDg2NDI4OA==, appmsgid: 2247492010, itemidx: 1, scene: 0, subscene: 0} @ https://res.wx.qq.com/mmbizappmsg/zh_CN/htmledition/js/assets/wxwork.mqjg9yj246fa3152.js:0
[  195586ms] [LOG] [comm_report] reportjson:  {bizuin: MzU3MDg2NDI4OA==, appmsgid: 2247492010, itemidx: 1, scene: 0, subscene: 0} @ https://res.wx.qq.com/mmbizappmsg/zh_CN/htmledition/js/assets/wxwork.mqjg9yj246fa3152.js:0
[  195654ms] [LOG] [comm_report] reportjson:  {bizuin: MzU3MDg2NDI4OA==, appmsgid: 2247492010, itemidx: 1, scene: 0, subscene: 0} @ https://res.wx.qq.com/mmbizappmsg/zh_CN/htmledition/js/assets/wxwork.mqjg9yj246fa3152.js:0
[  196522ms] [LOG] [reportData]:  {count: 3, reportjson0: {"bizuin":"MzU3MDg2NDI4OA==","appmsgid":2247492010…gIndex=11","log_id":34384,"TimeStamp":1781888260}, reportjson1: {"bizuin":"MzU3MDg2NDI4OA==","appmsgid":2247492010…gIndex=12","log_id":34384,"TimeStamp":1781888260}, reportjson2: {"bizuin":"MzU3MDg2NDI4OA==","appmsgid":2247492010…gIndex=13","log_id":34384,"TimeStamp":1781888260}} @ https://res.wx.qq.com/mmbizappmsg/zh_CN/htmledition/js/assets/wxwork.mqjg9yj246fa3152.js:0
[  196523ms] [LOG] dedupePromise key=getBiz:false:1 existing=undefined @ https://res.wx.qq.com/mmbizappmsg/zh_CN/htmledition/js/assets/wxwork.mqjg9yj246fa3152.js:0
[  673557ms] [LOG] [PagePos] start unloadReport @ https://res.wx.qq.com/mmbizappmsg/zh_CN/htmledition/js/assets/page_pos.mqjg9yj243577c68.js:0
[  673557ms] [LOG] [PagePos] need unloadReport @ https://res.wx.qq.com/mmbizappmsg/zh_CN/htmledition/js/assets/page_pos.mqjg9yj243577c68.js:0
[  673559ms] [LOG] [pagePos] reportByBeacon cookReportData {bizuin: 3570864288, title: 我用AI挖了隐藏N年的组合拳漏洞, msgid: 2247492010, itemidx: 1, SubScene: 10000} @ https://res.wx.qq.com/mmbizappmsg/zh_CN/htmledition/js/assets/page_pos.mqjg9yj243577c68.js:0
[  673559ms] [LOG] [comm_report] reportjson:  {bizuin: 3570864288, title: 我用AI挖了隐藏N年的组合拳漏洞, msgid: 2247492010, itemidx: 1, SubScene: 10000} @ https://res.wx.qq.com/mmbizappmsg/zh_CN/htmledition/js/assets/wxwork.mqjg9yj246fa3152.js:0
[  673560ms] [LOG] reportByBeacon "%7B%22bizuin%22%3A3570864288%2C%22title%22%3A%22%E6%88%91%E7%94%A8AI%E6%8C%96%E4%BA%86%E9%9A%90%E8%97%8FN%E5%B9%B4%E7%9A%84%E7%BB%84%E5%90%88%E6%8B%B3%E6%BC%8F%E6%B4%9E%22%2C%22msgid%22%3A2247492010%2C%22itemidx%22%3A1%2C%22SubScene%22%3A10000%2C%22SessionId%22%3A%22svr_bc88bf15e33%22%2C%22EnterId%22%3A1781888064%2C%22ReadCnt%22%3A0%2C%22OldLikeCnt%22%3A0%2C%22LikeCnt%22%3A0%2C%22ScreenWidth%22%3A1200%2C%22ScreenHeight%22%3A808%2C%22ScreenNum%22%3A32%2C%22idkey%22%3A%2228307_84_14%3B330742_15_14%3B28307_78_14%3B28307_80_14%3B28307_85_14%3B28307_87_14%3B28307_64_1%3B27822_121_1701%3B27822_122_9%3B326818_79_1%3B330742_4_1%3B330742_5_1%3B330742_18_1%3B330742_6_1%22%2C%22CopyrightStat%22%3A1%2C%22OriArticleTypeStr%22%3A%22%22%2C%22VideoCnt%22%3A0%2C%22ReadScreenNum%22%3A8%2C%22IsFinishedRead%22%3A0%2C%22scene%22%3A10000%2C%22ContentLen%22%3A4013000%2C%22StartTimeMs%22%3A1781888067234%2C%22starttime%22%3A1781888067234%2C%22EndTimeMs%22%3A1781888737840%2C%22endtime%22%3A1781888737840%2C%22HandupTime%22%3A0%2C%22InactiveTime%22%3A0%2C%22InactiveTime1%22%3A667000%2C%22InactiveTime2%22%3A667000%2C%22TotalHeight%22%3A25365%2C%22ExitHeight%22%3A5670%2C%22img_640_cnt%22%3A14%2C%22img_0_cnt%22%3A0%2C%22img_300_cnt%22%3A0%2C%22WTime%22%3A6288%2C%22FTime%22%3A2958%2C%22PTime%22%3A5842%2C%22OnLoadTime%22%3A6288%2C%22RewardHeadsTotal%22%3A0%2C%22RewardHeadsFail%22%3A0%2C%22OuterPic%22%3A0%2C%22PublishTime%22%3A1781697600%2C%22ItemShowType%22%3A0%2C%22PageReqInfo%22%3A%22%7B%5C%22startGetAppmsgExtTime%5C%22%3A1781888070214%2C%5C%22startGetAppmsgAdTime%5C%22%3A1781888070215%2C%5C%22receiveGetAppmsgExt%5C%22%3A%5C%22200%7C1781888070446%5C%22%2C%5C%22receiveGetAppmsgAd%5C%22%3A%5C%22200%7C1781888070455%5C%22%2C%5C%22domCompleteTime%5C%22%3A1781888070215%7D%22%2C%22IsDarkmode%22%3A0%2C%22FromMasonry%22%3A1%2C%22AlbumInfo%22%3A%22%7B%5C%22albumid%5C%22%3A%5C%22%5C%22%2C%5C%22iswxanovel%5C%22%3A0%7D%22%2C%22IsTransformFromFinder%22%3A0%2C%22RecReqIDNew%22%3A0%2C%22CurFontSize%22%3A0%2C%22SearchClickId%22%3A%22%22%2C%22webp_total%22%3A1%2C%22webp_lossy%22%3A1%2C%22webp_lossless%22%3A1%2C%22webp_alpha%22%3A1%2C%22webp_animation%22%3A1%2C%22download_cdn_webp_img_cnt%22%3A14%2C%22DownloadImgCnt%22%3A14%2C%22download_cdn_img_cnt%22%3A14%2C%22ImgCnt%22%3A51%2C%22ReportTime%22%3A1781888737%2C%22img_png_cnt%22%3A3%2C%22ImgViewCount%22%3A0%2C%22source%22%3A%22%22%2C%22ReqID%22%3A%222000MZuQ4hFebzT6ThCHXECD%22%2C%22recommend_version%22%3A%22%22%2C%22class_id%22%3A%22%22%2C%22GetA8KeyScene%22%3A0%2C%22HotSpotJson%22%3A%22%7B%5C%22hotspotinfolist%5C%22%3A%5B%5D%7D%22%2C%22IfPaidArticle%22%3A0%2C%22IsPaid%22%3A0%2C%22Preview%22%3A0%2C%22IsFinished%22%3A0%2C%22Price%22%3A0%2C%22PaidCnt%22%3A0%2C%22WorthyCnt%22%3A0%2C%22ExpType%22%3A%22%22%2C%22ExpSessionId%22%3A%22%22%2C%22EffectiveContentHeight%22%3A25333%2C%22IsTempUrl%22%3A2%2C%22log_id%22%3A10945%2C%22TimeStamp%22%3A1781888738%7D" @ https://res.wx.qq.com/mmbizappmsg/zh_CN/htmledition/js/assets/wxwork.mqjg9yj246fa3152.js:0
